 ____                                        ____  _   _  ___
|  _ \ _ __ ___   __ _ _ __ __ _ _ __ ___   |  _ \| | | |/ _ \
| |_) | '__/ _ \ / _` | '__/ _` | '_ ` _ \  | | | | | | | | | |
|  __/| | | (_) | (_| | | | (_| | | | | | | | |_| | |_| | |_| |
|_|   |_|  \___/ \__, |_|  \__,_|_| |_| |_| |____/ \___/ \___/
                 |___/


Please refer to:
 Sergei N. Yurchenko, Lorenzo Lodi, Jonathan Tennyson and Andrey V. Stolyarov, 
 `DUO: A general program for calculating spectra of diatomic molecules',
  Computer Physics Communication, Volume 202, May 2016, pages 262-275
  Contacts: s.yurchenko@ucl.ac.uk; l.lodi@ucl.ac.uk; j.tennyson@ucl.ac.uk; 
            avstol@phys.chem.msu.ru
  http://arxiv.org/abs/1601.06531
  Check https://github.com/Trovemaster for the latest version!

Values of physical constants used by DUO:
                    Planck constant h =   6.626069570000E-27    erg*second
                     Speed of light c =     29979245800.0000     cm/second
                       Bohr radius a0 =      0.5291772109200     angstroms
                    Hartree energy Eh =    219474.6313708000         cm^-1
           Unified atomic mass unit u =   1.660538921000E-24         grams
           Unified atomic mass unit u =   1822.8884861185961            me
                    Electron charge e =   1.602176565000E-19      Coulombs
                Boltzmann constant kB =   1.380648800000E-16    erg/Kelvin
                Boltzmann constant kB =   0.6950347606422950  cm^-1/Kelvin
                    Avogadro constant =   6.022141290000E+23        mol^-1
      Fine structure constant 1/alpha =   137.03599907466793
                     Electron mass me =   9.109382903261E-28         grams
                  a.u. of dipole e*a0 =       2.541746363812        debyes
                          1 erg      =>   1.000000000000E-07         Joule
                          1 erg      =>   5.034117008194E+15         cm^-1
                          1 eV       =>      8065.5442959967         cm^-1
                          1 kCal/mol =>       349.7550878997         cm^-1
                          1 kJ/mol   =>        83.5934722514         cm^-1
                          1 THz      =>        33.3564095198         cm^-1

(Transcript of the input --->)
( DUO Input for X1Sigma+, A1Sigma+, b3Pi coupled states example )
( Based on Kruzins et al. model for RbCs A-b complex )
( Parameters from J. Chem. Phys. 141, 184309 (2014) supplementary data )

( === Global Setup === )

atoms Rb-87 Cs-133
nstates 1
jrot 0, 1


(Symmetry is Cs(M) for heternuclear and C2v(M) for homonuclear)
symmetry Cs(M)


grid
npoints  800
range  2.5, 15.0
type 0
end

(here: defining the vibration basis for the uncoupled problem: should be larger than in EigenSolver !)
VibrationalBasis
vmax 50
end

(here: enermax is for all J and the coupled problem)
EigenSolver
nroots 2
ZPE 24.794637558396
end

do_not_shift_pecs


( === Potential Energy Curves === )
( State 1: X 1Sigma+ ground state )
poten 1
name "X1Sigma+"
symmetry +
lambda 0
mult  1
units cm-1
units angstroms
type grid
Interpolationtype Cubicsplines
values
2.800000 13071.271547
2.825814 12221.936011
2.851628 11434.746517
2.877442 10704.653737
2.903256 10027.058685
2.929070 9397.769035
2.954884 8812.960018
2.980698 8269.139371
3.006512 7763.115891
3.032326 7291.971211
3.058140 6853.034416
3.083953 6443.859220
3.109767 6062.203412
3.135581 5706.010327
3.161395 5373.392147
3.187209 5062.614806
3.213023 4772.084369
3.238837 4500.334707
3.264651 4246.016337
3.290465 4007.886329
3.316279 3784.319553
3.342093 3570.090785
3.367907 3364.980042
3.393721 3168.564523
3.419535 2980.448266
3.445349 2800.268166
3.471163 2627.694001
3.496977 2462.426370
3.522791 2304.194035
3.548605 2152.751132
3.574419 2007.874408
3.600233 1869.360510
3.626047 1737.023375
3.651860 1610.691771
3.677674 1490.207023
3.703488 1375.420956
3.729302 1266.194093
3.755116 1162.394085
3.780930 1063.894382
3.806744 970.573122
3.832558 882.312205
3.858372 798.996538
3.884186 720.513420
3.910000 646.752048
3.935814 577.603112
3.961628 512.958483
3.987442 452.710962
4.013256 396.754089
4.039070 344.982003
4.064884 297.289338
4.090698 253.571161
4.116512 213.722940
4.142326 177.640532
4.168140 145.220201
4.193953 116.358650
4.219767 90.953072
4.245581 68.901206
4.271395 50.101411
4.297209 34.452734
4.323023 21.854995
4.348837 12.208865
4.374651 5.415943
4.400465 1.378837
4.426279 0.001238
4.452093 1.187989
4.477907 4.845156
4.503721 10.880084
4.529535 19.201458
4.555349 29.719349
4.581163 42.345265
4.606977 56.992185
4.632791 73.574602
4.658605 92.008544
4.684419 112.211609
4.710233 134.102981
4.736047 157.603452
4.761860 182.635432
4.787674 209.122965
4.813488 236.991731
4.839302 266.169059
4.865116 296.583922
4.890930 328.166940
4.916744 360.850382
4.942558 394.568154
4.968372 429.255800
4.994186 464.850492
5.020000 501.291019
5.045814 538.517781
5.071628 576.472770
5.097442 615.099567
5.123256 654.343317
5.149070 694.150723
5.174884 734.470025
5.200698 775.250984
5.226512 816.444869
5.252326 858.004434
5.278140 899.883902
5.303953 942.038947
5.329767 984.426677
5.355581 1027.005609
5.381395 1069.735659
5.407209 1112.578115
5.433023 1155.495620
5.458837 1198.452156
5.484651 1241.413021
5.510465 1284.344811
5.536279 1327.215401
5.562093 1369.993927
5.587907 1412.650766
5.613721 1455.157515
5.639535 1497.486978
5.665349 1539.613139
5.691163 1581.511152
5.716977 1623.157315
5.742791 1664.529054
5.768605 1705.604905
5.794419 1746.364494
5.820233 1786.788516
5.846047 1826.858719
5.871860 1866.557883
5.897674 1905.869800
5.923488 1944.779256
5.949302 1983.272007
5.975116 2021.334763
6.000930 2058.955167
6.026744 2096.121771
6.052558 2132.824019
6.078372 2169.052222
6.104186 2204.797539
6.130000 2240.051955
6.155814 2274.808259
6.181628 2309.060019
6.207442 2342.801563
6.233256 2376.027955
6.259070 2408.734972
6.284884 2440.919082
6.310698 2472.577418
6.336512 2503.707759
6.362326 2534.308502
6.388140 2564.378645
6.413953 2593.917755
6.439767 2622.925954
6.465581 2651.403887
6.491395 2679.352708
6.517209 2706.774049
6.543023 2733.670000
6.568837 2760.043088
6.594651 2785.896255
6.620465 2811.232832
6.646279 2836.056520
6.672093 2860.371368
6.697907 2884.181752
6.723721 2907.492357
6.749535 2930.308150
6.775349 2952.634366
6.801163 2974.476487
6.826977 2995.840223
6.852791 3016.731493
6.878605 3037.156408
6.904419 3057.121254
6.930233 3076.632473
6.956047 3095.696650
6.981860 3114.320494
7.007674 3132.510825
7.033488 3150.274561
7.059302 3167.618699
7.085116 3184.550306
7.110930 3201.076505
7.136744 3217.204464
7.162558 3232.941380
7.188372 3248.294474
7.214186 3263.270974
7.240000 3277.878113
7.265814 3292.123111
7.291628 3306.013173
7.317442 3319.555477
7.343256 3332.757166
7.369070 3345.625343
7.394884 3358.167062
7.420698 3370.389323
7.446512 3382.299067
7.472326 3393.903167
7.498140 3405.208426
7.523953 3416.221572
7.549767 3426.949252
7.575581 3437.398030
7.601395 3447.574385
7.627209 3457.484703
7.653023 3467.135279
7.678837 3476.532312
7.704651 3485.681903
7.730465 3494.590057
7.756279 3503.262673
7.782093 3511.705552
7.807907 3519.924390
7.833721 3527.924780
7.859535 3535.712209
7.885349 3543.292059
7.911163 3550.669609
7.936977 3557.850029
7.962791 3564.838387
7.988605 3571.639645
8.014419 3578.258660
8.040233 3584.700185
8.066047 3590.968871
8.091860 3597.069265
8.117674 3603.005813
8.143488 3608.782862
8.169302 3614.404656
8.195116 3619.875344
8.220930 3625.198977
8.246744 3630.379508
8.272558 3635.420798
8.298372 3640.326614
8.324186 3645.100632
8.350000 3649.746435
8.375814 3654.267521
8.401628 3658.667298
8.427442 3662.949089
8.453256 3667.116133
8.479070 3671.171587
8.504884 3675.118526
8.530698 3678.959946
8.556512 3682.698765
8.582326 3686.337825
8.608140 3689.879892
8.633953 3693.327660
8.659767 3696.683752
8.685581 3699.950719
8.711395 3703.131046
8.737209 3706.227150
8.763023 3709.241382
8.788837 3712.176028
8.814651 3715.033315
8.840465 3717.815407
8.866279 3720.524407
8.892093 3723.162362
8.917907 3725.731262
8.943721 3728.233042
8.969535 3730.669581
8.995349 3733.042708
9.021163 3735.354199
9.046977 3737.605780
9.072791 3739.799130
9.098605 3741.935879
9.124419 3744.017611
9.150233 3746.045865
9.176047 3748.022137
9.201860 3749.947878
9.227674 3751.824501
9.253488 3753.653375
9.279302 3755.435832
9.305116 3757.173165
9.330930 3758.866630
9.356744 3760.517447
9.382558 3762.126799
9.408372 3763.695837
9.434186 3765.225678
9.460000 3766.717407
9.485814 3768.172077
9.511628 3769.590710
9.537442 3770.974300
9.563256 3772.323811
9.589070 3773.640180
9.614884 3774.924315
9.640698 3776.177099
9.666512 3777.399390
9.692326 3778.592020
9.718140 3779.755798
9.743953 3780.891509
9.769767 3781.999914
9.795581 3783.081754
9.821395 3784.137749
9.847209 3785.168595
9.873023 3786.174972
9.898837 3787.157537
9.924651 3788.116931
9.950465 3789.053774
9.976279 3789.968670
10.002093 3790.862206
10.027907 3791.734950
10.053721 3792.587455
10.079535 3793.420259
10.105349 3794.233884
10.131163 3795.028837
10.156977 3795.805610
10.182791 3796.564682
10.208605 3797.306518
10.234419 3798.031570
10.260233 3798.740277
10.286047 3799.433065
10.311860 3800.110349
10.337674 3800.772532
10.363488 3801.420004
10.389302 3802.053145
10.415116 3802.672326
10.440930 3803.277904
10.466744 3803.870228
10.492558 3804.449638
10.518372 3805.016462
10.544186 3805.571020
10.570000 3806.113622
10.595814 3806.644570
10.621628 3807.164158
10.647442 3807.672671
10.673256 3808.170384
10.699070 3808.657567
10.724884 3809.134481
10.750698 3809.601380
10.776512 3810.058510
10.802326 3810.506112
10.828140 3810.944418
10.853953 3811.373655
10.879767 3811.794042
10.905581 3812.205795
10.931395 3812.609122
10.957209 3813.004226
10.983023 3813.391304
11.008837 3813.770549
11.034651 3814.142149
11.060465 3814.506287
11.086279 3814.863142
11.112093 3815.212890
11.137907 3815.555702
11.163721 3815.891746
11.189535 3816.221187
11.215349 3816.544187
11.241163 3816.860906
11.266977 3817.171501
11.292791 3817.476129
11.318605 3817.774944
11.344419 3818.068101
11.370233 3818.355751
11.396047 3818.638048
11.421860 3818.915145
11.447674 3819.187196
11.473488 3819.454357
11.499302 3819.716785
11.525116 3819.972653
11.550930 3820.223694
11.576744 3820.470067
11.602558 3820.711874
11.628372 3820.949216
11.654186 3821.182192
11.680000 3821.410898
11.705814 3821.635427
11.731628 3821.855870
11.757442 3822.072316
11.783256 3822.284851
11.809070 3822.493560
11.834884 3822.698525
11.860698 3822.899825
11.886512 3823.097539
11.912326 3823.291744
11.938140 3823.482513
11.963953 3823.669918
11.989767 3823.854032
12.015581 3824.034922
12.041395 3824.212656
12.067209 3824.387299
12.093023 3824.558915
12.118837 3824.727568
12.144651 3824.893317
12.170465 3825.056223
12.196279 3825.216343
12.222093 3825.373735
12.247907 3825.528453
12.273721 3825.680551
12.299535 3825.830083
12.325349 3825.977099
12.351163 3826.121650
12.376977 3826.263786
12.402791 3826.403553
12.428605 3826.541000
12.454419 3826.676171
12.480233 3826.809112
12.506047 3826.939866
12.531860 3827.068476
12.557674 3827.194983
12.583488 3827.319429
12.609302 3827.441852
12.635116 3827.562293
12.660930 3827.680789
12.686744 3827.797377
12.712558 3827.912093
12.738372 3828.024974
12.764186 3828.136054
12.790000 3828.245366
12.815814 3828.352945
12.841628 3828.458823
12.867442 3828.563031
12.893256 3828.665600
12.919070 3828.766562
12.944884 3828.865945
12.970698 3828.963779
12.996512 3829.060093
13.022326 3829.154914
13.048140 3829.248269
13.073953 3829.340185
13.099767 3829.430689
13.125581 3829.519805
13.151395 3829.607560
13.177209 3829.693977
13.203023 3829.779080
13.228837 3829.862893
13.254651 3829.945439
13.280465 3830.026741
13.306279 3830.106819
13.332093 3830.185697
13.357907 3830.263395
13.383721 3830.339934
13.409535 3830.415335
13.435349 3830.489616
13.461163 3830.562798
13.486977 3830.634899
13.512791 3830.705939
13.538605 3830.775935
13.564419 3830.844906
13.590233 3830.912869
13.616047 3830.979842
13.641860 3831.045840
13.667674 3831.110882
13.693488 3831.174983
13.719302 3831.238159
13.745116 3831.300425
13.770930 3831.361797
13.796744 3831.422290
13.822558 3831.481919
13.848372 3831.540698
13.874186 3831.598641
13.900000 3831.655762
end


checkpoint
eigenfunc save
filename chk/X
end
(<--- End of the input.)

Atom #1 specified as: Rb-87
Information from the internal database:
Nuclide full name          = Rubidium-87
Element name               = Rubidium
Element symbol             = Rb
Nuclear charge Z           =    37
Atomic mass                =      86.909180531000 +/-  6.00E-09 Daltons
Nuclear mass               =      86.888883074364   (=atomic mass - Z*me)
Nuclear mass + core elec.  =      86.908631951091   (=nuclear mass +  36*me)
Nuclear spin               =   1.5 hbar
Nuclear stability          = Radioactive nuclide (primordial)
Half-life                  =      1.554E+18 seconds (     49.228 billion years)
Natural isotopic abundance =    27.830000 %

Using the following mass m1 =           86.909180531000

Atom #2 specified as: Cs-133
Information from the internal database:
Nuclide full name          = Caesium-133
Element name               = Caesium
Element symbol             = Cs
Nuclear charge Z           =    55
Atomic mass                =     132.905451961000 +/-  8.00E-09 Daltons
Nuclear mass               =     132.875280066000   (=atomic mass - Z*me)
Nuclear mass + core elec.  =     132.904903381091   (=nuclear mass +  54*me)
Nuclear spin               =   3.5 hbar
Nuclear stability          = Stable nuclide
Natural isotopic abundance =   100.000000 %

Using the following mass m2 =          132.905451961000

Reduced mass is      52.5474750569805         atomic mass units (Daltons)
Reduced mass is      95788.1872559738         atomic units (electron masses)

Using a uniformly spaced grid with npoints =             800
rmin, rmax, step (in ang)   =          2.50000000000000        15.00000000000000         0.01564455569462
rmin, rmax, step (in bohrs) =          4.72431531141265        28.34589186847593         0.02956392560333

Generate a grid representation for all Hamiltonian terms

Extrapolating at short bond length curve X1Sigma+ (class POTEN)
Using A + B/r extrapolation; points added =                   20

Extrapolating at long bond length curve X1Sigma+ (class POTEN)
Using De + A/r^6 extrapolation; points added =                   20
...done!


Potential functions:
     1                        X1Sigma+  type =                 GRID
            r(Ang)                     1
        2.50000000        2.42283069E+04
        2.51564456        2.35807161E+04
        2.53128911        2.29411343E+04
        2.54693367        2.23094061E+04
        2.56257822        2.16853930E+04
        2.57822278        2.10689522E+04
        2.59386733        2.04599475E+04
        2.60951189        1.98582451E+04
        2.62515645        1.92637143E+04
        2.64080100        1.86762277E+04
        2.65644556        1.80956608E+04
        2.67209011        1.75218922E+04
        2.68773467        1.69548030E+04
        2.70337922        1.63942775E+04
        2.71902378        1.58402017E+04
        2.73466834        1.52924675E+04
        2.75031289        1.47509567E+04
        2.76595745        1.42156025E+04
        2.78160200        1.36861501E+04
        2.79724656        1.31630852E+04
        2.81289111        1.26423873E+04
        2.82853567        1.21356056E+04
        2.84418023        1.16552300E+04
        2.85982478        1.11972118E+04
        2.87546934        1.07585727E+04
        2.89111389        1.03394513E+04
        2.90675845        9.93894405E+03
        2.92240300        9.55589697E+03
        2.93804756        9.18951917E+03
        2.95369212        8.83903321E+03
        2.96933667        8.50364857E+03
        2.98498123        8.18264249E+03
        3.00062578        7.87533024E+03
        3.01627034        7.58105965E+03
        3.03191489        7.29921532E+03
        3.04755945        7.02921185E+03
        3.06320401        6.77048940E+03
        3.07884856        6.52252055E+03
        3.09449312        6.28481953E+03
        3.11013767        6.05691327E+03
        3.12578223        5.83834345E+03
        3.14142678        5.62868563E+03
        3.15707134        5.42753523E+03
        3.17271589        5.23450656E+03
        3.18836045        5.04923546E+03
        3.20400501        4.87137351E+03
        3.21964956        4.70058737E+03
        3.23529412        4.53656813E+03
        3.25093867        4.37902802E+03
        3.26658323        4.22764004E+03
        3.28222778        4.08214113E+03
        3.29787234        3.94246738E+03
        3.31351690        3.80773052E+03
        3.32916145        3.67633119E+03
        3.34480601        3.54809960E+03
        3.36045056        3.42330059E+03
        3.37609512        3.30176214E+03
        3.39173967        3.18334221E+03
        3.40738423        3.06798372E+03
        3.42302879        2.95560542E+03
        3.43867334        2.84612218E+03
        3.45431790        2.73946190E+03
        3.46996245        2.63555579E+03
        3.48560701        2.53433746E+03
        3.50125156        2.43574537E+03
        3.51689612        2.33972123E+03
        3.53254068        2.24621021E+03
        3.54818523        2.15516069E+03
        3.56382979        2.06652372E+03
        3.57947434        1.98025320E+03
        3.59511890        1.89630554E+03
        3.61076345        1.81463994E+03
        3.62640801        1.73521555E+03
        3.64205257        1.65799325E+03
        3.65769712        1.58294089E+03
        3.67334168        1.51002575E+03
        3.68898623        1.43921245E+03
        3.70463079        1.37046885E+03
        3.72027534        1.30376489E+03
        3.73591990        1.23907087E+03
        3.75156446        1.17635787E+03
        3.76720901        1.11559782E+03
        3.78285357        1.05676333E+03
        3.79849812        9.99827500E+02
        3.81414268        9.44763980E+02
        3.82978723        8.91546831E+02
        3.84543179        8.40150489E+02
        3.86107635        7.90549742E+02
        3.87672090        7.42719633E+02
        3.89236546        6.96635480E+02
        3.90801001        6.52272805E+02
        3.92365457        6.09607308E+02
        3.93929912        5.68614868E+02
        3.95494368        5.29271486E+02
        3.97058824        4.91553296E+02
        3.98623279        4.55436532E+02
        4.00187735        4.20897518E+02
        4.01752190        3.87912664E+02
        4.03316646        3.56458447E+02
        4.04881101        3.26511412E+02
        4.06445557        2.98048161E+02
        4.08010013        2.71045349E+02
        4.09574468        2.45479703E+02
        4.11138924        2.21327976E+02
        4.12703379        1.98566951E+02
        4.14267835        1.77173597E+02
        4.15832290        1.57124866E+02
        4.17396746        1.38397224E+02
        4.18961202        1.20967766E+02
        4.20525657        1.04814513E+02
        4.22090113        8.99145511E+01
        4.23654568        7.62446181E+01
        4.25219024        6.37821380E+01
        4.26783479        5.25046351E+01
        4.28347935        4.23896036E+01
        4.29912390        3.34146826E+01
        4.31476846        2.55576230E+01
        4.33041302        1.87962920E+01
        4.34605757        1.31086737E+01
        4.36170213        8.47287754E+00
        4.37734668        4.86716105E+00
        4.39299124        2.26990592E+00
        4.40863579        6.59654711E-01
        4.42428035        1.50989578E-02
        4.43992491        3.15079442E-01
        4.45556946        1.53862023E+00
        4.47121402        3.66489467E+00
        4.48685857        6.67326227E+00
        4.50250313        1.05432615E+01
        4.51814768        1.52546005E+01
        4.53379224        2.07871960E+01
        4.54943680        2.71211345E+01
        4.56508135        3.42367093E+01
        4.58072591        4.21144142E+01
        4.59637046        5.07349252E+01
        4.61201502        6.00791484E+01
        4.62765957        7.01281755E+01
        4.64330413        8.08633150E+01
        4.65894869        9.22660869E+01
        4.67459324        1.04318207E+02
        4.69023780        1.17001667E+02
        4.70588235        1.30298581E+02
        4.72152691        1.44191217E+02
        4.73717146        1.58662533E+02
        4.75281602        1.73695619E+02
        4.76846058        1.89272800E+02
        4.78410513        2.05377062E+02
        4.79974969        2.21992359E+02
        4.81539424        2.39102474E+02
        4.83103880        2.56691204E+02
        4.84668335        2.74742724E+02
        4.86232791        2.93241415E+02
        4.87797247        3.12171848E+02
        4.89361702        3.31518849E+02
        4.90926158        3.51267438E+02
        4.92490613        3.71402878E+02
        4.94055069        3.91910643E+02
        4.95619524        4.12776420E+02
        4.97183980        4.33986138E+02
        4.98748436        4.55525920E+02
        5.00312891        4.77382122E+02
        5.01877347        4.99541318E+02
        5.03441802        5.21990284E+02
        5.05006258        5.44716035E+02
        5.06570713        5.67705774E+02
        5.08135169        5.90946938E+02
        5.09699625        6.14427171E+02
        5.11264080        6.38134314E+02
        5.12828536        6.62056443E+02
        5.14392991        6.86181821E+02
        5.15957447        7.10498924E+02
        5.17521902        7.34996446E+02
        5.19086358        7.59663263E+02
        5.20650814        7.84488464E+02
        5.22215269        8.09461353E+02
        5.23779725        8.34571469E+02
        5.25344180        8.59808357E+02
        5.26908636        8.85161885E+02
        5.28473091        9.10622957E+02
        5.30037547        9.36181710E+02
        5.31602003        9.61827298E+02
        5.33166458        9.87550611E+02
        5.34730914        1.01334319E+03
        5.36295369        1.03919598E+03
        5.37859825        1.06510007E+03
        5.39424280        1.09104695E+03
        5.40988736        1.11702820E+03
        5.42553191        1.14303560E+03
        5.44117647        1.16906109E+03
        5.45682103        1.19509682E+03
        5.47246558        1.22113509E+03
        5.48811014        1.24716839E+03
        5.50375469        1.27318937E+03
        5.51939925        1.29919088E+03
        5.53504380        1.32516591E+03
        5.55068836        1.35110762E+03
        5.56633292        1.37700938E+03
        5.58197747        1.40286467E+03
        5.59762203        1.42866716E+03
        5.61326658        1.45441070E+03
        5.62891114        1.48008927E+03
        5.64455569        1.50569702E+03
        5.66020025        1.53122827E+03
        5.67584481        1.55667749E+03
        5.69148936        1.58203930E+03
        5.70713392        1.60730847E+03
        5.72277847        1.63247994E+03
        5.73842303        1.65754879E+03
        5.75406758        1.68251024E+03
        5.76971214        1.70735968E+03
        5.78535670        1.73209261E+03
        5.80100125        1.75670476E+03
        5.81664581        1.78119186E+03
        5.83229036        1.80554971E+03
        5.84793492        1.82977499E+03
        5.86357947        1.85386430E+03
        5.87922403        1.87781282E+03
        5.89486859        1.90161672E+03
        5.91051314        1.92527342E+03
        5.92615770        1.94877976E+03
        5.94180225        1.97213245E+03
        5.95744681        1.99532856E+03
        5.97309136        2.01836527E+03
        5.98873592        2.04123982E+03
        6.00438048        2.06394962E+03
        6.02002503        2.08649219E+03
        6.03566959        2.10886517E+03
        6.05131414        2.13106630E+03
        6.06695870        2.15309347E+03
        6.08260325        2.17494466E+03
        6.09824781        2.19661797E+03
        6.11389237        2.21811160E+03
        6.12953692        2.23942389E+03
        6.14518148        2.26055325E+03
        6.16082603        2.28149822E+03
        6.17647059        2.30225743E+03
        6.19211514        2.32282962E+03
        6.20775970        2.34321363E+03
        6.22340426        2.36340839E+03
        6.23904881        2.38341293E+03
        6.25469337        2.40322639E+03
        6.27033792        2.42284797E+03
        6.28598248        2.44227699E+03
        6.30162703        2.46151284E+03
        6.31727159        2.48055500E+03
        6.33291615        2.49940306E+03
        6.34856070        2.51805668E+03
        6.36420526        2.53651551E+03
        6.37984981        2.55477935E+03
        6.39549437        2.57284868E+03
        6.41113892        2.59072329E+03
        6.42678348        2.60840231E+03
        6.44242804        2.62588608E+03
        6.45807259        2.64317524E+03
        6.47371715        2.66026994E+03
        6.48936170        2.67717042E+03
        6.50500626        2.69387710E+03
        6.52065081        2.71039043E+03
        6.53629537        2.72671088E+03
        6.55193992        2.74283902E+03
        6.56758448        2.75877547E+03
        6.58322904        2.77452089E+03
        6.59887359        2.79007600E+03
        6.61451815        2.80544157E+03
        6.63016270        2.82061844E+03
        6.64580726        2.83560745E+03
        6.66145181        2.85040954E+03
        6.67709637        2.86502566E+03
        6.69274093        2.87945681E+03
        6.70838548        2.89370404E+03
        6.72403004        2.90776842E+03
        6.73967459        2.92165107E+03
        6.75531915        2.93535316E+03
        6.77096370        2.94887586E+03
        6.78660826        2.96222041E+03
        6.80225282        2.97538805E+03
        6.81789737        2.98838007E+03
        6.83354193        3.00119778E+03
        6.84918648        3.01384251E+03
        6.86483104        3.02631564E+03
        6.88047559        3.03861853E+03
        6.89612015        3.05075261E+03
        6.91176471        3.06271933E+03
        6.92740926        3.07452009E+03
        6.94305382        3.08615630E+03
        6.95869837        3.09762975E+03
        6.97434293        3.10894206E+03
        6.98998748        3.12009419E+03
        7.00563204        3.13108756E+03
        7.02127660        3.14192407E+03
        7.03692115        3.15260530E+03
        7.05256571        3.16313273E+03
        7.06821026        3.17350795E+03
        7.08385482        3.18373256E+03
        7.09949937        3.19380814E+03
        7.11514393        3.20373627E+03
        7.13078849        3.21351857E+03
        7.14643304        3.22315662E+03
        7.16207760        3.23265204E+03
        7.17772215        3.24200643E+03
        7.19336671        3.25122141E+03
        7.20901126        3.26029858E+03
        7.22465582        3.26923955E+03
        7.24030038        3.27804594E+03
        7.25594493        3.28671934E+03
        7.27158949        3.29526137E+03
        7.28723404        3.30367362E+03
        7.30287860        3.31195769E+03
        7.31852315        3.32011518E+03
        7.33416771        3.32814767E+03
        7.34981227        3.33605675E+03
        7.36545682        3.34384400E+03
        7.38110138        3.35151097E+03
        7.39674593        3.35905925E+03
        7.41239049        3.36649037E+03
        7.42803504        3.37380588E+03
        7.44367960        3.38100734E+03
        7.45932416        3.38809627E+03
        7.47496871        3.39507415E+03
        7.49061327        3.40194251E+03
        7.50625782        3.40870306E+03
        7.52190238        3.41535721E+03
        7.53754693        3.42190609E+03
        7.55319149        3.42835128E+03
        7.56883605        3.43469441E+03
        7.58448060        3.44093687E+03
        7.60012516        3.44708006E+03
        7.61576971        3.45312544E+03
        7.63141427        3.45907439E+03
        7.64705882        3.46492832E+03
        7.66270338        3.47068860E+03
        7.67834793        3.47635660E+03
        7.69399249        3.48193367E+03
        7.70963705        3.48742117E+03
        7.72528160        3.49282041E+03
        7.74092616        3.49813270E+03
        7.75657071        3.50335936E+03
        7.77221527        3.50850165E+03
        7.78785982        3.51356087E+03
        7.80350438        3.51853826E+03
        7.81914894        3.52343507E+03
        7.83479349        3.52825253E+03
        7.85043805        3.53299185E+03
        7.86608260        3.53765424E+03
        7.88172716        3.54224089E+03
        7.89737171        3.54675296E+03
        7.91301627        3.55119162E+03
        7.92866083        3.55555802E+03
        7.94430538        3.55985327E+03
        7.95994994        3.56407851E+03
        7.97559449        3.56823483E+03
        7.99123905        3.57232331E+03
        8.00688360        3.57634505E+03
        8.02252816        3.58030109E+03
        8.03817272        3.58419248E+03
        8.05381727        3.58802023E+03
        8.06946183        3.59178545E+03
        8.08510638        3.59548919E+03
        8.10075094        3.59913225E+03
        8.11639549        3.60271558E+03
        8.13204005        3.60624027E+03
        8.14768461        3.60970726E+03
        8.16332916        3.61311747E+03
        8.17897372        3.61647184E+03
        8.19461827        3.61977127E+03
        8.21026283        3.62301665E+03
        8.22590738        3.62620889E+03
        8.24155194        3.62934884E+03
        8.25719650        3.63243737E+03
        8.27284105        3.63547532E+03
        8.28848561        3.63846353E+03
        8.30413016        3.64140282E+03
        8.31977472        3.64429399E+03
        8.33541927        3.64713786E+03
        8.35106383        3.64993520E+03
        8.36670839        3.65268678E+03
        8.38235294        3.65539337E+03
        8.39799750        3.65805572E+03
        8.41364205        3.66067456E+03
        8.42928661        3.66325063E+03
        8.44493116        3.66578463E+03
        8.46057572        3.66827728E+03
        8.47622028        3.67072927E+03
        8.49186483        3.67314128E+03
        8.50750939        3.67551398E+03
        8.52315394        3.67784804E+03
        8.53879850        3.68014411E+03
        8.55444305        3.68240282E+03
        8.57008761        3.68462481E+03
        8.58573217        3.68681069E+03
        8.60137672        3.68896108E+03
        8.61702128        3.69107664E+03
        8.63266583        3.69315793E+03
        8.64831039        3.69520543E+03
        8.66395494        3.69721976E+03
        8.67959950        3.69920151E+03
        8.69524406        3.70115124E+03
        8.71088861        3.70306948E+03
        8.72653317        3.70495676E+03
        8.74217772        3.70681363E+03
        8.75782228        3.70864058E+03
        8.77346683        3.71043814E+03
        8.78911139        3.71220680E+03
        8.80475594        3.71394706E+03
        8.82040050        3.71565940E+03
        8.83604506        3.71734429E+03
        8.85168961        3.71900221E+03
        8.86733417        3.72063361E+03
        8.88297872        3.72223895E+03
        8.89862328        3.72381868E+03
        8.91426783        3.72537322E+03
        8.92991239        3.72690301E+03
        8.94555695        3.72840847E+03
        8.96120150        3.72989001E+03
        8.97684606        3.73134806E+03
        8.99249061        3.73278300E+03
        9.00813517        3.73419523E+03
        9.02377972        3.73558514E+03
        9.03942428        3.73695311E+03
        9.05506884        3.73829951E+03
        9.07071339        3.73962472E+03
        9.08635795        3.74092909E+03
        9.10200250        3.74221298E+03
        9.11764706        3.74347673E+03
        9.13329161        3.74472071E+03
        9.14893617        3.74594522E+03
        9.16458073        3.74715062E+03
        9.18022528        3.74833724E+03
        9.19586984        3.74950542E+03
        9.21151439        3.75065542E+03
        9.22715895        3.75178753E+03
        9.24280350        3.75290210E+03
        9.25844806        3.75399943E+03
        9.27409262        3.75507980E+03
        9.28973717        3.75614350E+03
        9.30538173        3.75719082E+03
        9.32102628        3.75822203E+03
        9.33667084        3.75923740E+03
        9.35231539        3.76023721E+03
        9.36795995        3.76122172E+03
        9.38360451        3.76219118E+03
        9.39924906        3.76314586E+03
        9.41489362        3.76408599E+03
        9.43053817        3.76501183E+03
        9.44618273        3.76592362E+03
        9.46182728        3.76682158E+03
        9.47747184        3.76770597E+03
        9.49311640        3.76857700E+03
        9.50876095        3.76943490E+03
        9.52440551        3.77027988E+03
        9.54005006        3.77111218E+03
        9.55569462        3.77193199E+03
        9.57133917        3.77273953E+03
        9.58698373        3.77353500E+03
        9.60262829        3.77431861E+03
        9.61827284        3.77509055E+03
        9.63391740        3.77585102E+03
        9.64956195        3.77660020E+03
        9.66520651        3.77733829E+03
        9.68085106        3.77806548E+03
        9.69649562        3.77878193E+03
        9.71214018        3.77948783E+03
        9.72778473        3.78018339E+03
        9.74342929        3.78086874E+03
        9.75907384        3.78154404E+03
        9.77471840        3.78220946E+03
        9.79036295        3.78286518E+03
        9.80600751        3.78351135E+03
        9.82165207        3.78414814E+03
        9.83729662        3.78477569E+03
        9.85294118        3.78539416E+03
        9.86858573        3.78600369E+03
        9.88423029        3.78660444E+03
        9.89987484        3.78719655E+03
        9.91551940        3.78778016E+03
        9.93116395        3.78835540E+03
        9.94680851        3.78892242E+03
        9.96245307        3.78948135E+03
        9.97809762        3.79003231E+03
        9.99374218        3.79057545E+03
       10.00938673        3.79111088E+03
       10.02503129        3.79163874E+03
       10.04067584        3.79215914E+03
       10.05632040        3.79267220E+03
       10.07196496        3.79317805E+03
       10.08760951        3.79367679E+03
       10.10325407        3.79416856E+03
       10.11889862        3.79465345E+03
       10.13454318        3.79513157E+03
       10.15018773        3.79560305E+03
       10.16583229        3.79606797E+03
       10.18147685        3.79652646E+03
       10.19712140        3.79697860E+03
       10.21276596        3.79742451E+03
       10.22841051        3.79786428E+03
       10.24405507        3.79829801E+03
       10.25969962        3.79872580E+03
       10.27534418        3.79914773E+03
       10.29098874        3.79956391E+03
       10.30663329        3.79997444E+03
       10.32227785        3.80037939E+03
       10.33792240        3.80077883E+03
       10.35356696        3.80117288E+03
       10.36921151        3.80156161E+03
       10.38485607        3.80194510E+03
       10.40050063        3.80232345E+03
       10.41614518        3.80269673E+03
       10.43178974        3.80306501E+03
       10.44743429        3.80342839E+03
       10.46307885        3.80378692E+03
       10.47872340        3.80414070E+03
       10.49436796        3.80448979E+03
       10.51001252        3.80483426E+03
       10.52565707        3.80517419E+03
       10.54130163        3.80550965E+03
       10.55694618        3.80584071E+03
       10.57259074        3.80616743E+03
       10.58823529        3.80648988E+03
       10.60387985        3.80680813E+03
       10.61952441        3.80712223E+03
       10.63516896        3.80743227E+03
       10.65081352        3.80773828E+03
       10.66645807        3.80804035E+03
       10.68210263        3.80833852E+03
       10.69774718        3.80863285E+03
       10.71339174        3.80892341E+03
       10.72903630        3.80921025E+03
       10.74468085        3.80949343E+03
       10.76032541        3.80977300E+03
       10.77596996        3.81004901E+03
       10.79161452        3.81032152E+03
       10.80725907        3.81059058E+03
       10.82290363        3.81085625E+03
       10.83854819        3.81111857E+03
       10.85419274        3.81137760E+03
       10.86983730        3.81163337E+03
       10.88548185        3.81188593E+03
       10.90112641        3.81213535E+03
       10.91677096        3.81238165E+03
       10.93241552        3.81262490E+03
       10.94806008        3.81286512E+03
       10.96370463        3.81310238E+03
       10.97934919        3.81333670E+03
       10.99499374        3.81356813E+03
       11.01063830        3.81379673E+03
       11.02628285        3.81402251E+03
       11.04192741        3.81424554E+03
       11.05757196        3.81446584E+03
       11.07321652        3.81468346E+03
       11.08886108        3.81489844E+03
       11.10450563        3.81511082E+03
       11.12015019        3.81532063E+03
       11.13579474        3.81552791E+03
       11.15143930        3.81573270E+03
       11.16708385        3.81593503E+03
       11.18272841        3.81613495E+03
       11.19837297        3.81633249E+03
       11.21401752        3.81652768E+03
       11.22966208        3.81672056E+03
       11.24530663        3.81691117E+03
       11.26095119        3.81709954E+03
       11.27659574        3.81728570E+03
       11.29224030        3.81746969E+03
       11.30788486        3.81765155E+03
       11.32352941        3.81783130E+03
       11.33917397        3.81800899E+03
       11.35481852        3.81818464E+03
       11.37046308        3.81835829E+03
       11.38610763        3.81852998E+03
       11.40175219        3.81869973E+03
       11.41739675        3.81886760E+03
       11.43304130        3.81903360E+03
       11.44868586        3.81919776E+03
       11.46433041        3.81936009E+03
       11.47997497        3.81952082E+03
       11.49561952        3.81967974E+03
       11.51126408        3.81983610E+03
       11.52690864        3.81999023E+03
       11.54255319        3.82014272E+03
       11.55819775        3.82029354E+03
       11.57384230        3.82044260E+03
       11.58948686        3.82058999E+03
       11.60513141        3.82073573E+03
       11.62077597        3.82087983E+03
       11.63642053        3.82102232E+03
       11.65206508        3.82116321E+03
       11.66770964        3.82130253E+03
       11.68335419        3.82144031E+03
       11.69899875        3.82157655E+03
       11.71464330        3.82171128E+03
       11.73028786        3.82184452E+03
       11.74593242        3.82197630E+03
       11.76157697        3.82210662E+03
       11.77722153        3.82223551E+03
       11.79286608        3.82236299E+03
       11.80851064        3.82248908E+03
       11.82415519        3.82261379E+03
       11.83979975        3.82273714E+03
       11.85544431        3.82285915E+03
       11.87108886        3.82297984E+03
       11.88673342        3.82309922E+03
       11.90237797        3.82321731E+03
       11.91802253        3.82333413E+03
       11.93366708        3.82344970E+03
       11.94931164        3.82356403E+03
       11.96495620        3.82367713E+03
       11.98060075        3.82378903E+03
       11.99624531        3.82389973E+03
       12.01188986        3.82400925E+03
       12.02753442        3.82411761E+03
       12.04317897        3.82422482E+03
       12.05882353        3.82433090E+03
       12.07446809        3.82443586E+03
       12.09011264        3.82453972E+03
       12.10575720        3.82464248E+03
       12.12140175        3.82474416E+03
       12.13704631        3.82484479E+03
       12.15269086        3.82494436E+03
       12.16833542        3.82504289E+03
       12.18397997        3.82514040E+03
       12.19962453        3.82523689E+03
       12.21526909        3.82533239E+03
       12.23091364        3.82542690E+03
       12.24655820        3.82552043E+03
       12.26220275        3.82561300E+03
       12.27784731        3.82570462E+03
       12.29349186        3.82579530E+03
       12.30913642        3.82588506E+03
       12.32478098        3.82597389E+03
       12.34042553        3.82606182E+03
       12.35607009        3.82614885E+03
       12.37171464        3.82623500E+03
       12.38735920        3.82632028E+03
       12.40300375        3.82640470E+03
       12.41864831        3.82648826E+03
       12.43429287        3.82657098E+03
       12.44993742        3.82665287E+03
       12.46558198        3.82673393E+03
       12.48122653        3.82681418E+03
       12.49687109        3.82689364E+03
       12.51251564        3.82697229E+03
       12.52816020        3.82705017E+03
       12.54380476        3.82712727E+03
       12.55944931        3.82720361E+03
       12.57509387        3.82727919E+03
       12.59073842        3.82735402E+03
       12.60638298        3.82742811E+03
       12.62202753        3.82750147E+03
       12.63767209        3.82757411E+03
       12.65331665        3.82764604E+03
       12.66896120        3.82771726E+03
       12.68460576        3.82778779E+03
       12.70025031        3.82785763E+03
       12.71589487        3.82792679E+03
       12.73153942        3.82799527E+03
       12.74718398        3.82806309E+03
       12.76282854        3.82813026E+03
       12.77847309        3.82819677E+03
       12.79411765        3.82826264E+03
       12.80976220        3.82832788E+03
       12.82540676        3.82839249E+03
       12.84105131        3.82845648E+03
       12.85669587        3.82851985E+03
       12.87234043        3.82858262E+03
       12.88798498        3.82864479E+03
       12.90362954        3.82870636E+03
       12.91927409        3.82876735E+03
       12.93491865        3.82882776E+03
       12.95056320        3.82888760E+03
       12.96620776        3.82894687E+03
       12.98185232        3.82900558E+03
       12.99749687        3.82906374E+03
       13.01314143        3.82912135E+03
       13.02878598        3.82917841E+03
       13.04443054        3.82923494E+03
       13.06007509        3.82929095E+03
       13.07571965        3.82934642E+03
       13.09136421        3.82940138E+03
       13.10700876        3.82945583E+03
       13.12265332        3.82950977E+03
       13.13829787        3.82956320E+03
       13.15394243        3.82961615E+03
       13.16958698        3.82966860E+03
       13.18523154        3.82972057E+03
       13.20087610        3.82977205E+03
       13.21652065        3.82982306E+03
       13.23216521        3.82987361E+03
       13.24780976        3.82992368E+03
       13.26345432        3.82997330E+03
       13.27909887        3.83002247E+03
       13.29474343        3.83007118E+03
       13.31038798        3.83011945E+03
       13.32603254        3.83016729E+03
       13.34167710        3.83021468E+03
       13.35732165        3.83026165E+03
       13.37296621        3.83030819E+03
       13.38861076        3.83035430E+03
       13.40425532        3.83040001E+03
       13.41989987        3.83044529E+03
       13.43554443        3.83049017E+03
       13.45118899        3.83053465E+03
       13.46683354        3.83057873E+03
       13.48247810        3.83062241E+03
       13.49812265        3.83066570E+03
       13.51376721        3.83070860E+03
       13.52941176        3.83075113E+03
       13.54505632        3.83079327E+03
       13.56070088        3.83083503E+03
       13.57634543        3.83087643E+03
       13.59198999        3.83091746E+03
       13.60763454        3.83095812E+03
       13.62327910        3.83099843E+03
       13.63892365        3.83103838E+03
       13.65456821        3.83107798E+03
       13.67021277        3.83111723E+03
       13.68585732        3.83115613E+03
       13.70150188        3.83119469E+03
       13.71714643        3.83123292E+03
       13.73279099        3.83127081E+03
       13.74843554        3.83130837E+03
       13.76408010        3.83134560E+03
       13.77972466        3.83138250E+03
       13.79536921        3.83141909E+03
       13.81101377        3.83145536E+03
       13.82665832        3.83149131E+03
       13.84230288        3.83152695E+03
       13.85794743        3.83156229E+03
       13.87359199        3.83159732E+03
       13.88923655        3.83163204E+03
       13.90488110        3.83166648E+03
       13.92052566        3.83170065E+03
       13.93617021        3.83173456E+03
       13.95181477        3.83176820E+03
       13.96745932        3.83180158E+03
       13.98310388        3.83183470E+03
       13.99874844        3.83186756E+03
       14.01439299        3.83190016E+03
       14.03003755        3.83193251E+03
       14.04568210        3.83196461E+03
       14.06132666        3.83199645E+03
       14.07697121        3.83202806E+03
       14.09261577        3.83205941E+03
       14.10826033        3.83209053E+03
       14.12390488        3.83212140E+03
       14.13954944        3.83215203E+03
       14.15519399        3.83218243E+03
       14.17083855        3.83221260E+03
       14.18648310        3.83224253E+03
       14.20212766        3.83227223E+03
       14.21777222        3.83230170E+03
       14.23341677        3.83233095E+03
       14.24906133        3.83235997E+03
       14.26470588        3.83238878E+03
       14.28035044        3.83241736E+03
       14.29599499        3.83244572E+03
       14.31163955        3.83247387E+03
       14.32728411        3.83250180E+03
       14.34292866        3.83252952E+03
       14.35857322        3.83255702E+03
       14.37421777        3.83258432E+03
       14.38986233        3.83261141E+03
       14.40550688        3.83263830E+03
       14.42115144        3.83266498E+03
       14.43679599        3.83269146E+03
       14.45244055        3.83271775E+03
       14.46808511        3.83274383E+03
       14.48372966        3.83276971E+03
       14.49937422        3.83279540E+03
       14.51501877        3.83282090E+03
       14.53066333        3.83284621E+03
       14.54630788        3.83287132E+03
       14.56195244        3.83289625E+03
       14.57759700        3.83292099E+03
       14.59324155        3.83294555E+03
       14.60888611        3.83296992E+03
       14.62453066        3.83299411E+03
       14.64017522        3.83301812E+03
       14.65581977        3.83304195E+03
       14.67146433        3.83306560E+03
       14.68710889        3.83308908E+03
       14.70275344        3.83311238E+03
       14.71839800        3.83313551E+03
       14.73404255        3.83315847E+03
       14.74968711        3.83318126E+03
       14.76533166        3.83320388E+03
       14.78097622        3.83322633E+03
       14.79662078        3.83324862E+03
       14.81226533        3.83327074E+03
       14.82790989        3.83329270E+03
       14.84355444        3.83331450E+03
       14.85919900        3.83333614E+03
       14.87484355        3.83335762E+03
       14.89048811        3.83337893E+03
       14.90613267        3.83340010E+03
       14.92177722        3.83342110E+03
       14.93742178        3.83344196E+03
       14.95306633        3.83346268E+03
       14.96871089        3.83348325E+03
       14.98435544        3.83350365E+03
       15.00000000        3.83352388E+03

Equilibrium properties
           imin =                    124
   r_imin / ang =           4.4242803504
V(r_imin) / cm-1 =            0.01509896
 Has a single min?                   Yes
 True r_e  / ang =          4.4242803504

Derivatives at true re
der0, cm-1       =          0.0150989578
der1, cm-1/ang   =        -10.7881856994
der2, cm-1/ang^2 =       3859.0889266864
der3, cm-1/ang^3 =      -5502.0542765879
der4, cm-1/ang^4 =       3249.0124008138

Harmonic we, cm-1=         49.7599245306
  Rotat. B0, cm-1=          0.0163892608
Anharm. const. xe=          0.0020517721
 Coriol. ae, cm-1=          0.0000357123
  Centr. De, cm-1=          0.0000000071
        Y00, cm-1=         -0.0074096747

Approximate J=0 vibrational energy levels (no couplings) 
 given by E(v, J=0) = V(re) + Y00 + we*(v+0.5) - we*xe*(v+0.5)^2
                 v
                 0         14.0588428851
                 1         63.6145753664
                 2        112.9661157984
                 3        162.1134641811

            Spin =                   0.0
        |Lambda| =                   0.0
  Physical J_min =                   0.0

Approximate J=J_min vibrational-rotational energy levels (no couplings)
 given by E(v, J) = E(v, J=0) B0*J*(J+1)- ae*(v+0.5)*J*(J+1) - De*[J(J+1)]^2
                 v
                 0         14.0588428851
                 1         63.6145753664
                 2        112.9661157984
                 3        162.1134641811


Construct the J=0 matrix
Solving one-dimentional Schrodinger equations using : SINC

Vibrational (contracted) energies: 
    i        Energy/cm    State v

    1          0.000000 [    1   0 ] X1Sigma+
    2         49.444607 [    1   1 ] X1Sigma+
    3         98.672340 [    1   2 ] X1Sigma+
    4        147.682426 [    1   3 ] X1Sigma+
    5        196.474040 [    1   4 ] X1Sigma+
    6        245.046225 [    1   5 ] X1Sigma+
    7        293.397956 [    1   6 ] X1Sigma+
    8        341.528360 [    1   7 ] X1Sigma+
    9        389.436644 [    1   8 ] X1Sigma+
   10        437.121761 [    1   9 ] X1Sigma+
   11        484.582630 [    1  10 ] X1Sigma+
   12        531.818313 [    1  11 ] X1Sigma+
   13        578.827710 [    1  12 ] X1Sigma+
   14        625.609724 [    1  13 ] X1Sigma+
   15        672.163214 [    1  14 ] X1Sigma+
   16        718.487001 [    1  15 ] X1Sigma+
   17        764.579944 [    1  16 ] X1Sigma+
   18        810.440732 [    1  17 ] X1Sigma+
   19        856.068144 [    1  18 ] X1Sigma+
   20        901.460865 [    1  19 ] X1Sigma+
   21        946.617579 [    1  20 ] X1Sigma+
   22        991.536857 [    1  21 ] X1Sigma+
   23       1036.217275 [    1  22 ] X1Sigma+
   24       1080.657315 [    1  23 ] X1Sigma+
   25       1124.855465 [    1  24 ] X1Sigma+
   26       1168.810217 [    1  25 ] X1Sigma+
   27       1212.520035 [    1  26 ] X1Sigma+
   28       1255.983216 [    1  27 ] X1Sigma+
   29       1299.198053 [    1  28 ] X1Sigma+
   30       1342.162869 [    1  29 ] X1Sigma+
   31       1384.875919 [    1  30 ] X1Sigma+
   32       1427.335300 [    1  31 ] X1Sigma+
   33       1469.539197 [    1  32 ] X1Sigma+
   34       1511.485705 [    1  33 ] X1Sigma+
   35       1553.172810 [    1  34 ] X1Sigma+
   36       1594.598528 [    1  35 ] X1Sigma+
   37       1635.760788 [    1  36 ] X1Sigma+
   38       1676.657434 [    1  37 ] X1Sigma+
   39       1717.286333 [    1  38 ] X1Sigma+
   40       1757.645215 [    1  39 ] X1Sigma+
   41       1797.731801 [    1  40 ] X1Sigma+
   42       1837.543763 [    1  41 ] X1Sigma+
   43       1877.078664 [    1  42 ] X1Sigma+
   44       1916.334057 [    1  43 ] X1Sigma+
   45       1955.307351 [    1  44 ] X1Sigma+
   46       1993.995948 [    1  45 ] X1Sigma+
   47       2032.397162 [    1  46 ] X1Sigma+
   48       2070.508323 [    1  47 ] X1Sigma+
   49       2108.326668 [    1  48 ] X1Sigma+
   50       2145.849323 [    1  49 ] X1Sigma+

j =       0.0

Define the quanta book-keeping
The total number sigma/lambda states (size of the sigma-lambda submatrix) = 1

Sigma-Lambda basis set:
     i     jrot  state   spin    sigma lambda   omega
     1      0.0    1      0.0      0.0    0      0.0   X1Sigma+
...done!

Contracted basis set:
     i     jrot ilevel ivib state v     spin    sigma lambda   omega   Name
     1      0.0    1    1    1    0      0.0      0.0    0      0.0   X1Sigma+
     2      0.0    1    2    1    1      0.0      0.0    0      0.0   X1Sigma+
     3      0.0    1    3    1    2      0.0      0.0    0      0.0   X1Sigma+
     4      0.0    1    4    1    3      0.0      0.0    0      0.0   X1Sigma+
     5      0.0    1    5    1    4      0.0      0.0    0      0.0   X1Sigma+
     6      0.0    1    6    1    5      0.0      0.0    0      0.0   X1Sigma+
     7      0.0    1    7    1    6      0.0      0.0    0      0.0   X1Sigma+
     8      0.0    1    8    1    7      0.0      0.0    0      0.0   X1Sigma+
     9      0.0    1    9    1    8      0.0      0.0    0      0.0   X1Sigma+
    10      0.0    1   10    1    9      0.0      0.0    0      0.0   X1Sigma+
    11      0.0    1   11    1   10      0.0      0.0    0      0.0   X1Sigma+
    12      0.0    1   12    1   11      0.0      0.0    0      0.0   X1Sigma+
    13      0.0    1   13    1   12      0.0      0.0    0      0.0   X1Sigma+
    14      0.0    1   14    1   13      0.0      0.0    0      0.0   X1Sigma+
    15      0.0    1   15    1   14      0.0      0.0    0      0.0   X1Sigma+
    16      0.0    1   16    1   15      0.0      0.0    0      0.0   X1Sigma+
    17      0.0    1   17    1   16      0.0      0.0    0      0.0   X1Sigma+
    18      0.0    1   18    1   17      0.0      0.0    0      0.0   X1Sigma+
    19      0.0    1   19    1   18      0.0      0.0    0      0.0   X1Sigma+
    20      0.0    1   20    1   19      0.0      0.0    0      0.0   X1Sigma+
    21      0.0    1   21    1   20      0.0      0.0    0      0.0   X1Sigma+
    22      0.0    1   22    1   21      0.0      0.0    0      0.0   X1Sigma+
    23      0.0    1   23    1   22      0.0      0.0    0      0.0   X1Sigma+
    24      0.0    1   24    1   23      0.0      0.0    0      0.0   X1Sigma+
    25      0.0    1   25    1   24      0.0      0.0    0      0.0   X1Sigma+
    26      0.0    1   26    1   25      0.0      0.0    0      0.0   X1Sigma+
    27      0.0    1   27    1   26      0.0      0.0    0      0.0   X1Sigma+
    28      0.0    1   28    1   27      0.0      0.0    0      0.0   X1Sigma+
    29      0.0    1   29    1   28      0.0      0.0    0      0.0   X1Sigma+
    30      0.0    1   30    1   29      0.0      0.0    0      0.0   X1Sigma+
    31      0.0    1   31    1   30      0.0      0.0    0      0.0   X1Sigma+
    32      0.0    1   32    1   31      0.0      0.0    0      0.0   X1Sigma+
    33      0.0    1   33    1   32      0.0      0.0    0      0.0   X1Sigma+
    34      0.0    1   34    1   33      0.0      0.0    0      0.0   X1Sigma+
    35      0.0    1   35    1   34      0.0      0.0    0      0.0   X1Sigma+
    36      0.0    1   36    1   35      0.0      0.0    0      0.0   X1Sigma+
    37      0.0    1   37    1   36      0.0      0.0    0      0.0   X1Sigma+
    38      0.0    1   38    1   37      0.0      0.0    0      0.0   X1Sigma+
    39      0.0    1   39    1   38      0.0      0.0    0      0.0   X1Sigma+
    40      0.0    1   40    1   39      0.0      0.0    0      0.0   X1Sigma+
    41      0.0    1   41    1   40      0.0      0.0    0      0.0   X1Sigma+
    42      0.0    1   42    1   41      0.0      0.0    0      0.0   X1Sigma+
    43      0.0    1   43    1   42      0.0      0.0    0      0.0   X1Sigma+
    44      0.0    1   44    1   43      0.0      0.0    0      0.0   X1Sigma+
    45      0.0    1   45    1   44      0.0      0.0    0      0.0   X1Sigma+
    46      0.0    1   46    1   45      0.0      0.0    0      0.0   X1Sigma+
    47      0.0    1   47    1   46      0.0      0.0    0      0.0   X1Sigma+
    48      0.0    1   48    1   47      0.0      0.0    0      0.0   X1Sigma+
    49      0.0    1   49    1   48      0.0      0.0    0      0.0   X1Sigma+
    50      0.0    1   50    1   49      0.0      0.0    0      0.0   X1Sigma+


 Memory Report:
 Active Arrays                                          size (MB)
 contrfunc                  5.120                                                
 Total memory   =                                           5.295 MB
 Maximal memory =                                          11.052 MB (             4.0)

 (       23 arrays contributing less than 1% are not shown)


Construct the hamiltonian matrix
...done!

Non-zero matrix elements of the coupled Sigma-Lambda matrix:
Threshold for printing is   2.22E-16 cm^-1
RV == Rotational-vibrational
SO == Spin-Orbit interaction
SS == Spin-Spin interaction
JS == J.S interaction (aka S-uncoupling)
LS == L.J interaction (aka L-uncoupling)
LS == L.S interaction (spin-electronic)
RV=       2170.644;
 


Eigenvalues for J =      0.0

       J      i        Energy/cm  State   v  lambda spin   sigma   omega  parity
       0.0    1         -0.000000   1     0   0     0.0     0.0     0.0   +    ||X1Sigma+
       0.0    2         49.444607   1     1   0     0.0     0.0     0.0   +    ||X1Sigma+

Zero point energy (ZPE) =      24.794637558396

j =       1.0

Define the quanta book-keeping
The total number sigma/lambda states (size of the sigma-lambda submatrix) = 1

Sigma-Lambda basis set:
     i     jrot  state   spin    sigma lambda   omega
     1      1.0    1      0.0      0.0    0      0.0   X1Sigma+
...done!

Contracted basis set:
     i     jrot ilevel ivib state v     spin    sigma lambda   omega   Name
     1      1.0    1    1    1    0      0.0      0.0    0      0.0   X1Sigma+
     2      1.0    1    2    1    1      0.0      0.0    0      0.0   X1Sigma+
     3      1.0    1    3    1    2      0.0      0.0    0      0.0   X1Sigma+
     4      1.0    1    4    1    3      0.0      0.0    0      0.0   X1Sigma+
     5      1.0    1    5    1    4      0.0      0.0    0      0.0   X1Sigma+
     6      1.0    1    6    1    5      0.0      0.0    0      0.0   X1Sigma+
     7      1.0    1    7    1    6      0.0      0.0    0      0.0   X1Sigma+
     8      1.0    1    8    1    7      0.0      0.0    0      0.0   X1Sigma+
     9      1.0    1    9    1    8      0.0      0.0    0      0.0   X1Sigma+
    10      1.0    1   10    1    9      0.0      0.0    0      0.0   X1Sigma+
    11      1.0    1   11    1   10      0.0      0.0    0      0.0   X1Sigma+
    12      1.0    1   12    1   11      0.0      0.0    0      0.0   X1Sigma+
    13      1.0    1   13    1   12      0.0      0.0    0      0.0   X1Sigma+
    14      1.0    1   14    1   13      0.0      0.0    0      0.0   X1Sigma+
    15      1.0    1   15    1   14      0.0      0.0    0      0.0   X1Sigma+
    16      1.0    1   16    1   15      0.0      0.0    0      0.0   X1Sigma+
    17      1.0    1   17    1   16      0.0      0.0    0      0.0   X1Sigma+
    18      1.0    1   18    1   17      0.0      0.0    0      0.0   X1Sigma+
    19      1.0    1   19    1   18      0.0      0.0    0      0.0   X1Sigma+
    20      1.0    1   20    1   19      0.0      0.0    0      0.0   X1Sigma+
    21      1.0    1   21    1   20      0.0      0.0    0      0.0   X1Sigma+
    22      1.0    1   22    1   21      0.0      0.0    0      0.0   X1Sigma+
    23      1.0    1   23    1   22      0.0      0.0    0      0.0   X1Sigma+
    24      1.0    1   24    1   23      0.0      0.0    0      0.0   X1Sigma+
    25      1.0    1   25    1   24      0.0      0.0    0      0.0   X1Sigma+
    26      1.0    1   26    1   25      0.0      0.0    0      0.0   X1Sigma+
    27      1.0    1   27    1   26      0.0      0.0    0      0.0   X1Sigma+
    28      1.0    1   28    1   27      0.0      0.0    0      0.0   X1Sigma+
    29      1.0    1   29    1   28      0.0      0.0    0      0.0   X1Sigma+
    30      1.0    1   30    1   29      0.0      0.0    0      0.0   X1Sigma+
    31      1.0    1   31    1   30      0.0      0.0    0      0.0   X1Sigma+
    32      1.0    1   32    1   31      0.0      0.0    0      0.0   X1Sigma+
    33      1.0    1   33    1   32      0.0      0.0    0      0.0   X1Sigma+
    34      1.0    1   34    1   33      0.0      0.0    0      0.0   X1Sigma+
    35      1.0    1   35    1   34      0.0      0.0    0      0.0   X1Sigma+
    36      1.0    1   36    1   35      0.0      0.0    0      0.0   X1Sigma+
    37      1.0    1   37    1   36      0.0      0.0    0      0.0   X1Sigma+
    38      1.0    1   38    1   37      0.0      0.0    0      0.0   X1Sigma+
    39      1.0    1   39    1   38      0.0      0.0    0      0.0   X1Sigma+
    40      1.0    1   40    1   39      0.0      0.0    0      0.0   X1Sigma+
    41      1.0    1   41    1   40      0.0      0.0    0      0.0   X1Sigma+
    42      1.0    1   42    1   41      0.0      0.0    0      0.0   X1Sigma+
    43      1.0    1   43    1   42      0.0      0.0    0      0.0   X1Sigma+
    44      1.0    1   44    1   43      0.0      0.0    0      0.0   X1Sigma+
    45      1.0    1   45    1   44      0.0      0.0    0      0.0   X1Sigma+
    46      1.0    1   46    1   45      0.0      0.0    0      0.0   X1Sigma+
    47      1.0    1   47    1   46      0.0      0.0    0      0.0   X1Sigma+
    48      1.0    1   48    1   47      0.0      0.0    0      0.0   X1Sigma+
    49      1.0    1   49    1   48      0.0      0.0    0      0.0   X1Sigma+
    50      1.0    1   50    1   49      0.0      0.0    0      0.0   X1Sigma+


 Memory Report:
 Active Arrays                                          size (MB)
 contrfunc                  5.120                                                
 Total memory   =                                           5.295 MB
 Maximal memory =                                          11.052 MB (             4.0)

 (       31 arrays contributing less than 1% are not shown)


Construct the hamiltonian matrix
...done!

Non-zero matrix elements of the coupled Sigma-Lambda matrix:
Threshold for printing is   2.22E-16 cm^-1
RV == Rotational-vibrational
SO == Spin-Orbit interaction
SS == Spin-Spin interaction
JS == J.S interaction (aka S-uncoupling)
LS == L.J interaction (aka L-uncoupling)
LS == L.S interaction (spin-electronic)
RV=       2170.672;
 


Eigenvalues for J =      1.0

       J      i        Energy/cm  State   v  lambda spin   sigma   omega  parity
       1.0    1          0.032701   1     0   0     0.0     0.0     0.0   -    ||X1Sigma+
       1.0    2         49.477236   1     1   0     0.0     0.0     0.0   -    ||X1Sigma+

Zero point energy (ZPE) =      24.794637558396


 Memory Report:
 Active Arrays                                          size (MB)
 GRID                       0.044                                                
 grid%r                     0.006                                                
 r-field                    0.026                                                
 DUMMY                      0.006                                                
 brot                       0.020                                                
 X1Sigma+                   0.020                                                
 BROT                       0.026                                                
 Total memory   =                                           0.149 MB
 Maximal memory =                                          11.052 MB (             4.0)

 (       25 arrays contributing less than 1% are not shown)


              Timing data at 2025/04/28 12:09:12

 Timer                               Calls  Total time (seconds)  Self time (seconds)
 -----                               -----  --------------------  -------------------
                                                 Real       CPU        Real       CPU

 Duo                                    1.        0.3       0.3         0.0       0.0
 Solve vibrational part                 1.        0.2       0.2         0.2       0.2
 Build vibrational Hamiltonian          1.        0.0       0.0         0.0       0.0

 (  8 timers contributing less than 1% are not shown)

