 ____                                        ____  _   _  ___
|  _ \ _ __ ___   __ _ _ __ __ _ _ __ ___   |  _ \| | | |/ _ \
| |_) | '__/ _ \ / _` | '__/ _` | '_ ` _ \  | | | | | | | | | |
|  __/| | | (_) | (_| | | | (_| | | | | | | | |_| | |_| | |_| |
|_|   |_|  \___/ \__, |_|  \__,_|_| |_| |_| |____/ \___/ \___/
                 |___/


Please refer to:
 Sergei N. Yurchenko, Lorenzo Lodi, Jonathan Tennyson and Andrey V. Stolyarov, 
 `DUO: A general program for calculating spectra of diatomic molecules',
  Computer Physics Communication, Volume 202, May 2016, pages 262-275
  Contacts: s.yurchenko@ucl.ac.uk; l.lodi@ucl.ac.uk; j.tennyson@ucl.ac.uk; 
            avstol@phys.chem.msu.ru
  http://arxiv.org/abs/1601.06531
  Check https://github.com/Trovemaster for the latest version!

Values of physical constants used by DUO:
                    Planck constant h =   6.626069570000E-27    erg*second
                     Speed of light c =     29979245800.0000     cm/second
                       Bohr radius a0 =      0.5291772109200     angstroms
                    Hartree energy Eh =    219474.6313708000         cm^-1
           Unified atomic mass unit u =   1.660538921000E-24         grams
           Unified atomic mass unit u =   1822.8884861185961            me
                    Electron charge e =   1.602176565000E-19      Coulombs
                Boltzmann constant kB =   1.380648800000E-16    erg/Kelvin
                Boltzmann constant kB =   0.6950347606422950  cm^-1/Kelvin
                    Avogadro constant =   6.022141290000E+23        mol^-1
      Fine structure constant 1/alpha =   137.03599907466793
                     Electron mass me =   9.109382903261E-28         grams
                  a.u. of dipole e*a0 =       2.541746363812        debyes
                          1 erg      =>   1.000000000000E-07         Joule
                          1 erg      =>   5.034117008194E+15         cm^-1
                          1 eV       =>      8065.5442959967         cm^-1
                          1 kCal/mol =>       349.7550878997         cm^-1
                          1 kJ/mol   =>        83.5934722514         cm^-1
                          1 THz      =>        33.3564095198         cm^-1

(Transcript of the input --->)
( DUO Input for X1Sigma+, A1Sigma+, b3Pi coupled states example )
( Based on Kruzins et al. model for RbCs A-b complex )
( Parameters from J. Chem. Phys. 141, 184309 (2014) supplementary data )

( === Global Setup === )

atoms Na Rb-85
nstates 1
jrot 0, 1


(Symmetry is Cs(M) for heternuclear and C2v(M) for homonuclear)
symmetry Cs(M)


grid
npoints  800
range  2.5, 15.0
type 0
end

(here: defining the vibration basis for the uncoupled problem: should be larger than in EigenSolver !)
VibrationalBasis
vmax 50
end

(here: enermax is for all J and the coupled problem)
EigenSolver
nroots 1
end

do_not_shift_pecs


( === Potential Energy Curves === )
( State 1: X 1Sigma+ ground state )
poten 1
name "X1Sigma+"
symmetry +
lambda 0
mult  1
units cm-1
units angstroms
type grid
Interpolationtype Cubicsplines
values
  2.328379     8404.861336
  2.434214     6962.753384
  2.540050     5638.277974
  2.645885     4450.751772
  2.751720     3411.726056
  2.857556     2525.479308
  2.963391     1790.088689
  3.069227     1198.833601
  3.175062      741.638249
  3.280897      406.364347
  3.598404        0.000000
  3.704239       21.237682
  3.915910      228.823834
  4.021745      395.252237
  4.127581      591.841239
  4.233416      811.103199
  4.339251     1046.449731
  4.445087     1292.123598
  4.550922     1543.128525
  4.656758     1795.169307
  4.762593     2044.590001
  4.868428     2288.327114
  4.974264     2523.865664
  5.185935     2962.801012
  5.291770     3163.570853
  5.397605     3350.811640
  5.503441     3524.177197
  5.609276     3683.630587
  5.715112     3829.392776
  5.820947     3961.898653
  5.926782     4081.745716
  6.032618     4189.651999
  6.138453     4286.416235
  6.244289     4372.880878
  6.350124     4449.905873
  6.455959     4518.340038
  6.561795     4579.007282
  6.667630     4632.691457
  6.773466     4680.126158
  6.879301     4721.992897
  6.985136     4758.914105
  7.090972     4791.457562
  7.196807     4820.134731
  7.302643     4845.404360
  7.408478     4867.675241
  7.514313     4887.312141
  7.620149     4904.635669
  7.725984     4919.931229
  7.831820     4933.448496
  7.937655     4945.408020
  8.043490     4956.001951
  8.149326     4965.400096
  8.255161     4973.750249
  8.360997     4981.181222
  8.572667     4993.724043
  8.678503     4999.020141
  8.784338     5003.770165
  8.890174     5008.039056
  8.996009     5011.883703
  9.101844     5015.354365
  9.207680     5018.493511
  9.313515     5021.339768
  9.419351     5023.925728
  9.525186     5026.279856
  9.842692     5032.190703
 10.054363     5035.359127
 10.160198     5036.756522
 10.266034     5038.045145
 10.477705     5040.336021
 10.583540     5041.355020
 10.795211     5043.175628
 10.901046     5043.989484
 11.430223     5047.283732
 11.853565     5049.205759
 11.959400     5049.610866
 12.065236     5049.990271
 12.171071     5050.345623
 12.276906     5050.679027
 12.594413     5051.562654
 12.700248     5051.823082
 12.806083     5052.068521
 12.911919     5052.300198
 13.017754     5052.518663
 13.123590     5052.725474
 13.229425     5052.921026
 13.335260     5053.106306
 13.441096     5053.282281
 13.546931     5053.449301
 13.652767     5053.608047
 13.758602     5053.759134
 13.864437     5053.903416
 13.970273     5054.040786
 14.076108     5054.172361
 14.181944     5054.298076
 14.287779     5054.418501
 14.393614     5054.534055
 14.499450     5054.644999
 14.605285     5054.751422
 14.711121     5054.853939
 14.816956     5054.952659
 14.922791     5055.047669
 15.028627     5055.139278
 15.134462     5055.227770
 15.240298     5055.313058
 15.346133     5055.395559
 15.451968     5055.475250
 15.557804     5055.552329
 15.663639     5055.626687
 15.769475     5055.698872
 15.875310     5055.768687
 16.086981     5055.901491
end


checkpoint
eigenfunc save
filename chk/X
end
(<--- End of the input.)

Atom #1 specified as: Na
Information from the internal database:
Nuclide full name          = Sodium-23
Element name               = Sodium
Element symbol             = Na
Nuclear charge Z           =    11
Atomic mass                =      22.989769281960 +/-  1.94E-09 Daltons
Nuclear mass               =      22.983734902960   (=atomic mass - Z*me)
Nuclear mass + core elec.  =      22.989220702051   (=nuclear mass +  10*me)
Nuclear spin               =   1.5 hbar
Nuclear stability          = Stable nuclide
Natural isotopic abundance =   100.000000 %

Using the following mass m1 =           22.989769281960

Atom #2 specified as: Rb-85
Information from the internal database:
Nuclide full name          = Rubidium-85
Element name               = Rubidium
Element symbol             = Rb
Nuclear charge Z           =    37
Atomic mass                =      84.911789737900 +/-  5.35E-09 Daltons
Nuclear mass               =      84.891492281264   (=atomic mass - Z*me)
Nuclear mass + core elec.  =      84.911241157991   (=nuclear mass +  36*me)
Nuclear spin               =   2.5 hbar
Nuclear stability          = Stable nuclide
Natural isotopic abundance =    72.170000 %

Using the following mass m2 =           84.911789737900

Reduced mass is      18.0915129783558         atomic mass units (Daltons)
Reduced mass is      32978.8107047099         atomic units (electron masses)

Using a uniformly spaced grid with npoints =             800
rmin, rmax, step (in ang)   =          2.50000000000000        15.00000000000000         0.01564455569462
rmin, rmax, step (in bohrs) =          4.72431531141265        28.34589186847593         0.02956392560333

Generate a grid representation for all Hamiltonian terms
...done!


Potential functions:
     1                        X1Sigma+  type =                 GRID
            r(Ang)                     1
        2.50000000        6.12335396E+03
        2.51564456        5.93158600E+03
        2.53128911        5.74275454E+03
        2.54693367        5.55682253E+03
        2.56257822        5.37379819E+03
        2.57822278        5.19374267E+03
        2.59386733        5.01672011E+03
        2.60951189        4.84279465E+03
        2.62515645        4.67203045E+03
        2.64080100        4.50449164E+03
        2.65644556        4.34023939E+03
        2.67209011        4.17930127E+03
        2.68773467        4.02168362E+03
        2.70337922        3.86739249E+03
        2.71902378        3.71643389E+03
        2.73466834        3.56881385E+03
        2.75031289        3.42453839E+03
        2.76595745        3.28361214E+03
        2.78160200        3.14603233E+03
        2.79724656        3.01179376E+03
        2.81289111        2.88089126E+03
        2.82853567        2.75331964E+03
        2.84418023        2.62907372E+03
        2.85982478        2.50814829E+03
        2.87546934        2.39053378E+03
        2.89111389        2.27620916E+03
        2.90675845        2.16515154E+03
        2.92240300        2.05733807E+03
        2.93804756        1.95274585E+03
        2.95369212        1.85135203E+03
        2.96933667        1.75313363E+03
        2.98498123        1.65806350E+03
        3.00062578        1.56610876E+03
        3.01627034        1.47723612E+03
        3.03191489        1.39141228E+03
        3.04755945        1.30860395E+03
        3.06320401        1.22877783E+03
        3.07884856        1.15190040E+03
        3.09449312        1.07793476E+03
        3.11013767        1.00684154E+03
        3.12578223        9.38581298E+02
        3.14142678        8.73114598E+02
        3.15707134        8.10402004E+02
        3.17271589        7.50404082E+02
        3.18836045        6.93080918E+02
        3.20400501        6.38389603E+02
        3.21964956        5.86286058E+02
        3.23529412        5.36726203E+02
        3.25093867        4.89665957E+02
        3.26658323        4.45061241E+02
        3.28222778        4.02867973E+02
        3.29787234        3.63042526E+02
        3.31351690        3.25542675E+02
        3.32916145        2.90326466E+02
        3.34480601        2.57351945E+02
        3.36045056        2.26577159E+02
        3.37609512        1.97960154E+02
        3.39173967        1.71458977E+02
        3.40738423        1.47031675E+02
        3.42302879        1.24636293E+02
        3.43867334        1.04230879E+02
        3.45431790        8.57734778E+01
        3.46996245        6.92221369E+01
        3.48560701        5.45349025E+01
        3.50125156        4.16698210E+01
        3.51689612        3.05849389E+01
        3.53254068        2.12383026E+01
        3.54818523        1.35879586E+01
        3.56382979        7.59195336E+00
        3.57947434        3.20833324E+00
        3.59511890        3.95144730E-01
        3.61076345       -8.89123700E-01
        3.62640801       -6.82609903E-01
        3.64205257        9.78103183E-01
        3.65769712        4.05644092E+00
        3.67334168        8.51582867E+00
        3.68898623        1.43196918E+01
        3.70463079        2.14314557E+01
        3.72027534        2.98153113E+01
        3.73591990        3.94382910E+01
        3.75156446        5.02680857E+01
        3.76720901        6.22723865E+01
        3.78285357        7.54188846E+01
        3.79849812        8.96752710E+01
        3.81414268        1.05009237E+02
        3.82978723        1.21388473E+02
        3.84543179        1.38780671E+02
        3.86107635        1.57153521E+02
        3.87672090        1.76474715E+02
        3.89236546        1.96711943E+02
        3.90801001        2.17832898E+02
        3.92365457        2.39805390E+02
        3.93929912        2.62600059E+02
        3.95494368        2.86190413E+02
        3.97058824        3.10550088E+02
        3.98623279        3.35652717E+02
        4.00187735        3.61471936E+02
        4.01752190        3.87981379E+02
        4.03316646        4.15154811E+02
        4.04881101        4.42967200E+02
        4.06445557        4.71394167E+02
        4.08010013        5.00411343E+02
        4.09574468        5.29994357E+02
        4.11138924        5.60118837E+02
        4.12703379        5.90760412E+02
        4.14267835        6.21895189E+02
        4.15832290        6.53501392E+02
        4.17396746        6.85557831E+02
        4.18961202        7.18043318E+02
        4.20525657        7.50936665E+02
        4.22090113        7.84216683E+02
        4.23654568        8.17862188E+02
        4.25219024        8.51852728E+02
        4.26783479        8.86169490E+02
        4.28347935        9.20793883E+02
        4.29912390        9.55707316E+02
        4.31476846        9.90891197E+02
        4.33041302        1.02632693E+03
        4.34605757        1.06199597E+03
        4.36170213        1.09788085E+03
        4.37734668        1.13396544E+03
        4.39299124        1.17023367E+03
        4.40863579        1.20666948E+03
        4.42428035        1.24325679E+03
        4.43992491        1.27997954E+03
        4.45556946        1.31682178E+03
        4.47121402        1.35376880E+03
        4.48685857        1.39080672E+03
        4.50250313        1.42792164E+03
        4.51814768        1.46509970E+03
        4.53379224        1.50232701E+03
        4.54943680        1.53958969E+03
        4.56508135        1.57687411E+03
        4.58072591        1.61416809E+03
        4.59637046        1.65145986E+03
        4.61201502        1.68873769E+03
        4.62765957        1.72598985E+03
        4.64330413        1.76320458E+03
        4.65894869        1.80037015E+03
        4.67459324        1.83747527E+03
        4.69023780        1.87450983E+03
        4.70588235        1.91146391E+03
        4.72152691        1.94832760E+03
        4.73717146        1.98509099E+03
        4.75281602        2.02174417E+03
        4.76846058        2.05827723E+03
        4.78410513        2.09468103E+03
        4.79974969        2.13094748E+03
        4.81539424        2.16706856E+03
        4.83103880        2.20303624E+03
        4.84668335        2.23884250E+03
        4.86232791        2.27447933E+03
        4.87797247        2.30993874E+03
        4.89361702        2.34521344E+03
        4.90926158        2.38029663E+03
        4.92490613        2.41518152E+03
        4.94055069        2.44986133E+03
        4.95619524        2.48432928E+03
        4.97183980        2.51857857E+03
        4.98748436        2.55260269E+03
        5.00312891        2.58639675E+03
        5.01877347        2.61995652E+03
        5.03441802        2.65327779E+03
        5.05006258        2.68635633E+03
        5.06570713        2.71918792E+03
        5.08135169        2.75176832E+03
        5.09699625        2.78409332E+03
        5.11264080        2.81615869E+03
        5.12828536        2.84796021E+03
        5.14392991        2.87949365E+03
        5.15957447        2.91075478E+03
        5.17521902        2.94173939E+03
        5.19086358        2.97244326E+03
        5.20650814        3.00286301E+03
        5.22215269        3.03299665E+03
        5.23779725        3.06284227E+03
        5.25344180        3.09239801E+03
        5.26908636        3.12166198E+03
        5.28473091        3.15063229E+03
        5.30037547        3.17930708E+03
        5.31602003        3.20768483E+03
        5.33166458        3.23576433E+03
        5.34730914        3.26354437E+03
        5.36295369        3.29102375E+03
        5.37859825        3.31820126E+03
        5.39424280        3.34507569E+03
        5.40988736        3.37164595E+03
        5.42553191        3.39791164E+03
        5.44117647        3.42387273E+03
        5.45682103        3.44952917E+03
        5.47246558        3.47488095E+03
        5.48811014        3.49992801E+03
        5.50375469        3.52467032E+03
        5.51939925        3.54910797E+03
        5.53504380        3.57324155E+03
        5.55068836        3.59707176E+03
        5.56633292        3.62059930E+03
        5.58197747        3.64382487E+03
        5.59762203        3.66674916E+03
        5.61326658        3.68937289E+03
        5.62891114        3.71169699E+03
        5.64455569        3.73372287E+03
        5.66020025        3.75545199E+03
        5.67584481        3.77688583E+03
        5.69148936        3.79802582E+03
        5.70713392        3.81887344E+03
        5.72277847        3.83943016E+03
        5.73842303        3.85969766E+03
        5.75406758        3.87967789E+03
        5.76971214        3.89937278E+03
        5.78535670        3.91878426E+03
        5.80100125        3.93791428E+03
        5.81664581        3.95676478E+03
        5.83229036        3.97533771E+03
        5.84793492        3.99363529E+03
        5.86357947        4.01165984E+03
        5.87922403        4.02941371E+03
        5.89486859        4.04689922E+03
        5.91051314        4.06411871E+03
        5.92615770        4.08107453E+03
        5.94180225        4.09776903E+03
        5.95744681        4.11420479E+03
        5.97309136        4.13038443E+03
        5.98873592        4.14631056E+03
        6.00438048        4.16198580E+03
        6.02002503        4.17741276E+03
        6.03566959        4.19259406E+03
        6.05131414        4.20753236E+03
        6.06695870        4.22223035E+03
        6.08260325        4.23669074E+03
        6.09824781        4.25091627E+03
        6.11389237        4.26490963E+03
        6.12953692        4.27867356E+03
        6.14518148        4.29221076E+03
        6.16082603        4.30552399E+03
        6.17647059        4.31861607E+03
        6.19211514        4.33148979E+03
        6.20775970        4.34414798E+03
        6.22340426        4.35659344E+03
        6.23904881        4.36882899E+03
        6.25469337        4.38085743E+03
        6.27033792        4.39268152E+03
        6.28598248        4.40430401E+03
        6.30162703        4.41572763E+03
        6.31727159        4.42695513E+03
        6.33291615        4.43798924E+03
        6.34856070        4.44883270E+03
        6.36420526        4.45948824E+03
        6.37984981        4.46995855E+03
        6.39549437        4.48024629E+03
        6.41113892        4.49035412E+03
        6.42678348        4.50028473E+03
        6.44242804        4.51004077E+03
        6.45807259        4.51962492E+03
        6.47371715        4.52903980E+03
        6.48936170        4.53828799E+03
        6.50500626        4.54737203E+03
        6.52065081        4.55629447E+03
        6.53629537        4.56505784E+03
        6.55193992        4.57366471E+03
        6.56758448        4.58211761E+03
        6.58322904        4.59041901E+03
        6.59887359        4.59857128E+03
        6.61451815        4.60657679E+03
        6.63016270        4.61443788E+03
        6.64580726        4.62215692E+03
        6.66145181        4.62973626E+03
        6.67709637        4.63717826E+03
        6.69274093        4.64448520E+03
        6.70838548        4.65165928E+03
        6.72403004        4.65870274E+03
        6.73967459        4.66561778E+03
        6.75531915        4.67240663E+03
        6.77096370        4.67907149E+03
        6.78660826        4.68561456E+03
        6.80225282        4.69203791E+03
        6.81789737        4.69834353E+03
        6.83354193        4.70453342E+03
        6.84918648        4.71060957E+03
        6.86483104        4.71657400E+03
        6.88047559        4.72242870E+03
        6.89612015        4.72817564E+03
        6.91176471        4.73381667E+03
        6.92740926        4.73935363E+03
        6.94305382        4.74478836E+03
        6.95869837        4.75012270E+03
        6.97434293        4.75535847E+03
        6.98998748        4.76049752E+03
        7.00563204        4.76554162E+03
        7.02127660        4.77049242E+03
        7.03692115        4.77535159E+03
        7.05256571        4.78012077E+03
        7.06821026        4.78480161E+03
        7.08385482        4.78939578E+03
        7.09949937        4.79390491E+03
        7.11514393        4.79833056E+03
        7.13078849        4.80267423E+03
        7.14643304        4.80693737E+03
        7.16207760        4.81112148E+03
        7.17772215        4.81522802E+03
        7.19336671        4.81925848E+03
        7.20901126        4.82321431E+03
        7.22465582        4.82709690E+03
        7.24030038        4.83090754E+03
        7.25594493        4.83464757E+03
        7.27158949        4.83831829E+03
        7.28723404        4.84192104E+03
        7.30287860        4.84545712E+03
        7.31852315        4.84892784E+03
        7.33416771        4.85233439E+03
        7.34981227        4.85567796E+03
        7.36545682        4.85895972E+03
        7.38110138        4.86218085E+03
        7.39674593        4.86534254E+03
        7.41239049        4.86844597E+03
        7.42803504        4.87149225E+03
        7.44367960        4.87448245E+03
        7.45932416        4.87741756E+03
        7.47496871        4.88029863E+03
        7.49061327        4.88312668E+03
        7.50625782        4.88590273E+03
        7.52190238        4.88862781E+03
        7.53754693        4.89130289E+03
        7.55319149        4.89392891E+03
        7.56883605        4.89650679E+03
        7.58448060        4.89903747E+03
        7.60012516        4.90152187E+03
        7.61576971        4.90396092E+03
        7.63141427        4.90635554E+03
        7.64705882        4.90870657E+03
        7.66270338        4.91101482E+03
        7.67834793        4.91328107E+03
        7.69399249        4.91550613E+03
        7.70963705        4.91769078E+03
        7.72528160        4.91983584E+03
        7.74092616        4.92194207E+03
        7.75657071        4.92401023E+03
        7.77221527        4.92604101E+03
        7.78785982        4.92803514E+03
        7.80350438        4.92999334E+03
        7.81914894        4.93191633E+03
        7.83479349        4.93380481E+03
        7.85043805        4.93565948E+03
        7.86608260        4.93748097E+03
        7.88172716        4.93926988E+03
        7.89737171        4.94102683E+03
        7.91301627        4.94275243E+03
        7.92866083        4.94444730E+03
        7.94430538        4.94611205E+03
        7.95994994        4.94774726E+03
        7.97559449        4.94935349E+03
        7.99123905        4.95093129E+03
        8.00688360        4.95248120E+03
        8.02252816        4.95400377E+03
        8.03817272        4.95549956E+03
        8.05381727        4.95696911E+03
        8.06946183        4.95841293E+03
        8.08510638        4.95983149E+03
        8.10075094        4.96122527E+03
        8.11639549        4.96259474E+03
        8.13204005        4.96394039E+03
        8.14768461        4.96526270E+03
        8.16332916        4.96656212E+03
        8.17897372        4.96783909E+03
        8.19461827        4.96909401E+03
        8.21026283        4.97032730E+03
        8.22590738        4.97153936E+03
        8.24155194        4.97273061E+03
        8.25719650        4.97390145E+03
        8.27284105        4.97505228E+03
        8.28848561        4.97618349E+03
        8.30413016        4.97729546E+03
        8.31977472        4.97838855E+03
        8.33541927        4.97946316E+03
        8.35106383        4.98051965E+03
        8.36670839        4.98155841E+03
        8.38235294        4.98257978E+03
        8.39799750        4.98358406E+03
        8.41364205        4.98457154E+03
        8.42928661        4.98554252E+03
        8.44493116        4.98649729E+03
        8.46057572        4.98743615E+03
        8.47622028        4.98835940E+03
        8.49186483        4.98926734E+03
        8.50750939        4.99016024E+03
        8.52315394        4.99103843E+03
        8.53879850        4.99190217E+03
        8.55444305        4.99275178E+03
        8.57008761        4.99358755E+03
        8.58573217        4.99440977E+03
        8.60137672        4.99521869E+03
        8.61702128        4.99601454E+03
        8.63266583        4.99679757E+03
        8.64831039        4.99756800E+03
        8.66395494        4.99832608E+03
        8.67959950        4.99907203E+03
        8.69524406        4.99980610E+03
        8.71088861        5.00052849E+03
        8.72653317        5.00123941E+03
        8.74217772        5.00193907E+03
        8.75782228        5.00262768E+03
        8.77346683        5.00330546E+03
        8.78911139        5.00397261E+03
        8.80475594        5.00462932E+03
        8.82040050        5.00527580E+03
        8.83604506        5.00591221E+03
        8.85168961        5.00653874E+03
        8.86733417        5.00715557E+03
        8.88297872        5.00776288E+03
        8.89862328        5.00836086E+03
        8.91426783        5.00894969E+03
        8.92991239        5.00952951E+03
        8.94555695        5.01010051E+03
        8.96120150        5.01066284E+03
        8.97684606        5.01121667E+03
        8.99249061        5.01176216E+03
        9.00813517        5.01229947E+03
        9.02377972        5.01282875E+03
        9.03942428        5.01335014E+03
        9.05506884        5.01386375E+03
        9.07071339        5.01436973E+03
        9.08635795        5.01486820E+03
        9.10200250        5.01535930E+03
        9.11764706        5.01584317E+03
        9.13329161        5.01631992E+03
        9.14893617        5.01678969E+03
        9.16458073        5.01725261E+03
        9.18022528        5.01770880E+03
        9.19586984        5.01815840E+03
        9.21151439        5.01860153E+03
        9.22715895        5.01903831E+03
        9.24280350        5.01946885E+03
        9.25844806        5.01989325E+03
        9.27409262        5.02031162E+03
        9.28973717        5.02072405E+03
        9.30538173        5.02113065E+03
        9.32102628        5.02153153E+03
        9.33667084        5.02192677E+03
        9.35231539        5.02231648E+03
        9.36795995        5.02270073E+03
        9.38360451        5.02307962E+03
        9.39924906        5.02345325E+03
        9.41489362        5.02382169E+03
        9.43053817        5.02418504E+03
        9.44618273        5.02454339E+03
        9.46182728        5.02489683E+03
        9.47747184        5.02524545E+03
        9.49311640        5.02558934E+03
        9.50876095        5.02592858E+03
        9.52440551        5.02626328E+03
        9.54005006        5.02659350E+03
        9.55569462        5.02691933E+03
        9.57133917        5.02724083E+03
        9.58698373        5.02755805E+03
        9.60262829        5.02787105E+03
        9.61827284        5.02817991E+03
        9.63391740        5.02848468E+03
        9.64956195        5.02878542E+03
        9.66520651        5.02908219E+03
        9.68085106        5.02937506E+03
        9.69649562        5.02966409E+03
        9.71214018        5.02994934E+03
        9.72778473        5.03023088E+03
        9.74342929        5.03050876E+03
        9.75907384        5.03078304E+03
        9.77471840        5.03105380E+03
        9.79036295        5.03132108E+03
        9.80600751        5.03158496E+03
        9.82165207        5.03184549E+03
        9.83729662        5.03210274E+03
        9.85294118        5.03235676E+03
        9.86858573        5.03260761E+03
        9.88423029        5.03285533E+03
        9.89987484        5.03309997E+03
        9.91551940        5.03334156E+03
        9.93116395        5.03358015E+03
        9.94680851        5.03381579E+03
        9.96245307        5.03404851E+03
        9.97809762        5.03427835E+03
        9.99374218        5.03450537E+03
       10.00938673        5.03472961E+03
       10.02503129        5.03495110E+03
       10.04067584        5.03516989E+03
       10.05632040        5.03538603E+03
       10.07196496        5.03559954E+03
       10.08760951        5.03581049E+03
       10.10325407        5.03601888E+03
       10.11889862        5.03622477E+03
       10.13454318        5.03642820E+03
       10.15018773        5.03662918E+03
       10.16583229        5.03682777E+03
       10.18147685        5.03702399E+03
       10.19712140        5.03721789E+03
       10.21276596        5.03740949E+03
       10.22841051        5.03759883E+03
       10.24405507        5.03778595E+03
       10.25969962        5.03797088E+03
       10.27534418        5.03815366E+03
       10.29098874        5.03833431E+03
       10.30663329        5.03851287E+03
       10.32227785        5.03868935E+03
       10.33792240        5.03886379E+03
       10.35356696        5.03903622E+03
       10.36921151        5.03920665E+03
       10.38485607        5.03937512E+03
       10.40050063        5.03954166E+03
       10.41614518        5.03970628E+03
       10.43178974        5.03986902E+03
       10.44743429        5.04002990E+03
       10.46307885        5.04018895E+03
       10.47872340        5.04034620E+03
       10.49436796        5.04050167E+03
       10.51001252        5.04065539E+03
       10.52565707        5.04080738E+03
       10.54130163        5.04095765E+03
       10.55694618        5.04110624E+03
       10.57259074        5.04125317E+03
       10.58823529        5.04139845E+03
       10.60387985        5.04154212E+03
       10.61952441        5.04168418E+03
       10.63516896        5.04182466E+03
       10.65081352        5.04196359E+03
       10.66645807        5.04210097E+03
       10.68210263        5.04223683E+03
       10.69774718        5.04237119E+03
       10.71339174        5.04250406E+03
       10.72903630        5.04263548E+03
       10.74468085        5.04276545E+03
       10.76032541        5.04289400E+03
       10.77596996        5.04302115E+03
       10.79161452        5.04314691E+03
       10.80725907        5.04327131E+03
       10.82290363        5.04339436E+03
       10.83854819        5.04351609E+03
       10.85419274        5.04363651E+03
       10.86983730        5.04375563E+03
       10.88548185        5.04387348E+03
       10.90112641        5.04399008E+03
       10.91677096        5.04410544E+03
       10.93241552        5.04421957E+03
       10.94806008        5.04433248E+03
       10.96370463        5.04444420E+03
       10.97934919        5.04455473E+03
       10.99499374        5.04466408E+03
       11.01063830        5.04477226E+03
       11.02628285        5.04487930E+03
       11.04192741        5.04498519E+03
       11.05757196        5.04508996E+03
       11.07321652        5.04519361E+03
       11.08886108        5.04529616E+03
       11.10450563        5.04539762E+03
       11.12015019        5.04549800E+03
       11.13579474        5.04559732E+03
       11.15143930        5.04569559E+03
       11.16708385        5.04579281E+03
       11.18272841        5.04588900E+03
       11.19837297        5.04598418E+03
       11.21401752        5.04607836E+03
       11.22966208        5.04617154E+03
       11.24530663        5.04626375E+03
       11.26095119        5.04635498E+03
       11.27659574        5.04644527E+03
       11.29224030        5.04653461E+03
       11.30788486        5.04662302E+03
       11.32352941        5.04671052E+03
       11.33917397        5.04679711E+03
       11.35481852        5.04688281E+03
       11.37046308        5.04696762E+03
       11.38610763        5.04705157E+03
       11.40175219        5.04713467E+03
       11.41739675        5.04721692E+03
       11.43304130        5.04729834E+03
       11.44868586        5.04737894E+03
       11.46433041        5.04745873E+03
       11.47997497        5.04753771E+03
       11.49561952        5.04761590E+03
       11.51126408        5.04769331E+03
       11.52690864        5.04776993E+03
       11.54255319        5.04784579E+03
       11.55819775        5.04792087E+03
       11.57384230        5.04799521E+03
       11.58948686        5.04806880E+03
       11.60513141        5.04814164E+03
       11.62077597        5.04821376E+03
       11.63642053        5.04828515E+03
       11.65206508        5.04835583E+03
       11.66770964        5.04842580E+03
       11.68335419        5.04849507E+03
       11.69899875        5.04856365E+03
       11.71464330        5.04863155E+03
       11.73028786        5.04869877E+03
       11.74593242        5.04876532E+03
       11.76157697        5.04883122E+03
       11.77722153        5.04889646E+03
       11.79286608        5.04896106E+03
       11.80851064        5.04902503E+03
       11.82415519        5.04908836E+03
       11.83979975        5.04915108E+03
       11.85544431        5.04921319E+03
       11.87108886        5.04927469E+03
       11.88673342        5.04933560E+03
       11.90237797        5.04939591E+03
       11.91802253        5.04945564E+03
       11.93366708        5.04951480E+03
       11.94931164        5.04957339E+03
       11.96495620        5.04963141E+03
       11.98060075        5.04968887E+03
       11.99624531        5.04974578E+03
       12.01188986        5.04980215E+03
       12.02753442        5.04985797E+03
       12.04317897        5.04991324E+03
       12.05882353        5.04996799E+03
       12.07446809        5.05002220E+03
       12.09011264        5.05007588E+03
       12.10575720        5.05012905E+03
       12.12140175        5.05018171E+03
       12.13704631        5.05023387E+03
       12.15269086        5.05028554E+03
       12.16833542        5.05033672E+03
       12.18397997        5.05038743E+03
       12.19962453        5.05043766E+03
       12.21526909        5.05048743E+03
       12.23091364        5.05053673E+03
       12.24655820        5.05058557E+03
       12.26220275        5.05063396E+03
       12.27784731        5.05068190E+03
       12.29349186        5.05072939E+03
       12.30913642        5.05077644E+03
       12.32478098        5.05082306E+03
       12.34042553        5.05086924E+03
       12.35607009        5.05091500E+03
       12.37171464        5.05096034E+03
       12.38735920        5.05100525E+03
       12.40300375        5.05104976E+03
       12.41864831        5.05109385E+03
       12.43429287        5.05113755E+03
       12.44993742        5.05118084E+03
       12.46558198        5.05122374E+03
       12.48122653        5.05126625E+03
       12.49687109        5.05130838E+03
       12.51251564        5.05135013E+03
       12.52816020        5.05139150E+03
       12.54380476        5.05143250E+03
       12.55944931        5.05147314E+03
       12.57509387        5.05151341E+03
       12.59073842        5.05155333E+03
       12.60638298        5.05159290E+03
       12.62202753        5.05163211E+03
       12.63767209        5.05167099E+03
       12.65331665        5.05170952E+03
       12.66896120        5.05174771E+03
       12.68460576        5.05178557E+03
       12.70025031        5.05182309E+03
       12.71589487        5.05186028E+03
       12.73153942        5.05189715E+03
       12.74718398        5.05193370E+03
       12.76282854        5.05196993E+03
       12.77847309        5.05200586E+03
       12.79411765        5.05204148E+03
       12.80976220        5.05207680E+03
       12.82540676        5.05211183E+03
       12.84105131        5.05214657E+03
       12.85669587        5.05218100E+03
       12.87234043        5.05221515E+03
       12.88798498        5.05224899E+03
       12.90362954        5.05228254E+03
       12.91927409        5.05231579E+03
       12.93491865        5.05234875E+03
       12.95056320        5.05238142E+03
       12.96620776        5.05241381E+03
       12.98185232        5.05244593E+03
       12.99749687        5.05247779E+03
       13.01314143        5.05250939E+03
       13.02878598        5.05254075E+03
       13.04443054        5.05257186E+03
       13.06007509        5.05260272E+03
       13.07571965        5.05263334E+03
       13.09136421        5.05266371E+03
       13.10700876        5.05269383E+03
       13.12265332        5.05272369E+03
       13.13829787        5.05275331E+03
       13.15394243        5.05278268E+03
       13.16958698        5.05281180E+03
       13.18523154        5.05284069E+03
       13.20087610        5.05286934E+03
       13.21652065        5.05289776E+03
       13.23216521        5.05292595E+03
       13.24780976        5.05295392E+03
       13.26345432        5.05298166E+03
       13.27909887        5.05300919E+03
       13.29474343        5.05303651E+03
       13.31038798        5.05306363E+03
       13.32603254        5.05309053E+03
       13.34167710        5.05311724E+03
       13.35732165        5.05314374E+03
       13.37296621        5.05317005E+03
       13.38861076        5.05319615E+03
       13.40425532        5.05322206E+03
       13.41989987        5.05324777E+03
       13.43554443        5.05327328E+03
       13.45118899        5.05329859E+03
       13.46683354        5.05332370E+03
       13.48247810        5.05334862E+03
       13.49812265        5.05337335E+03
       13.51376721        5.05339789E+03
       13.52941176        5.05342224E+03
       13.54505632        5.05344642E+03
       13.56070088        5.05347041E+03
       13.57634543        5.05349423E+03
       13.59198999        5.05351787E+03
       13.60763454        5.05354133E+03
       13.62327910        5.05356462E+03
       13.63892365        5.05358774E+03
       13.65456821        5.05361068E+03
       13.67021277        5.05363345E+03
       13.68585732        5.05365606E+03
       13.70150188        5.05367851E+03
       13.71714643        5.05370079E+03
       13.73279099        5.05372293E+03
       13.74843554        5.05374492E+03
       13.76408010        5.05376677E+03
       13.77972466        5.05378847E+03
       13.79536921        5.05381004E+03
       13.81101377        5.05383145E+03
       13.82665832        5.05385271E+03
       13.84230288        5.05387382E+03
       13.85794743        5.05389477E+03
       13.87359199        5.05391556E+03
       13.88923655        5.05393619E+03
       13.90488110        5.05395667E+03
       13.92052566        5.05397701E+03
       13.93617021        5.05399720E+03
       13.95181477        5.05401727E+03
       13.96745932        5.05403721E+03
       13.98310388        5.05405704E+03
       13.99874844        5.05407674E+03
       14.01439299        5.05409633E+03
       14.03003755        5.05411579E+03
       14.04568210        5.05413513E+03
       14.06132666        5.05415434E+03
       14.07697121        5.05417341E+03
       14.09261577        5.05419235E+03
       14.10826033        5.05421116E+03
       14.12390488        5.05422984E+03
       14.13954944        5.05424840E+03
       14.15519399        5.05426683E+03
       14.17083855        5.05428514E+03
       14.18648310        5.05430334E+03
       14.20212766        5.05432143E+03
       14.21777222        5.05433941E+03
       14.23341677        5.05435727E+03
       14.24906133        5.05437503E+03
       14.26470588        5.05439267E+03
       14.28035044        5.05441021E+03
       14.29599499        5.05442764E+03
       14.31163955        5.05444497E+03
       14.32728411        5.05446219E+03
       14.34292866        5.05447930E+03
       14.35857322        5.05449631E+03
       14.37421777        5.05451323E+03
       14.38986233        5.05453004E+03
       14.40550688        5.05454675E+03
       14.42115144        5.05456336E+03
       14.43679599        5.05457988E+03
       14.45244055        5.05459629E+03
       14.46808511        5.05461260E+03
       14.48372966        5.05462881E+03
       14.49937422        5.05464492E+03
       14.51501877        5.05466093E+03
       14.53066333        5.05467683E+03
       14.54630788        5.05469264E+03
       14.56195244        5.05470836E+03
       14.57759700        5.05472398E+03
       14.59324155        5.05473952E+03
       14.60888611        5.05475497E+03
       14.62453066        5.05477034E+03
       14.64017522        5.05478563E+03
       14.65581977        5.05480084E+03
       14.67146433        5.05481597E+03
       14.68710889        5.05483101E+03
       14.70275344        5.05484597E+03
       14.71839800        5.05486085E+03
       14.73404255        5.05487564E+03
       14.74968711        5.05489035E+03
       14.76533166        5.05490498E+03
       14.78097622        5.05491952E+03
       14.79662078        5.05493398E+03
       14.81226533        5.05494836E+03
       14.82790989        5.05496266E+03
       14.84355444        5.05497688E+03
       14.85919900        5.05499101E+03
       14.87484355        5.05500507E+03
       14.89048811        5.05501905E+03
       14.90613267        5.05503295E+03
       14.92177722        5.05504678E+03
       14.93742178        5.05506053E+03
       14.95306633        5.05507420E+03
       14.96871089        5.05508781E+03
       14.98435544        5.05510134E+03
       15.00000000        5.05511481E+03

Equilibrium properties
           imin =                     72
   r_imin / ang =           3.6107634543
V(r_imin) / cm-1 =           -0.88912370
 Has a single min?                   Yes
 True r_e  / ang =          3.6107634543

Derivatives at true re
der0, cm-1       =         -0.8891237001
der1, cm-1/ang   =        -34.0506105586
der2, cm-1/ang^2 =       6090.4708722285
der3, cm-1/ang^3 =      -9647.2592787572
der4, cm-1/ang^4 =      25199.7607368744

Harmonic we, cm-1=        106.5371899184
  Rotat. B0, cm-1=          0.0714699589
Anharm. const. xe=          0.0000482658
 Coriol. ae, cm-1=          0.0002607668
  Centr. De, cm-1=          0.0000001287
        Y00, cm-1=          0.0636564165

Approximate J=0 vibrational energy levels (no couplings) 
 given by E(v, J=0) = V(re) + Y00 + we*(v+0.5) - we*xe*(v+0.5)^2
                 v
                 0         19.2803552921
                 1        125.8072610106
                 2        232.3238825293
                 3        338.8302198481

            Spin =                   0.0
        |Lambda| =                   0.0
  Physical J_min =                   0.0

Approximate J=J_min vibrational-rotational energy levels (no couplings)
 given by E(v, J) = E(v, J=0) B0*J*(J+1)- ae*(v+0.5)*J*(J+1) - De*[J(J+1)]^2
                 v
                 0         19.2803552921
                 1        125.8072610106
                 2        232.3238825293
                 3        338.8302198481


Construct the J=0 matrix
Solving one-dimentional Schrodinger equations using : SINC

Vibrational (contracted) energies: 
    i        Energy/cm    State v

    1          0.000000 [    1   0 ] X1Sigma+
    2        105.464602 [    1   1 ] X1Sigma+
    3        210.233671 [    1   2 ] X1Sigma+
    4        314.236989 [    1   3 ] X1Sigma+
    5        417.451487 [    1   4 ] X1Sigma+
    6        519.882903 [    1   5 ] X1Sigma+
    7        621.527073 [    1   6 ] X1Sigma+
    8        722.378548 [    1   7 ] X1Sigma+
    9        822.432745 [    1   8 ] X1Sigma+
   10        921.684887 [    1   9 ] X1Sigma+
   11       1020.129218 [    1  10 ] X1Sigma+
   12       1117.758856 [    1  11 ] X1Sigma+
   13       1214.566975 [    1  12 ] X1Sigma+
   14       1310.546970 [    1  13 ] X1Sigma+
   15       1405.691044 [    1  14 ] X1Sigma+
   16       1499.992358 [    1  15 ] X1Sigma+
   17       1593.442403 [    1  16 ] X1Sigma+
   18       1686.032869 [    1  17 ] X1Sigma+
   19       1777.755281 [    1  18 ] X1Sigma+
   20       1868.600152 [    1  19 ] X1Sigma+
   21       1958.558254 [    1  20 ] X1Sigma+
   22       2047.619790 [    1  21 ] X1Sigma+
   23       2135.774037 [    1  22 ] X1Sigma+
   24       2223.010383 [    1  23 ] X1Sigma+
   25       2309.317444 [    1  24 ] X1Sigma+
   26       2394.682983 [    1  25 ] X1Sigma+
   27       2479.094678 [    1  26 ] X1Sigma+
   28       2562.539058 [    1  27 ] X1Sigma+
   29       2645.002336 [    1  28 ] X1Sigma+
   30       2726.471193 [    1  29 ] X1Sigma+
   31       2806.931795 [    1  30 ] X1Sigma+
   32       2886.369559 [    1  31 ] X1Sigma+
   33       2964.768317 [    1  32 ] X1Sigma+
   34       3042.109902 [    1  33 ] X1Sigma+
   35       3118.376133 [    1  34 ] X1Sigma+
   36       3193.549229 [    1  35 ] X1Sigma+
   37       3267.610785 [    1  36 ] X1Sigma+
   38       3340.541530 [    1  37 ] X1Sigma+
   39       3412.320629 [    1  38 ] X1Sigma+
   40       3482.926323 [    1  39 ] X1Sigma+
   41       3552.336691 [    1  40 ] X1Sigma+
   42       3620.528546 [    1  41 ] X1Sigma+
   43       3687.477713 [    1  42 ] X1Sigma+
   44       3753.159012 [    1  43 ] X1Sigma+
   45       3817.545978 [    1  44 ] X1Sigma+
   46       3880.611528 [    1  45 ] X1Sigma+
   47       3942.327174 [    1  46 ] X1Sigma+
   48       4002.663264 [    1  47 ] X1Sigma+
   49       4061.588928 [    1  48 ] X1Sigma+
   50       4119.071924 [    1  49 ] X1Sigma+

j =       0.0

Define the quanta book-keeping
The total number sigma/lambda states (size of the sigma-lambda submatrix) = 1

Sigma-Lambda basis set:
     i     jrot  state   spin    sigma lambda   omega
     1      0.0    1      0.0      0.0    0      0.0   X1Sigma+
...done!

Contracted basis set:
     i     jrot ilevel ivib state v     spin    sigma lambda   omega   Name
     1      0.0    1    1    1    0      0.0      0.0    0      0.0   X1Sigma+
     2      0.0    1    2    1    1      0.0      0.0    0      0.0   X1Sigma+
     3      0.0    1    3    1    2      0.0      0.0    0      0.0   X1Sigma+
     4      0.0    1    4    1    3      0.0      0.0    0      0.0   X1Sigma+
     5      0.0    1    5    1    4      0.0      0.0    0      0.0   X1Sigma+
     6      0.0    1    6    1    5      0.0      0.0    0      0.0   X1Sigma+
     7      0.0    1    7    1    6      0.0      0.0    0      0.0   X1Sigma+
     8      0.0    1    8    1    7      0.0      0.0    0      0.0   X1Sigma+
     9      0.0    1    9    1    8      0.0      0.0    0      0.0   X1Sigma+
    10      0.0    1   10    1    9      0.0      0.0    0      0.0   X1Sigma+
    11      0.0    1   11    1   10      0.0      0.0    0      0.0   X1Sigma+
    12      0.0    1   12    1   11      0.0      0.0    0      0.0   X1Sigma+
    13      0.0    1   13    1   12      0.0      0.0    0      0.0   X1Sigma+
    14      0.0    1   14    1   13      0.0      0.0    0      0.0   X1Sigma+
    15      0.0    1   15    1   14      0.0      0.0    0      0.0   X1Sigma+
    16      0.0    1   16    1   15      0.0      0.0    0      0.0   X1Sigma+
    17      0.0    1   17    1   16      0.0      0.0    0      0.0   X1Sigma+
    18      0.0    1   18    1   17      0.0      0.0    0      0.0   X1Sigma+
    19      0.0    1   19    1   18      0.0      0.0    0      0.0   X1Sigma+
    20      0.0    1   20    1   19      0.0      0.0    0      0.0   X1Sigma+
    21      0.0    1   21    1   20      0.0      0.0    0      0.0   X1Sigma+
    22      0.0    1   22    1   21      0.0      0.0    0      0.0   X1Sigma+
    23      0.0    1   23    1   22      0.0      0.0    0      0.0   X1Sigma+
    24      0.0    1   24    1   23      0.0      0.0    0      0.0   X1Sigma+
    25      0.0    1   25    1   24      0.0      0.0    0      0.0   X1Sigma+
    26      0.0    1   26    1   25      0.0      0.0    0      0.0   X1Sigma+
    27      0.0    1   27    1   26      0.0      0.0    0      0.0   X1Sigma+
    28      0.0    1   28    1   27      0.0      0.0    0      0.0   X1Sigma+
    29      0.0    1   29    1   28      0.0      0.0    0      0.0   X1Sigma+
    30      0.0    1   30    1   29      0.0      0.0    0      0.0   X1Sigma+
    31      0.0    1   31    1   30      0.0      0.0    0      0.0   X1Sigma+
    32      0.0    1   32    1   31      0.0      0.0    0      0.0   X1Sigma+
    33      0.0    1   33    1   32      0.0      0.0    0      0.0   X1Sigma+
    34      0.0    1   34    1   33      0.0      0.0    0      0.0   X1Sigma+
    35      0.0    1   35    1   34      0.0      0.0    0      0.0   X1Sigma+
    36      0.0    1   36    1   35      0.0      0.0    0      0.0   X1Sigma+
    37      0.0    1   37    1   36      0.0      0.0    0      0.0   X1Sigma+
    38      0.0    1   38    1   37      0.0      0.0    0      0.0   X1Sigma+
    39      0.0    1   39    1   38      0.0      0.0    0      0.0   X1Sigma+
    40      0.0    1   40    1   39      0.0      0.0    0      0.0   X1Sigma+
    41      0.0    1   41    1   40      0.0      0.0    0      0.0   X1Sigma+
    42      0.0    1   42    1   41      0.0      0.0    0      0.0   X1Sigma+
    43      0.0    1   43    1   42      0.0      0.0    0      0.0   X1Sigma+
    44      0.0    1   44    1   43      0.0      0.0    0      0.0   X1Sigma+
    45      0.0    1   45    1   44      0.0      0.0    0      0.0   X1Sigma+
    46      0.0    1   46    1   45      0.0      0.0    0      0.0   X1Sigma+
    47      0.0    1   47    1   46      0.0      0.0    0      0.0   X1Sigma+
    48      0.0    1   48    1   47      0.0      0.0    0      0.0   X1Sigma+
    49      0.0    1   49    1   48      0.0      0.0    0      0.0   X1Sigma+
    50      0.0    1   50    1   49      0.0      0.0    0      0.0   X1Sigma+


 Memory Report:
 Active Arrays                                          size (MB)
 contrfunc                  5.120                                                
 Total memory   =                                           5.262 MB
 Maximal memory =                                          11.019 MB (             4.0)

 (       22 arrays contributing less than 1% are not shown)


Construct the hamiltonian matrix
...done!

Non-zero matrix elements of the coupled Sigma-Lambda matrix:
Threshold for printing is   2.22E-16 cm^-1
RV == Rotational-vibrational
SO == Spin-Orbit interaction
SS == Spin-Spin interaction
JS == J.S interaction (aka S-uncoupling)
LS == L.J interaction (aka L-uncoupling)
LS == L.S interaction (spin-electronic)
RV=       4171.052;
 


Eigenvalues for J =      0.0

       J      i        Energy/cm  State   v  lambda spin   sigma   omega  parity
       0.0    1          0.000000   1     0   0     0.0     0.0     0.0   +    ||X1Sigma+

Zero point energy (ZPE) =      51.980348624113

j =       1.0

Define the quanta book-keeping
The total number sigma/lambda states (size of the sigma-lambda submatrix) = 1

Sigma-Lambda basis set:
     i     jrot  state   spin    sigma lambda   omega
     1      1.0    1      0.0      0.0    0      0.0   X1Sigma+
...done!

Contracted basis set:
     i     jrot ilevel ivib state v     spin    sigma lambda   omega   Name
     1      1.0    1    1    1    0      0.0      0.0    0      0.0   X1Sigma+
     2      1.0    1    2    1    1      0.0      0.0    0      0.0   X1Sigma+
     3      1.0    1    3    1    2      0.0      0.0    0      0.0   X1Sigma+
     4      1.0    1    4    1    3      0.0      0.0    0      0.0   X1Sigma+
     5      1.0    1    5    1    4      0.0      0.0    0      0.0   X1Sigma+
     6      1.0    1    6    1    5      0.0      0.0    0      0.0   X1Sigma+
     7      1.0    1    7    1    6      0.0      0.0    0      0.0   X1Sigma+
     8      1.0    1    8    1    7      0.0      0.0    0      0.0   X1Sigma+
     9      1.0    1    9    1    8      0.0      0.0    0      0.0   X1Sigma+
    10      1.0    1   10    1    9      0.0      0.0    0      0.0   X1Sigma+
    11      1.0    1   11    1   10      0.0      0.0    0      0.0   X1Sigma+
    12      1.0    1   12    1   11      0.0      0.0    0      0.0   X1Sigma+
    13      1.0    1   13    1   12      0.0      0.0    0      0.0   X1Sigma+
    14      1.0    1   14    1   13      0.0      0.0    0      0.0   X1Sigma+
    15      1.0    1   15    1   14      0.0      0.0    0      0.0   X1Sigma+
    16      1.0    1   16    1   15      0.0      0.0    0      0.0   X1Sigma+
    17      1.0    1   17    1   16      0.0      0.0    0      0.0   X1Sigma+
    18      1.0    1   18    1   17      0.0      0.0    0      0.0   X1Sigma+
    19      1.0    1   19    1   18      0.0      0.0    0      0.0   X1Sigma+
    20      1.0    1   20    1   19      0.0      0.0    0      0.0   X1Sigma+
    21      1.0    1   21    1   20      0.0      0.0    0      0.0   X1Sigma+
    22      1.0    1   22    1   21      0.0      0.0    0      0.0   X1Sigma+
    23      1.0    1   23    1   22      0.0      0.0    0      0.0   X1Sigma+
    24      1.0    1   24    1   23      0.0      0.0    0      0.0   X1Sigma+
    25      1.0    1   25    1   24      0.0      0.0    0      0.0   X1Sigma+
    26      1.0    1   26    1   25      0.0      0.0    0      0.0   X1Sigma+
    27      1.0    1   27    1   26      0.0      0.0    0      0.0   X1Sigma+
    28      1.0    1   28    1   27      0.0      0.0    0      0.0   X1Sigma+
    29      1.0    1   29    1   28      0.0      0.0    0      0.0   X1Sigma+
    30      1.0    1   30    1   29      0.0      0.0    0      0.0   X1Sigma+
    31      1.0    1   31    1   30      0.0      0.0    0      0.0   X1Sigma+
    32      1.0    1   32    1   31      0.0      0.0    0      0.0   X1Sigma+
    33      1.0    1   33    1   32      0.0      0.0    0      0.0   X1Sigma+
    34      1.0    1   34    1   33      0.0      0.0    0      0.0   X1Sigma+
    35      1.0    1   35    1   34      0.0      0.0    0      0.0   X1Sigma+
    36      1.0    1   36    1   35      0.0      0.0    0      0.0   X1Sigma+
    37      1.0    1   37    1   36      0.0      0.0    0      0.0   X1Sigma+
    38      1.0    1   38    1   37      0.0      0.0    0      0.0   X1Sigma+
    39      1.0    1   39    1   38      0.0      0.0    0      0.0   X1Sigma+
    40      1.0    1   40    1   39      0.0      0.0    0      0.0   X1Sigma+
    41      1.0    1   41    1   40      0.0      0.0    0      0.0   X1Sigma+
    42      1.0    1   42    1   41      0.0      0.0    0      0.0   X1Sigma+
    43      1.0    1   43    1   42      0.0      0.0    0      0.0   X1Sigma+
    44      1.0    1   44    1   43      0.0      0.0    0      0.0   X1Sigma+
    45      1.0    1   45    1   44      0.0      0.0    0      0.0   X1Sigma+
    46      1.0    1   46    1   45      0.0      0.0    0      0.0   X1Sigma+
    47      1.0    1   47    1   46      0.0      0.0    0      0.0   X1Sigma+
    48      1.0    1   48    1   47      0.0      0.0    0      0.0   X1Sigma+
    49      1.0    1   49    1   48      0.0      0.0    0      0.0   X1Sigma+
    50      1.0    1   50    1   49      0.0      0.0    0      0.0   X1Sigma+


 Memory Report:
 Active Arrays                                          size (MB)
 contrfunc                  5.120                                                
 Total memory   =                                           5.262 MB
 Maximal memory =                                          11.019 MB (             4.0)

 (       30 arrays contributing less than 1% are not shown)


Construct the hamiltonian matrix
...done!

Non-zero matrix elements of the coupled Sigma-Lambda matrix:
Threshold for printing is   2.22E-16 cm^-1
RV == Rotational-vibrational
SO == Spin-Orbit interaction
SS == Spin-Spin interaction
JS == J.S interaction (aka S-uncoupling)
LS == L.J interaction (aka L-uncoupling)
LS == L.S interaction (spin-electronic)
RV=       4171.152;
 


Eigenvalues for J =      1.0

       J      i        Energy/cm  State   v  lambda spin   sigma   omega  parity
       1.0    1          0.142212   1     0   0     0.0     0.0     0.0   -    ||X1Sigma+

Zero point energy (ZPE) =      51.980348624113


 Memory Report:
 Active Arrays                                          size (MB)
 GRID                       0.010                                                
 grid%r                     0.006                                                
 r-field                    0.026                                                
 DUMMY                      0.006                                                
 brot                       0.020                                                
 X1Sigma+                   0.020                                                
 BROT                       0.026                                                
 Total memory   =                                           0.115 MB
 Maximal memory =                                          11.019 MB (             4.0)

 (       24 arrays contributing less than 1% are not shown)


              Timing data at 2025/04/29 15:33:56

 Timer                               Calls  Total time (seconds)  Self time (seconds)
 -----                               -----  --------------------  -------------------
                                                 Real       CPU        Real       CPU

 Duo                                    1.        0.3       0.3         0.0       0.0
 Map on grid                            1.        0.0       0.0         0.0       0.0
 Grid representaions                    1.        0.0       0.0         0.0       0.0
 Solve vibrational part                 1.        0.2       0.2         0.2       0.2
 Build vibrational Hamiltonian          1.        0.0       0.0         0.0       0.0

 (  6 timers contributing less than 1% are not shown)

