(Transcript of the input --->)
masses 87 133
(This is a comment: I will only introduce X1Sigma+ (GS) here)

nstates 1
jrot 0
(Symmetry is Cs(M) for heternuclear and C2v(M) for homonuclear)
symmetry Cs(M)

(defining the grid)
(Doc: typical npoints is 100 to 500 pts. Need to check convergence then)
(range in level16: 2.0 13.8 or 2.0 20.0, same results)
(type0: uniform distribution. Here we can try with type 0 for beggining but type 2 looks good)

grid
  npoints  200
  range  2.8, 13.8
  type 0
end

(here: defining the vibration basis for the uncoupled problem: should be larger than in EigenSolver !)
VibrationalBasis
 vmax 50
 enermax 200000.0
end

(here: enermax is for all J and the coupled problem)
EigenSolver
 enermax 200000.0
 nroots 30
end


do_not_shift_pecs

(Specifications of curved and coupling)
(1: index of the potential. Should be less than nstates)
poten 1
name "X1Sigma+ ground state"
symmetry +
lambda 0
mult  1
units cm-1
units angstroms
type grid
Interpolationtype Cubicsplines
values
2.800000 13071.271547
2.825814 12221.936011
2.851628 11434.746517
2.877442 10704.653737
2.903256 10027.058685
2.929070 9397.769035
2.954884 8812.960018
2.980698 8269.139371
3.006512 7763.115891
3.032326 7291.971211
3.058140 6853.034416
3.083953 6443.859220
3.109767 6062.203412
3.135581 5706.010327
3.161395 5373.392147
3.187209 5062.614806
3.213023 4772.084369
3.238837 4500.334707
3.264651 4246.016337
3.290465 4007.886329
3.316279 3784.319553
3.342093 3570.090785
3.367907 3364.980042
3.393721 3168.564523
3.419535 2980.448266
3.445349 2800.268166
3.471163 2627.694001
3.496977 2462.426370
3.522791 2304.194035
3.548605 2152.751132
3.574419 2007.874408
3.600233 1869.360510
3.626047 1737.023375
3.651860 1610.691771
3.677674 1490.207023
3.703488 1375.420956
3.729302 1266.194093
3.755116 1162.394085
3.780930 1063.894382
3.806744 970.573122
3.832558 882.312205
3.858372 798.996538
3.884186 720.513420
3.910000 646.752048
3.935814 577.603112
3.961628 512.958483
3.987442 452.710962
4.013256 396.754089
4.039070 344.982003
4.064884 297.289338
4.090698 253.571161
4.116512 213.722940
4.142326 177.640532
4.168140 145.220201
4.193953 116.358650
4.219767 90.953072
4.245581 68.901206
4.271395 50.101411
4.297209 34.452734
4.323023 21.854995
4.348837 12.208865
4.374651 5.415943
4.400465 1.378837
4.426279 0.001238
4.452093 1.187989
4.477907 4.845156
4.503721 10.880084
4.529535 19.201458
4.555349 29.719349
4.581163 42.345265
4.606977 56.992185
4.632791 73.574602
4.658605 92.008544
4.684419 112.211609
4.710233 134.102981
4.736047 157.603452
4.761860 182.635432
4.787674 209.122965
4.813488 236.991731
4.839302 266.169059
4.865116 296.583922
4.890930 328.166940
4.916744 360.850382
4.942558 394.568154
4.968372 429.255800
4.994186 464.850492
5.020000 501.291019
5.045814 538.517781
5.071628 576.472770
5.097442 615.099567
5.123256 654.343317
5.149070 694.150723
5.174884 734.470025
5.200698 775.250984
5.226512 816.444869
5.252326 858.004434
5.278140 899.883902
5.303953 942.038947
5.329767 984.426677
5.355581 1027.005609
5.381395 1069.735659
5.407209 1112.578115
5.433023 1155.495620
5.458837 1198.452156
5.484651 1241.413021
5.510465 1284.344811
5.536279 1327.215401
5.562093 1369.993927
5.587907 1412.650766
5.613721 1455.157515
5.639535 1497.486978
5.665349 1539.613139
5.691163 1581.511152
5.716977 1623.157315
5.742791 1664.529054
5.768605 1705.604905
5.794419 1746.364494
5.820233 1786.788516
5.846047 1826.858719
5.871860 1866.557883
5.897674 1905.869800
5.923488 1944.779256
5.949302 1983.272007
5.975116 2021.334763
6.000930 2058.955167
6.026744 2096.121771
6.052558 2132.824019
6.078372 2169.052222
6.104186 2204.797539
6.130000 2240.051955
6.155814 2274.808259
6.181628 2309.060019
6.207442 2342.801563
6.233256 2376.027955
6.259070 2408.734972
6.284884 2440.919082
6.310698 2472.577418
6.336512 2503.707759
6.362326 2534.308502
6.388140 2564.378645
6.413953 2593.917755
6.439767 2622.925954
6.465581 2651.403887
6.491395 2679.352708
6.517209 2706.774049
6.543023 2733.670000
6.568837 2760.043088
6.594651 2785.896255
6.620465 2811.232832
6.646279 2836.056520
6.672093 2860.371368
6.697907 2884.181752
6.723721 2907.492357
6.749535 2930.308150
6.775349 2952.634366
6.801163 2974.476487
6.826977 2995.840223
6.852791 3016.731493
6.878605 3037.156408
6.904419 3057.121254
6.930233 3076.632473
6.956047 3095.696650
6.981860 3114.320494
7.007674 3132.510825
7.033488 3150.274561
7.059302 3167.618699
7.085116 3184.550306
7.110930 3201.076505
7.136744 3217.204464
7.162558 3232.941380
7.188372 3248.294474
7.214186 3263.270974
7.240000 3277.878113
7.265814 3292.123111
7.291628 3306.013173
7.317442 3319.555477
7.343256 3332.757166
7.369070 3345.625343
7.394884 3358.167062
7.420698 3370.389323
7.446512 3382.299067
7.472326 3393.903167
7.498140 3405.208426
7.523953 3416.221572
7.549767 3426.949252
7.575581 3437.398030
7.601395 3447.574385
7.627209 3457.484703
7.653023 3467.135279
7.678837 3476.532312
7.704651 3485.681903
7.730465 3494.590057
7.756279 3503.262673
7.782093 3511.705552
7.807907 3519.924390
7.833721 3527.924780
7.859535 3535.712209
7.885349 3543.292059
7.911163 3550.669609
7.936977 3557.850029
7.962791 3564.838387
7.988605 3571.639645
8.014419 3578.258660
8.040233 3584.700185
8.066047 3590.968871
8.091860 3597.069265
8.117674 3603.005813
8.143488 3608.782862
8.169302 3614.404656
8.195116 3619.875344
8.220930 3625.198977
8.246744 3630.379508
8.272558 3635.420798
8.298372 3640.326614
8.324186 3645.100632
8.350000 3649.746435
8.375814 3654.267521
8.401628 3658.667298
8.427442 3662.949089
8.453256 3667.116133
8.479070 3671.171587
8.504884 3675.118526
8.530698 3678.959946
8.556512 3682.698765
8.582326 3686.337825
8.608140 3689.879892
8.633953 3693.327660
8.659767 3696.683752
8.685581 3699.950719
8.711395 3703.131046
8.737209 3706.227150
8.763023 3709.241382
8.788837 3712.176028
8.814651 3715.033315
8.840465 3717.815407
8.866279 3720.524407
8.892093 3723.162362
8.917907 3725.731262
8.943721 3728.233042
8.969535 3730.669581
8.995349 3733.042708
9.021163 3735.354199
9.046977 3737.605780
9.072791 3739.799130
9.098605 3741.935879
9.124419 3744.017611
9.150233 3746.045865
9.176047 3748.022137
9.201860 3749.947878
9.227674 3751.824501
9.253488 3753.653375
9.279302 3755.435832
9.305116 3757.173165
9.330930 3758.866630
9.356744 3760.517447
9.382558 3762.126799
9.408372 3763.695837
9.434186 3765.225678
9.460000 3766.717407
9.485814 3768.172077
9.511628 3769.590710
9.537442 3770.974300
9.563256 3772.323811
9.589070 3773.640180
9.614884 3774.924315
9.640698 3776.177099
9.666512 3777.399390
9.692326 3778.592020
9.718140 3779.755798
9.743953 3780.891509
9.769767 3781.999914
9.795581 3783.081754
9.821395 3784.137749
9.847209 3785.168595
9.873023 3786.174972
9.898837 3787.157537
9.924651 3788.116931
9.950465 3789.053774
9.976279 3789.968670
10.002093 3790.862206
10.027907 3791.734950
10.053721 3792.587455
10.079535 3793.420259
10.105349 3794.233884
10.131163 3795.028837
10.156977 3795.805610
10.182791 3796.564682
10.208605 3797.306518
10.234419 3798.031570
10.260233 3798.740277
10.286047 3799.433065
10.311860 3800.110349
10.337674 3800.772532
10.363488 3801.420004
10.389302 3802.053145
10.415116 3802.672326
10.440930 3803.277904
10.466744 3803.870228
10.492558 3804.449638
10.518372 3805.016462
10.544186 3805.571020
10.570000 3806.113622
10.595814 3806.644570
10.621628 3807.164158
10.647442 3807.672671
10.673256 3808.170384
10.699070 3808.657567
10.724884 3809.134481
10.750698 3809.601380
10.776512 3810.058510
10.802326 3810.506112
10.828140 3810.944418
10.853953 3811.373655
10.879767 3811.794042
10.905581 3812.205795
10.931395 3812.609122
10.957209 3813.004226
10.983023 3813.391304
11.008837 3813.770549
11.034651 3814.142149
11.060465 3814.506287
11.086279 3814.863142
11.112093 3815.212890
11.137907 3815.555702
11.163721 3815.891746
11.189535 3816.221187
11.215349 3816.544187
11.241163 3816.860906
11.266977 3817.171501
11.292791 3817.476129
11.318605 3817.774944
11.344419 3818.068101
11.370233 3818.355751
11.396047 3818.638048
11.421860 3818.915145
11.447674 3819.187196
11.473488 3819.454357
11.499302 3819.716785
11.525116 3819.972653
11.550930 3820.223694
11.576744 3820.470067
11.602558 3820.711874
11.628372 3820.949216
11.654186 3821.182192
11.680000 3821.410898
11.705814 3821.635427
11.731628 3821.855870
11.757442 3822.072316
11.783256 3822.284851
11.809070 3822.493560
11.834884 3822.698525
11.860698 3822.899825
11.886512 3823.097539
11.912326 3823.291744
11.938140 3823.482513
11.963953 3823.669918
11.989767 3823.854032
12.015581 3824.034922
12.041395 3824.212656
12.067209 3824.387299
12.093023 3824.558915
12.118837 3824.727568
12.144651 3824.893317
12.170465 3825.056223
12.196279 3825.216343
12.222093 3825.373735
12.247907 3825.528453
12.273721 3825.680551
12.299535 3825.830083
12.325349 3825.977099
12.351163 3826.121650
12.376977 3826.263786
12.402791 3826.403553
12.428605 3826.541000
12.454419 3826.676171
12.480233 3826.809112
12.506047 3826.939866
12.531860 3827.068476
12.557674 3827.194983
12.583488 3827.319429
12.609302 3827.441852
12.635116 3827.562293
12.660930 3827.680789
12.686744 3827.797377
12.712558 3827.912093
12.738372 3828.024974
12.764186 3828.136054
12.790000 3828.245366
12.815814 3828.352945
12.841628 3828.458823
12.867442 3828.563031
12.893256 3828.665600
12.919070 3828.766562
12.944884 3828.865945
12.970698 3828.963779
12.996512 3829.060093
13.022326 3829.154914
13.048140 3829.248269
13.073953 3829.340185
13.099767 3829.430689
13.125581 3829.519805
13.151395 3829.607560
13.177209 3829.693977
13.203023 3829.779080
13.228837 3829.862893
13.254651 3829.945439
13.280465 3830.026741
13.306279 3830.106819
13.332093 3830.185697
13.357907 3830.263395
13.383721 3830.339934
13.409535 3830.415335
13.435349 3830.489616
13.461163 3830.562798
13.486977 3830.634899
13.512791 3830.705939
13.538605 3830.775935
13.564419 3830.844906
13.590233 3830.912869
13.616047 3830.979842
13.641860 3831.045840
13.667674 3831.110882
13.693488 3831.174983
13.719302 3831.238159
13.745116 3831.300425
13.770930 3831.361797
13.796744 3831.422290
13.822558 3831.481919
13.848372 3831.540698
13.874186 3831.598641
13.900000 3831.655762
end

(<--- End of the input.)

 ____                                        ____  _   _  ___
|  _ \ _ __ ___   __ _ _ __ __ _ _ __ ___   |  _ \| | | |/ _ \
| |_) | '__/ _ \ / _` | '__/ _` | '_ ` _ \  | | | | | | | | | |
|  __/| | | (_) | (_| | | | (_| | | | | | | | |_| | |_| | |_| |
|_|   |_|  \___/ \__, |_|  \__,_|_| |_| |_| |____/ \___/ \___/
                 |___/

Please refer to:
 Sergei N. Yurchenko, Lorenzo Lodi, Jonathan Tennyson and Andrey V. Stolyarov, 
 `DUO: a general program for calculating spectra of diatomic molecules',
  Computer Physics Communication, (to be submitted), 2015.
  Contacts: s.yurchenko@ucl.ac.uk; l.lodi@ucl.ac.uk; j.tennyson@ucl.ac.uk; 
            avstol@phys.chem.msu.ru

Values of physical constants used by DUO:
                    Planck constant h =   6.626069570000E-27    erg*second
                     Speed of light c =     29979245800.0000     cm/second
                       Bohr radius a0 =      0.5291772109200     angstroms
                    Hartree energy Eh =    219474.6313708000         cm^-1
           Unified atomic mass unit u =   1.660538921000E-24         grams
           Unified atomic mass unit u =   1822.8884861185961            me
                    Electron charge e =   1.602176565000E-19      Coulombs
                Boltzmann constant kB =   1.380648800000E-16    erg/Kelvin
                    Avogadro constant =   6.022141290000E+23        mol^-1
      Fine structure constant 1/alpha =   137.03599907466793
                     Electron mass me =   9.109382903261E-28         grams
                  a.u. of dipole e*a0 =       2.541746363812        debyes
                                 1 eV =      8065.5442959967         cm^-1

Reduced mass is      52.5954545454545         atomic mass units (Daltons)
Reduced mass is      95875.6485130831         atomic units (electron masses)

Using a uniformly spaced grid with npoints =             200
rmin, rmax, step (in ang)   =          2.80000000000000        13.80000000000000         0.05527638190955
rmin, rmax, step (in bohrs) =          5.29123314878217        26.07822051899786         0.10445722296591

Generate a grid representation for all Hamiltonian terms
...done!


Potential functions:
     1           X1Sigma+ ground state  type =                 GRID
            r(Ang)                     1
        2.80000000        1.30712715E+04
        2.85527638        1.13283584E+04
        2.91055276        9.84446988E+03
        2.96582915        8.57756669E+03
        3.02110553        7.49265213E+03
        3.07638191        6.56092323E+03
        3.13165829        5.75857370E+03
        3.18693467        5.06580829E+03
        3.24221106        4.46613395E+03
        3.29748744        3.94583749E+03
        3.35276382        3.48419702E+03
        3.40804020        3.06321251E+03
        3.46331658        2.67936336E+03
        3.51859296        2.32945826E+03
        3.57386935        2.01089226E+03
        3.62914573        1.72154406E+03
        3.68442211        1.45965626E+03
        3.73969849        1.22374357E+03
        3.79497487        1.01248551E+03
        3.85025126        8.24680259E+02
        3.90552764        6.59198071E+02
        3.96080402        5.14953427E+02
        4.01608040        3.90887535E+02
        4.07135678        2.85957884E+02
        4.12663317        1.99132655E+02
        4.18190955        1.29388159E+02
        4.23718593        7.57110524E+01
        4.29246231        3.70983389E+01
        4.34773869        1.25604700E+01
        4.40301508        1.12592398E+00
        4.45829146        1.84428298E+00
        4.51356784        1.37894742E+01
        4.56884422        3.60625977E+01
        4.62412060        6.77942590E+01
        4.67939698        1.08146396E+02
        4.73467337        1.56313639E+02
        4.78994975        2.11525402E+02
        4.84522613        2.73042178E+02
        4.90050251        3.40162006E+02
        4.95577889        4.12216601E+02
        5.01105528        4.88572117E+02
        5.06633166        5.68628817E+02
        5.12160804        6.51820605E+02
        5.17688442        7.37614425E+02
        5.23216080        8.25509606E+02
        5.28743719        9.15037555E+02
        5.34271357        1.00576000E+03
        5.39798995        1.09726710E+03
        5.45326633        1.18918059E+03
        5.50854271        1.28114954E+03
        5.56381910        1.37285036E+03
        5.61909548        1.46398601E+03
        5.67437186        1.55428507E+03
        5.72964824        1.64350098E+03
        5.78492462        1.73141114E+03
        5.84020101        1.81781593E+03
        5.89547739        1.90254008E+03
        5.95075377        1.98542417E+03
        6.00603015        2.06633460E+03
        6.06130653        2.14515556E+03
        6.11658291        2.22178985E+03
        6.17185930        2.29615796E+03
        6.22713568        2.36819703E+03
        6.28241206        2.43785987E+03
        6.33768844        2.50511388E+03
        6.39296482        2.56994025E+03
        6.44824121        2.63233306E+03
        6.50351759        2.69229570E+03
        6.55879397        2.74984450E+03
        6.61407035        2.80500439E+03
        6.66934673        2.85780865E+03
        6.72462312        2.90829801E+03
        6.77989950        2.95651969E+03
        6.83517588        3.00252649E+03
        6.89045226        3.04637595E+03
        6.94572864        3.08812946E+03
        7.00100503        3.12785259E+03
        7.05628141        3.16561065E+03
        7.11155779        3.20147343E+03
        7.16683417        3.23551100E+03
        7.22211055        3.26779413E+03
        7.27738693        3.29839377E+03
        7.33266332        3.32738065E+03
        7.38793970        3.35482488E+03
        7.44321608        3.38079560E+03
        7.49849246        3.40536075E+03
        7.55376884        3.42858718E+03
        7.60904523        3.45053886E+03
        7.66432161        3.47127913E+03
        7.71959799        3.49086901E+03
        7.77487437        3.50936739E+03
        7.83015075        3.52683109E+03
        7.88542714        3.54331469E+03
        7.94070352        3.55887061E+03
        7.99597990        3.57354904E+03
        8.05125628        3.58739794E+03
        8.10653266        3.60046343E+03
        8.16180905        3.61278858E+03
        8.21708543        3.62441527E+03
        8.27236181        3.63538300E+03
        8.32763819        3.64572928E+03
        8.38291457        3.65548971E+03
        8.43819095        3.66469801E+03
        8.49346734        3.67338612E+03
        8.54874372        3.68158425E+03
        8.60402010        3.68932096E+03
        8.65929648        3.69662339E+03
        8.71457286        3.70351669E+03
        8.76984925        3.71002507E+03
        8.82512563        3.71617116E+03
        8.88040201        3.72197632E+03
        8.93567839        3.72746067E+03
        8.99095477        3.73264314E+03
        9.04623116        3.73754155E+03
        9.10150754        3.74217267E+03
        9.15678392        3.74655225E+03
        9.21206030        3.75069522E+03
        9.26733668        3.75461532E+03
        9.32261307        3.75832573E+03
        9.37788945        3.76183876E+03
        9.43316583        3.76516595E+03
        9.48844221        3.76831814E+03
        9.54371859        3.77130553E+03
        9.59899497        3.77413767E+03
        9.65427136        3.77682354E+03
        9.70954774        3.77937158E+03
        9.76482412        3.78178976E+03
        9.82010050        3.78408540E+03
        9.87537688        3.78626555E+03
        9.93065327        3.78833676E+03
        9.98592965        3.79030519E+03
       10.04120603        3.79217664E+03
       10.09648241        3.79395655E+03
       10.15175879        3.79565003E+03
       10.20703518        3.79726189E+03
       10.26231156        3.79879664E+03
       10.31758794        3.80025857E+03
       10.37286432        3.80165162E+03
       10.42814070        3.80297955E+03
       10.48341709        3.80424592E+03
       10.53869347        3.80545404E+03
       10.59396985        3.80660702E+03
       10.64924623        3.80770781E+03
       10.70452261        3.80875915E+03
       10.75979899        3.80976365E+03
       10.81507538        3.81072373E+03
       10.87035176        3.81164173E+03
       10.92562814        3.81251974E+03
       10.98090452        3.81335984E+03
       11.03618090        3.81416394E+03
       11.09145729        3.81493387E+03
       11.14673367        3.81567136E+03
       11.20201005        3.81637808E+03
       11.25728643        3.81705561E+03
       11.31256281        3.81770551E+03
       11.36783920        3.81832930E+03
       11.42311558        3.81892849E+03
       11.47839196        3.81950463E+03
       11.53366834        3.82005631E+03
       11.58894472        3.82058492E+03
       11.64422111        3.82109277E+03
       11.69949749        3.82158087E+03
       11.75477387        3.82205013E+03
       11.81005025        3.82250141E+03
       11.86532663        3.82293554E+03
       11.92060302        3.82335328E+03
       11.97587940        3.82375539E+03
       12.03115578        3.82414253E+03
       12.08643216        3.82451538E+03
       12.14170854        3.82487457E+03
       12.19698492        3.82522068E+03
       12.25226131        3.82555429E+03
       12.30753769        3.82587593E+03
       12.36281407        3.82618610E+03
       12.41809045        3.82648529E+03
       12.47336683        3.82677397E+03
       12.52864322        3.82705256E+03
       12.58391960        3.82732149E+03
       12.63919598        3.82758115E+03
       12.69447236        3.82783192E+03
       12.74974874        3.82807415E+03
       12.80502513        3.82830819E+03
       12.86030151        3.82853437E+03
       12.91557789        3.82875300E+03
       12.97085427        3.82896437E+03
       13.02613065        3.82916876E+03
       13.08140704        3.82936646E+03
       13.13668342        3.82955771E+03
       13.19195980        3.82974277E+03
       13.24723618        3.82992186E+03
       13.30251256        3.83009521E+03
       13.35778894        3.83026304E+03
       13.41306533        3.83042556E+03
       13.46834171        3.83058296E+03
       13.52361809        3.83073542E+03
       13.57889447        3.83088314E+03
       13.63417085        3.83102628E+03
       13.68944724        3.83116501E+03
       13.74472362        3.83129949E+03
       13.80000000        3.83142986E+03

Equilibrium properties
           imin =                     30
   r_imin / ang =           4.4030150754
V(r_imin) / cm-1 =            1.12592398
 Has a single min?                    No
 True r_e  / ang =                  N.A.

Derivatives at true re
der0, cm-1       =                  N.A.
der1, cm-1/ang   =                  N.A.
der2, cm-1/ang^2 =                  N.A.
der3, cm-1/ang^3 =                  N.A.
der4, cm-1/ang^4 =                  N.A.

Harmonic we, cm-1=                  N.A.
  Rotat. B0, cm-1=                  N.A.
Anharm. const. xe=                  N.A.
 Coriol. ae, cm-1=                  N.A.
  Centr. De, cm-1=                  N.A.
        Y00, cm-1=                  N.A.

Approximate J=0 vibrational energy levels (no couplings) 
 given by E(v, J=0) = V(re) + Y00 + we*(v+0.5) - we*xe*(v+0.5)^2
                 v
                 0                  N.A.
                 1                  N.A.
                 2                  N.A.
                 3                  N.A.

            Spin =                   0.0
        |Lambda| =                   0.0
  Physical J_min =                   0.0

Approximate J=J_min vibrational-rotational energy levels (no couplings)
 given by E(v, J) = E(v, J=0) B0*J*(J+1)- ae*(v+0.5)*J*(J+1) - De*[J(J+1)]^2
                 v
                 0                  N.A.
                 1                  N.A.
                 2                  N.A.
                 3                  N.A.


Construct the J=0 matrix
Solving one-dimentional Schrodinger equations using : SINC

Vibrational (contracted) energies: 
    N        Energy/cm    State v

    1          0.000000 [    1   0 ] X1Sigma+ ground state
    2         49.422151 [    1   1 ] X1Sigma+ ground state
    3         98.627623 [    1   2 ] X1Sigma+ ground state
    4        147.615630 [    1   3 ] X1Sigma+ ground state
    5        196.385346 [    1   4 ] X1Sigma+ ground state
    6        244.935865 [    1   5 ] X1Sigma+ ground state
    7        293.266189 [    1   6 ] X1Sigma+ ground state
    8        341.375360 [    1   7 ] X1Sigma+ ground state
    9        389.262572 [    1   8 ] X1Sigma+ ground state
   10        436.926846 [    1   9 ] X1Sigma+ ground state
   11        484.366987 [    1  10 ] X1Sigma+ ground state
   12        531.583286 [    1  11 ] X1Sigma+ ground state
   13        578.567325 [    1  12 ] X1Sigma+ ground state
   14        625.340397 [    1  13 ] X1Sigma+ ground state
   15        671.877264 [    1  14 ] X1Sigma+ ground state
   16        718.004443 [    1  15 ] X1Sigma+ ground state
   17        764.704134 [    1  16 ] X1Sigma+ ground state
   18        809.024938 [    1  17 ] X1Sigma+ ground state
   19        855.104622 [    1  18 ] X1Sigma+ ground state
   20        904.071764 [    1  19 ] X1Sigma+ ground state
   21        935.797733 [    1  20 ] X1Sigma+ ground state
   22        998.962903 [    1  21 ] X1Sigma+ ground state
   23       1036.446612 [    1  22 ] X1Sigma+ ground state
   24       1078.832140 [    1  23 ] X1Sigma+ ground state
   25       1160.398713 [    1  24 ] X1Sigma+ ground state
   26       1186.759667 [    1  25 ] X1Sigma+ ground state
   27       1246.047988 [    1  26 ] X1Sigma+ ground state
   28       1333.357770 [    1  27 ] X1Sigma+ ground state
   29       1365.272437 [    1  28 ] X1Sigma+ ground state
   30       1422.170754 [    1  29 ] X1Sigma+ ground state
   31       1511.704545 [    1  30 ] X1Sigma+ ground state
   32       1570.324933 [    1  31 ] X1Sigma+ ground state
   33       1601.610941 [    1  32 ] X1Sigma+ ground state
   34       1691.420137 [    1  33 ] X1Sigma+ ground state
   35       1780.812496 [    1  34 ] X1Sigma+ ground state
   36       1801.809083 [    1  35 ] X1Sigma+ ground state
   37       1869.490564 [    1  36 ] X1Sigma+ ground state
   38       1957.145055 [    1  37 ] X1Sigma+ ground state
   39       2043.537400 [    1  38 ] X1Sigma+ ground state
   40       2060.375724 [    1  39 ] X1Sigma+ ground state
   41       2128.460724 [    1  40 ] X1Sigma+ ground state
   42       2211.704023 [    1  41 ] X1Sigma+ ground state
   43       2293.104102 [    1  42 ] X1Sigma+ ground state
   44       2347.194906 [    1  43 ] X1Sigma+ ground state
   45       2372.515671 [    1  44 ] X1Sigma+ ground state
   46       2449.805808 [    1  45 ] X1Sigma+ ground state
   47       2524.872236 [    1  46 ] X1Sigma+ ground state
   48       2597.625574 [    1  47 ] X1Sigma+ ground state
   49       2663.810103 [    1  48 ] X1Sigma+ ground state
   50       2668.000254 [    1  49 ] X1Sigma+ ground state
   51       2735.925778 [    1  50 ] X1Sigma+ ground state
   52       2801.376909 [    1  51 ] X1Sigma+ ground state
   53       2864.323437 [    1  52 ] X1Sigma+ ground state
   54       2924.752214 [    1  53 ] X1Sigma+ ground state
   55       2982.661730 [    1  54 ] X1Sigma+ ground state
   56       3012.201812 [    1  55 ] X1Sigma+ ground state
   57       3038.062590 [    1  56 ] X1Sigma+ ground state
   58       3090.971726 [    1  57 ] X1Sigma+ ground state
   59       3141.417954 [    1  58 ] X1Sigma+ ground state
   60       3189.436104 [    1  59 ] X1Sigma+ ground state
   61       3235.067906 [    1  60 ] X1Sigma+ ground state
   62       3278.361164 [    1  61 ] X1Sigma+ ground state
   63       3319.368206 [    1  62 ] X1Sigma+ ground state
   64       3358.145755 [    1  63 ] X1Sigma+ ground state
   65       3394.719196 [    1  64 ] X1Sigma+ ground state
   66       3394.880942 [    1  65 ] X1Sigma+ ground state
   67       3429.255734 [    1  66 ] X1Sigma+ ground state
   68       3461.715367 [    1  67 ] X1Sigma+ ground state
   69       3492.199551 [    1  68 ] X1Sigma+ ground state
   70       3520.775763 [    1  69 ] X1Sigma+ ground state
   71       3547.511934 [    1  70 ] X1Sigma+ ground state
   72       3572.476381 [    1  71 ] X1Sigma+ ground state
   73       3595.737240 [    1  72 ] X1Sigma+ ground state
   74       3617.362262 [    1  73 ] X1Sigma+ ground state
   75       3637.418672 [    1  74 ] X1Sigma+ ground state
   76       3655.973059 [    1  75 ] X1Sigma+ ground state
   77       3673.091132 [    1  76 ] X1Sigma+ ground state
   78       3688.837868 [    1  77 ] X1Sigma+ ground state
   79       3703.277333 [    1  78 ] X1Sigma+ ground state
   80       3716.472837 [    1  79 ] X1Sigma+ ground state
   81       3728.486989 [    1  80 ] X1Sigma+ ground state
   82       3739.381667 [    1  81 ] X1Sigma+ ground state
   83       3749.218122 [    1  82 ] X1Sigma+ ground state
   84       3758.057084 [    1  83 ] X1Sigma+ ground state
   85       3765.958775 [    1  84 ] X1Sigma+ ground state
   86       3772.983044 [    1  85 ] X1Sigma+ ground state
   87       3779.189543 [    1  86 ] X1Sigma+ ground state
   88       3784.637790 [    1  87 ] X1Sigma+ ground state
   89       3789.386951 [    1  88 ] X1Sigma+ ground state
   90       3793.495642 [    1  89 ] X1Sigma+ ground state
   91       3797.021862 [    1  90 ] X1Sigma+ ground state
   92       3800.020021 [    1  91 ] X1Sigma+ ground state
   93       3802.544426 [    1  92 ] X1Sigma+ ground state
   94       3804.665471 [    1  93 ] X1Sigma+ ground state
   95       3806.588962 [    1  94 ] X1Sigma+ ground state
   96       3808.676973 [    1  95 ] X1Sigma+ ground state
   97       3811.083244 [    1  96 ] X1Sigma+ ground state
   98       3813.786661 [    1  97 ] X1Sigma+ ground state
   99       3814.806168 [    1  98 ] X1Sigma+ ground state
  100       3816.753982 [    1  99 ] X1Sigma+ ground state
  101       3819.960146 [    1 100 ] X1Sigma+ ground state
  102       3823.389020 [    1 101 ] X1Sigma+ ground state
  103       3827.027901 [    1 102 ] X1Sigma+ ground state
  104       3830.867452 [    1 103 ] X1Sigma+ ground state
  105       3834.899593 [    1 104 ] X1Sigma+ ground state
  106       3839.118490 [    1 105 ] X1Sigma+ ground state
  107       3843.518316 [    1 106 ] X1Sigma+ ground state
  108       3848.095255 [    1 107 ] X1Sigma+ ground state
  109       3852.844732 [    1 108 ] X1Sigma+ ground state
  110       3857.764270 [    1 109 ] X1Sigma+ ground state
  111       3862.850023 [    1 110 ] X1Sigma+ ground state
  112       3868.100501 [    1 111 ] X1Sigma+ ground state
  113       3873.512302 [    1 112 ] X1Sigma+ ground state
  114       3879.084697 [    1 113 ] X1Sigma+ ground state
  115       3884.814575 [    1 114 ] X1Sigma+ ground state
  116       3890.701796 [    1 115 ] X1Sigma+ ground state
  117       3896.743470 [    1 116 ] X1Sigma+ ground state
  118       3902.939914 [    1 117 ] X1Sigma+ ground state
  119       3909.288422 [    1 118 ] X1Sigma+ ground state
  120       3915.789691 [    1 119 ] X1Sigma+ ground state
  121       3922.441128 [    1 120 ] X1Sigma+ ground state
  122       3929.243808 [    1 121 ] X1Sigma+ ground state
  123       3936.195164 [    1 122 ] X1Sigma+ ground state
  124       3943.296665 [    1 123 ] X1Sigma+ ground state
  125       3950.545698 [    1 124 ] X1Sigma+ ground state
  126       3957.944139 [    1 125 ] X1Sigma+ ground state
  127       3965.489298 [    1 126 ] X1Sigma+ ground state
  128       3973.183430 [    1 127 ] X1Sigma+ ground state
  129       3981.023770 [    1 128 ] X1Sigma+ ground state
  130       3989.012927 [    1 129 ] X1Sigma+ ground state
  131       3997.148057 [    1 130 ] X1Sigma+ ground state
  132       4005.432136 [    1 131 ] X1Sigma+ ground state
  133       4013.862190 [    1 132 ] X1Sigma+ ground state
  134       4022.441602 [    1 133 ] X1Sigma+ ground state
  135       4031.167223 [    1 134 ] X1Sigma+ ground state
  136       4040.042876 [    1 135 ] X1Sigma+ ground state
  137       4049.065211 [    1 136 ] X1Sigma+ ground state
  138       4058.238515 [    1 137 ] X1Sigma+ ground state
  139       4067.559220 [    1 138 ] X1Sigma+ ground state
  140       4077.032092 [    1 139 ] X1Sigma+ ground state
  141       4086.653328 [    1 140 ] X1Sigma+ ground state
  142       4096.428212 [    1 141 ] X1Sigma+ ground state
  143       4106.352671 [    1 142 ] X1Sigma+ ground state
  144       4116.432570 [    1 143 ] X1Sigma+ ground state
  145       4126.663499 [    1 144 ] X1Sigma+ ground state
  146       4137.051991 [    1 145 ] X1Sigma+ ground state
  147       4147.593256 [    1 146 ] X1Sigma+ ground state
  148       4158.294549 [    1 147 ] X1Sigma+ ground state
  149       4169.150683 [    1 148 ] X1Sigma+ ground state
  150       4180.169688 [    1 149 ] X1Sigma+ ground state
  151       4191.345938 [    1 150 ] X1Sigma+ ground state
  152       4202.688352 [    1 151 ] X1Sigma+ ground state
  153       4214.190770 [    1 152 ] X1Sigma+ ground state
  154       4225.863177 [    1 153 ] X1Sigma+ ground state
  155       4237.698762 [    1 154 ] X1Sigma+ ground state
  156       4249.708722 [    1 155 ] X1Sigma+ ground state
  157       4261.885546 [    1 156 ] X1Sigma+ ground state
  158       4274.241615 [    1 157 ] X1Sigma+ ground state
  159       4277.797113 [    1 158 ] X1Sigma+ ground state
  160       4286.769403 [    1 159 ] X1Sigma+ ground state
  161       4299.482073 [    1 160 ] X1Sigma+ ground state
  162       4312.370876 [    1 161 ] X1Sigma+ ground state
  163       4325.451859 [    1 162 ] X1Sigma+ ground state
  164       4338.714651 [    1 163 ] X1Sigma+ ground state
  165       4352.177696 [    1 164 ] X1Sigma+ ground state
  166       4365.829301 [    1 165 ] X1Sigma+ ground state
  167       4379.690676 [    1 166 ] X1Sigma+ ground state
  168       4393.748655 [    1 167 ] X1Sigma+ ground state
  169       4408.027803 [    1 168 ] X1Sigma+ ground state
  170       4422.513140 [    1 169 ] X1Sigma+ ground state
  171       4437.233612 [    1 170 ] X1Sigma+ ground state
  172       4452.171815 [    1 171 ] X1Sigma+ ground state
  173       4467.362483 [    1 172 ] X1Sigma+ ground state
  174       4482.785181 [    1 173 ] X1Sigma+ ground state
  175       4498.482156 [    1 174 ] X1Sigma+ ground state
  176       4514.429361 [    1 175 ] X1Sigma+ ground state
  177       4530.679082 [    1 176 ] X1Sigma+ ground state
  178       4547.202741 [    1 177 ] X1Sigma+ ground state
  179       4564.066996 [    1 178 ] X1Sigma+ ground state
  180       4581.237015 [    1 179 ] X1Sigma+ ground state
  181       4598.801523 [    1 180 ] X1Sigma+ ground state
  182       4616.716720 [    1 181 ] X1Sigma+ ground state
  183       4635.107476 [    1 182 ] X1Sigma+ ground state
  184       4653.917291 [    1 183 ] X1Sigma+ ground state
  185       4673.336111 [    1 184 ] X1Sigma+ ground state
  186       4693.289904 [    1 185 ] X1Sigma+ ground state
  187       4714.107190 [    1 186 ] X1Sigma+ ground state
  188       4735.694677 [    1 187 ] X1Sigma+ ground state
  189       4758.784609 [    1 188 ] X1Sigma+ ground state
  190       4783.334481 [    1 189 ] X1Sigma+ ground state
  191       4798.697096 [    1 190 ] X1Sigma+ ground state
  192       4812.954429 [    1 191 ] X1Sigma+ ground state
  193       5397.079690 [    1 192 ] X1Sigma+ ground state
  194       6088.517936 [    1 193 ] X1Sigma+ ground state
  195       6889.671095 [    1 194 ] X1Sigma+ ground state
  196       7820.337539 [    1 195 ] X1Sigma+ ground state
  197       8904.320636 [    1 196 ] X1Sigma+ ground state
  198      10170.436342 [    1 197 ] X1Sigma+ ground state
  199      11653.803003 [    1 198 ] X1Sigma+ ground state
  200      13418.678823 [    1 199 ] X1Sigma+ ground state

j =       0.0

Define the quanta book-keeping
The total number sigma/lambda states (size of the sigma-lambda submatrix) = 1

Sigma-Lambda basis set:
     i     jrot  state   spin    sigma lambda   omega
     1      0.0    1      0.0     -0.0    0      0.0   X1Sigma+ ground state
...done!

Contracted basis set:
     i     jrot ilevel ivib state v     spin    sigma lambda   omega   Name
     1      0.0    1    1    1    0      0.0     -0.0    0      0.0   X1Sigma+ ground state
     2      0.0    1    2    1    1      0.0     -0.0    0      0.0   X1Sigma+ ground state
     3      0.0    1    3    1    2      0.0     -0.0    0      0.0   X1Sigma+ ground state
     4      0.0    1    4    1    3      0.0     -0.0    0      0.0   X1Sigma+ ground state
     5      0.0    1    5    1    4      0.0     -0.0    0      0.0   X1Sigma+ ground state
     6      0.0    1    6    1    5      0.0     -0.0    0      0.0   X1Sigma+ ground state
     7      0.0    1    7    1    6      0.0     -0.0    0      0.0   X1Sigma+ ground state
     8      0.0    1    8    1    7      0.0     -0.0    0      0.0   X1Sigma+ ground state
     9      0.0    1    9    1    8      0.0     -0.0    0      0.0   X1Sigma+ ground state
    10      0.0    1   10    1    9      0.0     -0.0    0      0.0   X1Sigma+ ground state
    11      0.0    1   11    1   10      0.0     -0.0    0      0.0   X1Sigma+ ground state
    12      0.0    1   12    1   11      0.0     -0.0    0      0.0   X1Sigma+ ground state
    13      0.0    1   13    1   12      0.0     -0.0    0      0.0   X1Sigma+ ground state
    14      0.0    1   14    1   13      0.0     -0.0    0      0.0   X1Sigma+ ground state
    15      0.0    1   15    1   14      0.0     -0.0    0      0.0   X1Sigma+ ground state
    16      0.0    1   16    1   15      0.0     -0.0    0      0.0   X1Sigma+ ground state
    17      0.0    1   17    1   16      0.0     -0.0    0      0.0   X1Sigma+ ground state
    18      0.0    1   18    1   17      0.0     -0.0    0      0.0   X1Sigma+ ground state
    19      0.0    1   19    1   18      0.0     -0.0    0      0.0   X1Sigma+ ground state
    20      0.0    1   20    1   19      0.0     -0.0    0      0.0   X1Sigma+ ground state
    21      0.0    1   21    1   20      0.0     -0.0    0      0.0   X1Sigma+ ground state
    22      0.0    1   22    1   21      0.0     -0.0    0      0.0   X1Sigma+ ground state
    23      0.0    1   23    1   22      0.0     -0.0    0      0.0   X1Sigma+ ground state
    24      0.0    1   24    1   23      0.0     -0.0    0      0.0   X1Sigma+ ground state
    25      0.0    1   25    1   24      0.0     -0.0    0      0.0   X1Sigma+ ground state
    26      0.0    1   26    1   25      0.0     -0.0    0      0.0   X1Sigma+ ground state
    27      0.0    1   27    1   26      0.0     -0.0    0      0.0   X1Sigma+ ground state
    28      0.0    1   28    1   27      0.0     -0.0    0      0.0   X1Sigma+ ground state
    29      0.0    1   29    1   28      0.0     -0.0    0      0.0   X1Sigma+ ground state
    30      0.0    1   30    1   29      0.0     -0.0    0      0.0   X1Sigma+ ground state
    31      0.0    1   31    1   30      0.0     -0.0    0      0.0   X1Sigma+ ground state
    32      0.0    1   32    1   31      0.0     -0.0    0      0.0   X1Sigma+ ground state
    33      0.0    1   33    1   32      0.0     -0.0    0      0.0   X1Sigma+ ground state
    34      0.0    1   34    1   33      0.0     -0.0    0      0.0   X1Sigma+ ground state
    35      0.0    1   35    1   34      0.0     -0.0    0      0.0   X1Sigma+ ground state
    36      0.0    1   36    1   35      0.0     -0.0    0      0.0   X1Sigma+ ground state
    37      0.0    1   37    1   36      0.0     -0.0    0      0.0   X1Sigma+ ground state
    38      0.0    1   38    1   37      0.0     -0.0    0      0.0   X1Sigma+ ground state
    39      0.0    1   39    1   38      0.0     -0.0    0      0.0   X1Sigma+ ground state
    40      0.0    1   40    1   39      0.0     -0.0    0      0.0   X1Sigma+ ground state
    41      0.0    1   41    1   40      0.0     -0.0    0      0.0   X1Sigma+ ground state
    42      0.0    1   42    1   41      0.0     -0.0    0      0.0   X1Sigma+ ground state
    43      0.0    1   43    1   42      0.0     -0.0    0      0.0   X1Sigma+ ground state
    44      0.0    1   44    1   43      0.0     -0.0    0      0.0   X1Sigma+ ground state
    45      0.0    1   45    1   44      0.0     -0.0    0      0.0   X1Sigma+ ground state
    46      0.0    1   46    1   45      0.0     -0.0    0      0.0   X1Sigma+ ground state
    47      0.0    1   47    1   46      0.0     -0.0    0      0.0   X1Sigma+ ground state
    48      0.0    1   48    1   47      0.0     -0.0    0      0.0   X1Sigma+ ground state
    49      0.0    1   49    1   48      0.0     -0.0    0      0.0   X1Sigma+ ground state
    50      0.0    1   50    1   49      0.0     -0.0    0      0.0   X1Sigma+ ground state
    51      0.0    1   51    1   50      0.0     -0.0    0      0.0   X1Sigma+ ground state
    52      0.0    1   52    1   51      0.0     -0.0    0      0.0   X1Sigma+ ground state
    53      0.0    1   53    1   52      0.0     -0.0    0      0.0   X1Sigma+ ground state
    54      0.0    1   54    1   53      0.0     -0.0    0      0.0   X1Sigma+ ground state
    55      0.0    1   55    1   54      0.0     -0.0    0      0.0   X1Sigma+ ground state
    56      0.0    1   56    1   55      0.0     -0.0    0      0.0   X1Sigma+ ground state
    57      0.0    1   57    1   56      0.0     -0.0    0      0.0   X1Sigma+ ground state
    58      0.0    1   58    1   57      0.0     -0.0    0      0.0   X1Sigma+ ground state
    59      0.0    1   59    1   58      0.0     -0.0    0      0.0   X1Sigma+ ground state
    60      0.0    1   60    1   59      0.0     -0.0    0      0.0   X1Sigma+ ground state
    61      0.0    1   61    1   60      0.0     -0.0    0      0.0   X1Sigma+ ground state
    62      0.0    1   62    1   61      0.0     -0.0    0      0.0   X1Sigma+ ground state
    63      0.0    1   63    1   62      0.0     -0.0    0      0.0   X1Sigma+ ground state
    64      0.0    1   64    1   63      0.0     -0.0    0      0.0   X1Sigma+ ground state
    65      0.0    1   65    1   64      0.0     -0.0    0      0.0   X1Sigma+ ground state
    66      0.0    1   66    1   65      0.0     -0.0    0      0.0   X1Sigma+ ground state
    67      0.0    1   67    1   66      0.0     -0.0    0      0.0   X1Sigma+ ground state
    68      0.0    1   68    1   67      0.0     -0.0    0      0.0   X1Sigma+ ground state
    69      0.0    1   69    1   68      0.0     -0.0    0      0.0   X1Sigma+ ground state
    70      0.0    1   70    1   69      0.0     -0.0    0      0.0   X1Sigma+ ground state
    71      0.0    1   71    1   70      0.0     -0.0    0      0.0   X1Sigma+ ground state
    72      0.0    1   72    1   71      0.0     -0.0    0      0.0   X1Sigma+ ground state
    73      0.0    1   73    1   72      0.0     -0.0    0      0.0   X1Sigma+ ground state
    74      0.0    1   74    1   73      0.0     -0.0    0      0.0   X1Sigma+ ground state
    75      0.0    1   75    1   74      0.0     -0.0    0      0.0   X1Sigma+ ground state
    76      0.0    1   76    1   75      0.0     -0.0    0      0.0   X1Sigma+ ground state
    77      0.0    1   77    1   76      0.0     -0.0    0      0.0   X1Sigma+ ground state
    78      0.0    1   78    1   77      0.0     -0.0    0      0.0   X1Sigma+ ground state
    79      0.0    1   79    1   78      0.0     -0.0    0      0.0   X1Sigma+ ground state
    80      0.0    1   80    1   79      0.0     -0.0    0      0.0   X1Sigma+ ground state
    81      0.0    1   81    1   80      0.0     -0.0    0      0.0   X1Sigma+ ground state
    82      0.0    1   82    1   81      0.0     -0.0    0      0.0   X1Sigma+ ground state
    83      0.0    1   83    1   82      0.0     -0.0    0      0.0   X1Sigma+ ground state
    84      0.0    1   84    1   83      0.0     -0.0    0      0.0   X1Sigma+ ground state
    85      0.0    1   85    1   84      0.0     -0.0    0      0.0   X1Sigma+ ground state
    86      0.0    1   86    1   85      0.0     -0.0    0      0.0   X1Sigma+ ground state
    87      0.0    1   87    1   86      0.0     -0.0    0      0.0   X1Sigma+ ground state
    88      0.0    1   88    1   87      0.0     -0.0    0      0.0   X1Sigma+ ground state
    89      0.0    1   89    1   88      0.0     -0.0    0      0.0   X1Sigma+ ground state
    90      0.0    1   90    1   89      0.0     -0.0    0      0.0   X1Sigma+ ground state
    91      0.0    1   91    1   90      0.0     -0.0    0      0.0   X1Sigma+ ground state
    92      0.0    1   92    1   91      0.0     -0.0    0      0.0   X1Sigma+ ground state
    93      0.0    1   93    1   92      0.0     -0.0    0      0.0   X1Sigma+ ground state
    94      0.0    1   94    1   93      0.0     -0.0    0      0.0   X1Sigma+ ground state
    95      0.0    1   95    1   94      0.0     -0.0    0      0.0   X1Sigma+ ground state
    96      0.0    1   96    1   95      0.0     -0.0    0      0.0   X1Sigma+ ground state
    97      0.0    1   97    1   96      0.0     -0.0    0      0.0   X1Sigma+ ground state
    98      0.0    1   98    1   97      0.0     -0.0    0      0.0   X1Sigma+ ground state
    99      0.0    1   99    1   98      0.0     -0.0    0      0.0   X1Sigma+ ground state
   100      0.0    1  100    1   99      0.0     -0.0    0      0.0   X1Sigma+ ground state
   101      0.0    1  101    1  100      0.0     -0.0    0      0.0   X1Sigma+ ground state
   102      0.0    1  102    1  101      0.0     -0.0    0      0.0   X1Sigma+ ground state
   103      0.0    1  103    1  102      0.0     -0.0    0      0.0   X1Sigma+ ground state
   104      0.0    1  104    1  103      0.0     -0.0    0      0.0   X1Sigma+ ground state
   105      0.0    1  105    1  104      0.0     -0.0    0      0.0   X1Sigma+ ground state
   106      0.0    1  106    1  105      0.0     -0.0    0      0.0   X1Sigma+ ground state
   107      0.0    1  107    1  106      0.0     -0.0    0      0.0   X1Sigma+ ground state
   108      0.0    1  108    1  107      0.0     -0.0    0      0.0   X1Sigma+ ground state
   109      0.0    1  109    1  108      0.0     -0.0    0      0.0   X1Sigma+ ground state
   110      0.0    1  110    1  109      0.0     -0.0    0      0.0   X1Sigma+ ground state
   111      0.0    1  111    1  110      0.0     -0.0    0      0.0   X1Sigma+ ground state
   112      0.0    1  112    1  111      0.0     -0.0    0      0.0   X1Sigma+ ground state
   113      0.0    1  113    1  112      0.0     -0.0    0      0.0   X1Sigma+ ground state
   114      0.0    1  114    1  113      0.0     -0.0    0      0.0   X1Sigma+ ground state
   115      0.0    1  115    1  114      0.0     -0.0    0      0.0   X1Sigma+ ground state
   116      0.0    1  116    1  115      0.0     -0.0    0      0.0   X1Sigma+ ground state
   117      0.0    1  117    1  116      0.0     -0.0    0      0.0   X1Sigma+ ground state
   118      0.0    1  118    1  117      0.0     -0.0    0      0.0   X1Sigma+ ground state
   119      0.0    1  119    1  118      0.0     -0.0    0      0.0   X1Sigma+ ground state
   120      0.0    1  120    1  119      0.0     -0.0    0      0.0   X1Sigma+ ground state
   121      0.0    1  121    1  120      0.0     -0.0    0      0.0   X1Sigma+ ground state
   122      0.0    1  122    1  121      0.0     -0.0    0      0.0   X1Sigma+ ground state
   123      0.0    1  123    1  122      0.0     -0.0    0      0.0   X1Sigma+ ground state
   124      0.0    1  124    1  123      0.0     -0.0    0      0.0   X1Sigma+ ground state
   125      0.0    1  125    1  124      0.0     -0.0    0      0.0   X1Sigma+ ground state
   126      0.0    1  126    1  125      0.0     -0.0    0      0.0   X1Sigma+ ground state
   127      0.0    1  127    1  126      0.0     -0.0    0      0.0   X1Sigma+ ground state
   128      0.0    1  128    1  127      0.0     -0.0    0      0.0   X1Sigma+ ground state
   129      0.0    1  129    1  128      0.0     -0.0    0      0.0   X1Sigma+ ground state
   130      0.0    1  130    1  129      0.0     -0.0    0      0.0   X1Sigma+ ground state
   131      0.0    1  131    1  130      0.0     -0.0    0      0.0   X1Sigma+ ground state
   132      0.0    1  132    1  131      0.0     -0.0    0      0.0   X1Sigma+ ground state
   133      0.0    1  133    1  132      0.0     -0.0    0      0.0   X1Sigma+ ground state
   134      0.0    1  134    1  133      0.0     -0.0    0      0.0   X1Sigma+ ground state
   135      0.0    1  135    1  134      0.0     -0.0    0      0.0   X1Sigma+ ground state
   136      0.0    1  136    1  135      0.0     -0.0    0      0.0   X1Sigma+ ground state
   137      0.0    1  137    1  136      0.0     -0.0    0      0.0   X1Sigma+ ground state
   138      0.0    1  138    1  137      0.0     -0.0    0      0.0   X1Sigma+ ground state
   139      0.0    1  139    1  138      0.0     -0.0    0      0.0   X1Sigma+ ground state
   140      0.0    1  140    1  139      0.0     -0.0    0      0.0   X1Sigma+ ground state
   141      0.0    1  141    1  140      0.0     -0.0    0      0.0   X1Sigma+ ground state
   142      0.0    1  142    1  141      0.0     -0.0    0      0.0   X1Sigma+ ground state
   143      0.0    1  143    1  142      0.0     -0.0    0      0.0   X1Sigma+ ground state
   144      0.0    1  144    1  143      0.0     -0.0    0      0.0   X1Sigma+ ground state
   145      0.0    1  145    1  144      0.0     -0.0    0      0.0   X1Sigma+ ground state
   146      0.0    1  146    1  145      0.0     -0.0    0      0.0   X1Sigma+ ground state
   147      0.0    1  147    1  146      0.0     -0.0    0      0.0   X1Sigma+ ground state
   148      0.0    1  148    1  147      0.0     -0.0    0      0.0   X1Sigma+ ground state
   149      0.0    1  149    1  148      0.0     -0.0    0      0.0   X1Sigma+ ground state
   150      0.0    1  150    1  149      0.0     -0.0    0      0.0   X1Sigma+ ground state
   151      0.0    1  151    1  150      0.0     -0.0    0      0.0   X1Sigma+ ground state
   152      0.0    1  152    1  151      0.0     -0.0    0      0.0   X1Sigma+ ground state
   153      0.0    1  153    1  152      0.0     -0.0    0      0.0   X1Sigma+ ground state
   154      0.0    1  154    1  153      0.0     -0.0    0      0.0   X1Sigma+ ground state
   155      0.0    1  155    1  154      0.0     -0.0    0      0.0   X1Sigma+ ground state
   156      0.0    1  156    1  155      0.0     -0.0    0      0.0   X1Sigma+ ground state
   157      0.0    1  157    1  156      0.0     -0.0    0      0.0   X1Sigma+ ground state
   158      0.0    1  158    1  157      0.0     -0.0    0      0.0   X1Sigma+ ground state
   159      0.0    1  159    1  158      0.0     -0.0    0      0.0   X1Sigma+ ground state
   160      0.0    1  160    1  159      0.0     -0.0    0      0.0   X1Sigma+ ground state
   161      0.0    1  161    1  160      0.0     -0.0    0      0.0   X1Sigma+ ground state
   162      0.0    1  162    1  161      0.0     -0.0    0      0.0   X1Sigma+ ground state
   163      0.0    1  163    1  162      0.0     -0.0    0      0.0   X1Sigma+ ground state
   164      0.0    1  164    1  163      0.0     -0.0    0      0.0   X1Sigma+ ground state
   165      0.0    1  165    1  164      0.0     -0.0    0      0.0   X1Sigma+ ground state
   166      0.0    1  166    1  165      0.0     -0.0    0      0.0   X1Sigma+ ground state
   167      0.0    1  167    1  166      0.0     -0.0    0      0.0   X1Sigma+ ground state
   168      0.0    1  168    1  167      0.0     -0.0    0      0.0   X1Sigma+ ground state
   169      0.0    1  169    1  168      0.0     -0.0    0      0.0   X1Sigma+ ground state
   170      0.0    1  170    1  169      0.0     -0.0    0      0.0   X1Sigma+ ground state
   171      0.0    1  171    1  170      0.0     -0.0    0      0.0   X1Sigma+ ground state
   172      0.0    1  172    1  171      0.0     -0.0    0      0.0   X1Sigma+ ground state
   173      0.0    1  173    1  172      0.0     -0.0    0      0.0   X1Sigma+ ground state
   174      0.0    1  174    1  173      0.0     -0.0    0      0.0   X1Sigma+ ground state
   175      0.0    1  175    1  174      0.0     -0.0    0      0.0   X1Sigma+ ground state
   176      0.0    1  176    1  175      0.0     -0.0    0      0.0   X1Sigma+ ground state
   177      0.0    1  177    1  176      0.0     -0.0    0      0.0   X1Sigma+ ground state
   178      0.0    1  178    1  177      0.0     -0.0    0      0.0   X1Sigma+ ground state
   179      0.0    1  179    1  178      0.0     -0.0    0      0.0   X1Sigma+ ground state
   180      0.0    1  180    1  179      0.0     -0.0    0      0.0   X1Sigma+ ground state
   181      0.0    1  181    1  180      0.0     -0.0    0      0.0   X1Sigma+ ground state
   182      0.0    1  182    1  181      0.0     -0.0    0      0.0   X1Sigma+ ground state
   183      0.0    1  183    1  182      0.0     -0.0    0      0.0   X1Sigma+ ground state
   184      0.0    1  184    1  183      0.0     -0.0    0      0.0   X1Sigma+ ground state
   185      0.0    1  185    1  184      0.0     -0.0    0      0.0   X1Sigma+ ground state
   186      0.0    1  186    1  185      0.0     -0.0    0      0.0   X1Sigma+ ground state
   187      0.0    1  187    1  186      0.0     -0.0    0      0.0   X1Sigma+ ground state
   188      0.0    1  188    1  187      0.0     -0.0    0      0.0   X1Sigma+ ground state
   189      0.0    1  189    1  188      0.0     -0.0    0      0.0   X1Sigma+ ground state
   190      0.0    1  190    1  189      0.0     -0.0    0      0.0   X1Sigma+ ground state
   191      0.0    1  191    1  190      0.0     -0.0    0      0.0   X1Sigma+ ground state
   192      0.0    1  192    1  191      0.0     -0.0    0      0.0   X1Sigma+ ground state
   193      0.0    1  193    1  192      0.0     -0.0    0      0.0   X1Sigma+ ground state
   194      0.0    1  194    1  193      0.0     -0.0    0      0.0   X1Sigma+ ground state
   195      0.0    1  195    1  194      0.0     -0.0    0      0.0   X1Sigma+ ground state
   196      0.0    1  196    1  195      0.0     -0.0    0      0.0   X1Sigma+ ground state
   197      0.0    1  197    1  196      0.0     -0.0    0      0.0   X1Sigma+ ground state
   198      0.0    1  198    1  197      0.0     -0.0    0      0.0   X1Sigma+ ground state
   199      0.0    1  199    1  198      0.0     -0.0    0      0.0   X1Sigma+ ground state
   200      0.0    1  200    1  199      0.0     -0.0    0      0.0   X1Sigma+ ground state


 Memory Report:
 Active Arrays                                        size (GiB)
 GRID                    0.000016                                                
 contrfunc               0.000298                                                
 brot                    0.000298                                                
 X1Sigma+ ground state   0.000298                                                
 BROT                    0.000300                                                
 hmat                    0.000298                                                
 Total memory   =                                     0.00151876 GiB
 Maximal memory =                                     0.00151876 GiB (        100000.0)

 (       16 arrays contributing less than 1% are not shown)


Construct the hamiltonian matrix
...done!

Non-zero matrix elements of the coupled Sigma-Lambda matrix:
Threshold for printing is   2.22E-16 cm^-1
RV == Rotational-vibrational
SO == Spin-Orbit interaction
SS == Spin-Spin interaction
JS == J.S interaction (aka S-uncoupling)
LS == L.J interaction (aka L-uncoupling)
LS == L.S interaction (spin-electronic)
RV=      13443.462;
 


Eigenvalues for J =      0.0

       J      N        Energy/cm  State   v  lambda spin   sigma   omega  parity
       0.0    1          0.000000   1     0   0     0.0    -0.0     0.0   +    ||X1Sigma+ ground state
       0.0    2         49.422151   1     1   0     0.0    -0.0     0.0   +    ||X1Sigma+ ground state
       0.0    3         98.627623   1     2   0     0.0    -0.0     0.0   +    ||X1Sigma+ ground state
       0.0    4        147.615630   1     3   0     0.0    -0.0     0.0   +    ||X1Sigma+ ground state
       0.0    5        196.385346   1     4   0     0.0    -0.0     0.0   +    ||X1Sigma+ ground state
       0.0    6        244.935865   1     5   0     0.0    -0.0     0.0   +    ||X1Sigma+ ground state
       0.0    7        293.266189   1     6   0     0.0    -0.0     0.0   +    ||X1Sigma+ ground state
       0.0    8        341.375360   1     7   0     0.0    -0.0     0.0   +    ||X1Sigma+ ground state
       0.0    9        389.262572   1     8   0     0.0    -0.0     0.0   +    ||X1Sigma+ ground state
       0.0   10        436.926846   1     9   0     0.0    -0.0     0.0   +    ||X1Sigma+ ground state
       0.0   11        484.366987   1    10   0     0.0    -0.0     0.0   +    ||X1Sigma+ ground state
       0.0   12        531.583286   1    11   0     0.0    -0.0     0.0   +    ||X1Sigma+ ground state
       0.0   13        578.567325   1    12   0     0.0    -0.0     0.0   +    ||X1Sigma+ ground state
       0.0   14        625.340397   1    13   0     0.0    -0.0     0.0   +    ||X1Sigma+ ground state
       0.0   15        671.877264   1    14   0     0.0    -0.0     0.0   +    ||X1Sigma+ ground state
       0.0   16        718.004443   1    15   0     0.0    -0.0     0.0   +    ||X1Sigma+ ground state
       0.0   17        764.704134   1    16   0     0.0    -0.0     0.0   +    ||X1Sigma+ ground state
       0.0   18        809.024938   1    17   0     0.0    -0.0     0.0   +    ||X1Sigma+ ground state
       0.0   19        855.104622   1    18   0     0.0    -0.0     0.0   +    ||X1Sigma+ ground state
       0.0   20        904.071764   1    19   0     0.0    -0.0     0.0   +    ||X1Sigma+ ground state
       0.0   21        935.797733   1    20   0     0.0    -0.0     0.0   +    ||X1Sigma+ ground state
       0.0   22        998.962903   1    21   0     0.0    -0.0     0.0   +    ||X1Sigma+ ground state
       0.0   23       1036.446612   1    22   0     0.0    -0.0     0.0   +    ||X1Sigma+ ground state
       0.0   24       1078.832140   1    23   0     0.0    -0.0     0.0   +    ||X1Sigma+ ground state
       0.0   25       1160.398713   1    24   0     0.0    -0.0     0.0   +    ||X1Sigma+ ground state
       0.0   26       1186.759667   1    25   0     0.0    -0.0     0.0   +    ||X1Sigma+ ground state
       0.0   27       1246.047988   1    26   0     0.0    -0.0     0.0   +    ||X1Sigma+ ground state
       0.0   28       1333.357770   1    27   0     0.0    -0.0     0.0   +    ||X1Sigma+ ground state
       0.0   29       1365.272437   1    28   0     0.0    -0.0     0.0   +    ||X1Sigma+ ground state
       0.0   30       1422.170754   1    29   0     0.0    -0.0     0.0   +    ||X1Sigma+ ground state
       0.0   31       1511.704545   1    30   0     0.0    -0.0     0.0   +    ||X1Sigma+ ground state
       0.0   32       1570.324933   1    31   0     0.0    -0.0     0.0   +    ||X1Sigma+ ground state
       0.0   33       1601.610941   1    32   0     0.0    -0.0     0.0   +    ||X1Sigma+ ground state
       0.0   34       1691.420137   1    33   0     0.0    -0.0     0.0   +    ||X1Sigma+ ground state
       0.0   35       1780.812496   1    34   0     0.0    -0.0     0.0   +    ||X1Sigma+ ground state
       0.0   36       1801.809083   1    35   0     0.0    -0.0     0.0   +    ||X1Sigma+ ground state
       0.0   37       1869.490564   1    36   0     0.0    -0.0     0.0   +    ||X1Sigma+ ground state
       0.0   38       1957.145055   1    37   0     0.0    -0.0     0.0   +    ||X1Sigma+ ground state
       0.0   39       2043.537400   1    38   0     0.0    -0.0     0.0   +    ||X1Sigma+ ground state
       0.0   40       2060.375724   1    39   0     0.0    -0.0     0.0   +    ||X1Sigma+ ground state
       0.0   41       2128.460724   1    40   0     0.0    -0.0     0.0   +    ||X1Sigma+ ground state
       0.0   42       2211.704023   1    41   0     0.0    -0.0     0.0   +    ||X1Sigma+ ground state
       0.0   43       2293.104102   1    42   0     0.0    -0.0     0.0   +    ||X1Sigma+ ground state
       0.0   44       2347.194906   1    43   0     0.0    -0.0     0.0   +    ||X1Sigma+ ground state
       0.0   45       2372.515671   1    44   0     0.0    -0.0     0.0   +    ||X1Sigma+ ground state
       0.0   46       2449.805808   1    45   0     0.0    -0.0     0.0   +    ||X1Sigma+ ground state
       0.0   47       2524.872236   1    46   0     0.0    -0.0     0.0   +    ||X1Sigma+ ground state
       0.0   48       2597.625574   1    47   0     0.0    -0.0     0.0   +    ||X1Sigma+ ground state
       0.0   49       2663.810103   1    48   0     0.0    -0.0     0.0   +    ||X1Sigma+ ground state
       0.0   50       2668.000254   1    49   0     0.0    -0.0     0.0   +    ||X1Sigma+ ground state
       0.0   51       2735.925778   1    50   0     0.0    -0.0     0.0   +    ||X1Sigma+ ground state
       0.0   52       2801.376909   1    51   0     0.0    -0.0     0.0   +    ||X1Sigma+ ground state
       0.0   53       2864.323437   1    52   0     0.0    -0.0     0.0   +    ||X1Sigma+ ground state
       0.0   54       2924.752214   1    53   0     0.0    -0.0     0.0   +    ||X1Sigma+ ground state
       0.0   55       2982.661730   1    54   0     0.0    -0.0     0.0   +    ||X1Sigma+ ground state
       0.0   56       3012.201812   1    55   0     0.0    -0.0     0.0   +    ||X1Sigma+ ground state
       0.0   57       3038.062590   1    56   0     0.0    -0.0     0.0   +    ||X1Sigma+ ground state
       0.0   58       3090.971726   1    57   0     0.0    -0.0     0.0   +    ||X1Sigma+ ground state
       0.0   59       3141.417954   1    58   0     0.0    -0.0     0.0   +    ||X1Sigma+ ground state
       0.0   60       3189.436104   1    59   0     0.0    -0.0     0.0   +    ||X1Sigma+ ground state
       0.0   61       3235.067906   1    60   0     0.0    -0.0     0.0   +    ||X1Sigma+ ground state
       0.0   62       3278.361164   1    61   0     0.0    -0.0     0.0   +    ||X1Sigma+ ground state
       0.0   63       3319.368206   1    62   0     0.0    -0.0     0.0   +    ||X1Sigma+ ground state
       0.0   64       3358.145755   1    63   0     0.0    -0.0     0.0   +    ||X1Sigma+ ground state
       0.0   65       3394.719196   1    64   0     0.0    -0.0     0.0   +    ||X1Sigma+ ground state
       0.0   66       3394.880942   1    65   0     0.0    -0.0     0.0   +    ||X1Sigma+ ground state
       0.0   67       3429.255734   1    66   0     0.0    -0.0     0.0   +    ||X1Sigma+ ground state
       0.0   68       3461.715367   1    67   0     0.0    -0.0     0.0   +    ||X1Sigma+ ground state
       0.0   69       3492.199551   1    68   0     0.0    -0.0     0.0   +    ||X1Sigma+ ground state
       0.0   70       3520.775763   1    69   0     0.0    -0.0     0.0   +    ||X1Sigma+ ground state
       0.0   71       3547.511934   1    70   0     0.0    -0.0     0.0   +    ||X1Sigma+ ground state
       0.0   72       3572.476381   1    71   0     0.0    -0.0     0.0   +    ||X1Sigma+ ground state
       0.0   73       3595.737240   1    72   0     0.0    -0.0     0.0   +    ||X1Sigma+ ground state
       0.0   74       3617.362262   1    73   0     0.0    -0.0     0.0   +    ||X1Sigma+ ground state
       0.0   75       3637.418672   1    74   0     0.0    -0.0     0.0   +    ||X1Sigma+ ground state
       0.0   76       3655.973059   1    75   0     0.0    -0.0     0.0   +    ||X1Sigma+ ground state
       0.0   77       3673.091132   1    76   0     0.0    -0.0     0.0   +    ||X1Sigma+ ground state
       0.0   78       3688.837868   1    77   0     0.0    -0.0     0.0   +    ||X1Sigma+ ground state
       0.0   79       3703.277333   1    78   0     0.0    -0.0     0.0   +    ||X1Sigma+ ground state
       0.0   80       3716.472837   1    79   0     0.0    -0.0     0.0   +    ||X1Sigma+ ground state
       0.0   81       3728.486989   1    80   0     0.0    -0.0     0.0   +    ||X1Sigma+ ground state
       0.0   82       3739.381667   1    81   0     0.0    -0.0     0.0   +    ||X1Sigma+ ground state
       0.0   83       3749.218122   1    82   0     0.0    -0.0     0.0   +    ||X1Sigma+ ground state
       0.0   84       3758.057084   1    83   0     0.0    -0.0     0.0   +    ||X1Sigma+ ground state
       0.0   85       3765.958775   1    84   0     0.0    -0.0     0.0   +    ||X1Sigma+ ground state
       0.0   86       3772.983044   1    85   0     0.0    -0.0     0.0   +    ||X1Sigma+ ground state
       0.0   87       3779.189543   1    86   0     0.0    -0.0     0.0   +    ||X1Sigma+ ground state
       0.0   88       3784.637790   1    87   0     0.0    -0.0     0.0   +    ||X1Sigma+ ground state
       0.0   89       3789.386951   1    88   0     0.0    -0.0     0.0   +    ||X1Sigma+ ground state
       0.0   90       3793.495642   1    89   0     0.0    -0.0     0.0   +    ||X1Sigma+ ground state
       0.0   91       3797.021862   1    90   0     0.0    -0.0     0.0   +    ||X1Sigma+ ground state
       0.0   92       3800.020021   1    91   0     0.0    -0.0     0.0   +    ||X1Sigma+ ground state
       0.0   93       3802.544426   1    92   0     0.0    -0.0     0.0   +    ||X1Sigma+ ground state
       0.0   94       3804.665471   1    93   0     0.0    -0.0     0.0   +    ||X1Sigma+ ground state
       0.0   95       3806.588962   1    94   0     0.0    -0.0     0.0   +    ||X1Sigma+ ground state
       0.0   96       3808.676973   1    95   0     0.0    -0.0     0.0   +    ||X1Sigma+ ground state
       0.0   97       3811.083244   1    96   0     0.0    -0.0     0.0   +    ||X1Sigma+ ground state
       0.0   98       3813.786661   1    97   0     0.0    -0.0     0.0   +    ||X1Sigma+ ground state
       0.0   99       3814.806168   1    98   0     0.0    -0.0     0.0   +    ||X1Sigma+ ground state
       0.0  100       3816.753982   1    99   0     0.0    -0.0     0.0   +    ||X1Sigma+ ground state
       0.0  101       3819.960146   1   100   0     0.0    -0.0     0.0   +    ||X1Sigma+ ground state
       0.0  102       3823.389020   1   101   0     0.0    -0.0     0.0   +    ||X1Sigma+ ground state
       0.0  103       3827.027901   1   102   0     0.0    -0.0     0.0   +    ||X1Sigma+ ground state
       0.0  104       3830.867452   1   103   0     0.0    -0.0     0.0   +    ||X1Sigma+ ground state
       0.0  105       3834.899593   1   104   0     0.0    -0.0     0.0   +    ||X1Sigma+ ground state
       0.0  106       3839.118490   1   105   0     0.0    -0.0     0.0   +    ||X1Sigma+ ground state
       0.0  107       3843.518316   1   106   0     0.0    -0.0     0.0   +    ||X1Sigma+ ground state
       0.0  108       3848.095255   1   107   0     0.0    -0.0     0.0   +    ||X1Sigma+ ground state
       0.0  109       3852.844732   1   108   0     0.0    -0.0     0.0   +    ||X1Sigma+ ground state
       0.0  110       3857.764270   1   109   0     0.0    -0.0     0.0   +    ||X1Sigma+ ground state
       0.0  111       3862.850023   1   110   0     0.0    -0.0     0.0   +    ||X1Sigma+ ground state
       0.0  112       3868.100501   1   111   0     0.0    -0.0     0.0   +    ||X1Sigma+ ground state
       0.0  113       3873.512302   1   112   0     0.0    -0.0     0.0   +    ||X1Sigma+ ground state
       0.0  114       3879.084697   1   113   0     0.0    -0.0     0.0   +    ||X1Sigma+ ground state
       0.0  115       3884.814575   1   114   0     0.0    -0.0     0.0   +    ||X1Sigma+ ground state
       0.0  116       3890.701796   1   115   0     0.0    -0.0     0.0   +    ||X1Sigma+ ground state
       0.0  117       3896.743470   1   116   0     0.0    -0.0     0.0   +    ||X1Sigma+ ground state
       0.0  118       3902.939914   1   117   0     0.0    -0.0     0.0   +    ||X1Sigma+ ground state
       0.0  119       3909.288422   1   118   0     0.0    -0.0     0.0   +    ||X1Sigma+ ground state
       0.0  120       3915.789691   1   119   0     0.0    -0.0     0.0   +    ||X1Sigma+ ground state
       0.0  121       3922.441128   1   120   0     0.0    -0.0     0.0   +    ||X1Sigma+ ground state
       0.0  122       3929.243808   1   121   0     0.0    -0.0     0.0   +    ||X1Sigma+ ground state
       0.0  123       3936.195164   1   122   0     0.0    -0.0     0.0   +    ||X1Sigma+ ground state
       0.0  124       3943.296665   1   123   0     0.0    -0.0     0.0   +    ||X1Sigma+ ground state
       0.0  125       3950.545698   1   124   0     0.0    -0.0     0.0   +    ||X1Sigma+ ground state
       0.0  126       3957.944139   1   125   0     0.0    -0.0     0.0   +    ||X1Sigma+ ground state
       0.0  127       3965.489298   1   126   0     0.0    -0.0     0.0   +    ||X1Sigma+ ground state
       0.0  128       3973.183430   1   127   0     0.0    -0.0     0.0   +    ||X1Sigma+ ground state
       0.0  129       3981.023770   1   128   0     0.0    -0.0     0.0   +    ||X1Sigma+ ground state
       0.0  130       3989.012927   1   129   0     0.0    -0.0     0.0   +    ||X1Sigma+ ground state
       0.0  131       3997.148057   1   130   0     0.0    -0.0     0.0   +    ||X1Sigma+ ground state
       0.0  132       4005.432136   1   131   0     0.0    -0.0     0.0   +    ||X1Sigma+ ground state
       0.0  133       4013.862190   1   132   0     0.0    -0.0     0.0   +    ||X1Sigma+ ground state
       0.0  134       4022.441602   1   133   0     0.0    -0.0     0.0   +    ||X1Sigma+ ground state
       0.0  135       4031.167223   1   134   0     0.0    -0.0     0.0   +    ||X1Sigma+ ground state
       0.0  136       4040.042876   1   135   0     0.0    -0.0     0.0   +    ||X1Sigma+ ground state
       0.0  137       4049.065211   1   136   0     0.0    -0.0     0.0   +    ||X1Sigma+ ground state
       0.0  138       4058.238515   1   137   0     0.0    -0.0     0.0   +    ||X1Sigma+ ground state
       0.0  139       4067.559220   1   138   0     0.0    -0.0     0.0   +    ||X1Sigma+ ground state
       0.0  140       4077.032092   1   139   0     0.0    -0.0     0.0   +    ||X1Sigma+ ground state
       0.0  141       4086.653328   1   140   0     0.0    -0.0     0.0   +    ||X1Sigma+ ground state
       0.0  142       4096.428212   1   141   0     0.0    -0.0     0.0   +    ||X1Sigma+ ground state
       0.0  143       4106.352671   1   142   0     0.0    -0.0     0.0   +    ||X1Sigma+ ground state
       0.0  144       4116.432570   1   143   0     0.0    -0.0     0.0   +    ||X1Sigma+ ground state
       0.0  145       4126.663499   1   144   0     0.0    -0.0     0.0   +    ||X1Sigma+ ground state
       0.0  146       4137.051991   1   145   0     0.0    -0.0     0.0   +    ||X1Sigma+ ground state
       0.0  147       4147.593256   1   146   0     0.0    -0.0     0.0   +    ||X1Sigma+ ground state
       0.0  148       4158.294549   1   147   0     0.0    -0.0     0.0   +    ||X1Sigma+ ground state
       0.0  149       4169.150683   1   148   0     0.0    -0.0     0.0   +    ||X1Sigma+ ground state
       0.0  150       4180.169688   1   149   0     0.0    -0.0     0.0   +    ||X1Sigma+ ground state
       0.0  151       4191.345938   1   150   0     0.0    -0.0     0.0   +    ||X1Sigma+ ground state
       0.0  152       4202.688352   1   151   0     0.0    -0.0     0.0   +    ||X1Sigma+ ground state
       0.0  153       4214.190770   1   152   0     0.0    -0.0     0.0   +    ||X1Sigma+ ground state
       0.0  154       4225.863177   1   153   0     0.0    -0.0     0.0   +    ||X1Sigma+ ground state
       0.0  155       4237.698762   1   154   0     0.0    -0.0     0.0   +    ||X1Sigma+ ground state
       0.0  156       4249.708722   1   155   0     0.0    -0.0     0.0   +    ||X1Sigma+ ground state
       0.0  157       4261.885546   1   156   0     0.0    -0.0     0.0   +    ||X1Sigma+ ground state
       0.0  158       4274.241615   1   157   0     0.0    -0.0     0.0   +    ||X1Sigma+ ground state
       0.0  159       4277.797113   1   158   0     0.0    -0.0     0.0   +    ||X1Sigma+ ground state
       0.0  160       4286.769403   1   159   0     0.0    -0.0     0.0   +    ||X1Sigma+ ground state
       0.0  161       4299.482073   1   160   0     0.0    -0.0     0.0   +    ||X1Sigma+ ground state
       0.0  162       4312.370876   1   161   0     0.0    -0.0     0.0   +    ||X1Sigma+ ground state
       0.0  163       4325.451859   1   162   0     0.0    -0.0     0.0   +    ||X1Sigma+ ground state
       0.0  164       4338.714651   1   163   0     0.0    -0.0     0.0   +    ||X1Sigma+ ground state
       0.0  165       4352.177696   1   164   0     0.0    -0.0     0.0   +    ||X1Sigma+ ground state
       0.0  166       4365.829301   1   165   0     0.0    -0.0     0.0   +    ||X1Sigma+ ground state
       0.0  167       4379.690676   1   166   0     0.0    -0.0     0.0   +    ||X1Sigma+ ground state
       0.0  168       4393.748655   1   167   0     0.0    -0.0     0.0   +    ||X1Sigma+ ground state
       0.0  169       4408.027803   1   168   0     0.0    -0.0     0.0   +    ||X1Sigma+ ground state
       0.0  170       4422.513140   1   169   0     0.0    -0.0     0.0   +    ||X1Sigma+ ground state
       0.0  171       4437.233612   1   170   0     0.0    -0.0     0.0   +    ||X1Sigma+ ground state
       0.0  172       4452.171815   1   171   0     0.0    -0.0     0.0   +    ||X1Sigma+ ground state
       0.0  173       4467.362483   1   172   0     0.0    -0.0     0.0   +    ||X1Sigma+ ground state
       0.0  174       4482.785181   1   173   0     0.0    -0.0     0.0   +    ||X1Sigma+ ground state
       0.0  175       4498.482156   1   174   0     0.0    -0.0     0.0   +    ||X1Sigma+ ground state
       0.0  176       4514.429361   1   175   0     0.0    -0.0     0.0   +    ||X1Sigma+ ground state
       0.0  177       4530.679082   1   176   0     0.0    -0.0     0.0   +    ||X1Sigma+ ground state
       0.0  178       4547.202741   1   177   0     0.0    -0.0     0.0   +    ||X1Sigma+ ground state
       0.0  179       4564.066996   1   178   0     0.0    -0.0     0.0   +    ||X1Sigma+ ground state
       0.0  180       4581.237015   1   179   0     0.0    -0.0     0.0   +    ||X1Sigma+ ground state
       0.0  181       4598.801523   1   180   0     0.0    -0.0     0.0   +    ||X1Sigma+ ground state
       0.0  182       4616.716720   1   181   0     0.0    -0.0     0.0   +    ||X1Sigma+ ground state
       0.0  183       4635.107476   1   182   0     0.0    -0.0     0.0   +    ||X1Sigma+ ground state
       0.0  184       4653.917291   1   183   0     0.0    -0.0     0.0   +    ||X1Sigma+ ground state
       0.0  185       4673.336111   1   184   0     0.0    -0.0     0.0   +    ||X1Sigma+ ground state
       0.0  186       4693.289904   1   185   0     0.0    -0.0     0.0   +    ||X1Sigma+ ground state
       0.0  187       4714.107190   1   186   0     0.0    -0.0     0.0   +    ||X1Sigma+ ground state
       0.0  188       4735.694677   1   187   0     0.0    -0.0     0.0   +    ||X1Sigma+ ground state
       0.0  189       4758.784609   1   188   0     0.0    -0.0     0.0   +    ||X1Sigma+ ground state
       0.0  190       4783.334481   1   189   0     0.0    -0.0     0.0   +    ||X1Sigma+ ground state
       0.0  191       4798.697096   1   190   0     0.0    -0.0     0.0   +    ||X1Sigma+ ground state
       0.0  192       4812.954429   1   191   0     0.0    -0.0     0.0   +    ||X1Sigma+ ground state
       0.0  193       5397.079690   1   192   0     0.0    -0.0     0.0   +    ||X1Sigma+ ground state
       0.0  194       6088.517936   1   193   0     0.0    -0.0     0.0   +    ||X1Sigma+ ground state
       0.0  195       6889.671095   1   194   0     0.0    -0.0     0.0   +    ||X1Sigma+ ground state
       0.0  196       7820.337539   1   195   0     0.0    -0.0     0.0   +    ||X1Sigma+ ground state
       0.0  197       8904.320636   1   196   0     0.0    -0.0     0.0   +    ||X1Sigma+ ground state
       0.0  198      10170.436342   1   197   0     0.0    -0.0     0.0   +    ||X1Sigma+ ground state
       0.0  199      11653.803003   1   198   0     0.0    -0.0     0.0   +    ||X1Sigma+ ground state
       0.0  200      13418.678823   1   199   0     0.0    -0.0     0.0   +    ||X1Sigma+ ground state

Zero point energy (ZPE) =          24.783343


 Memory Report:
 Active Arrays                                        size (GiB)
 GRID                    0.000016                                                
 contrfunc               0.000298                                                
 brot                    0.000298                                                
 X1Sigma+ ground state   0.000298                                                
 BROT                    0.000300                                                
 Total memory   =                                     0.00121849 GiB
 Maximal memory =                                     0.00212673 GiB (        100000.0)

 (       23 arrays contributing less than 1% are not shown)


              Timing data at 2025/04/08 17:30:56

                                            Total time (seconds)  Self time (seconds)
 Timer                               Calls  --------------------  -------------------
 -----                               -----       Real       CPU        Real       CPU

 Duo                                    1.        0.1       0.1         0.0       0.0
 Solve vibrational part                 1.        0.0       0.0         0.0       0.0
 Diagonalization                        1.        0.0       0.0         0.0       0.0
 Assignment                             1.        0.0       0.0         0.0       0.0

 (  6 timers contributing less than 1% are not shown)

