(Transcript of the input --->)
masses 87 133
(This is a comment: I will only introduce X1Sigma+ (GS) here)

nstates 1
jrot 0
(Symmetry is Cs(M) for heternuclear and C2v(M) for homonuclear)
symmetry Cs(M)

(defining the grid)
(Doc: typical npoints is 100 to 500 pts. Need to check convergence then)
(range in level16: 2.0 13.8 or 2.0 20.0, same results)
(type0: uniform distribution. Here we can try with type 0 for beggining but type 2 looks good)

grid
  npoints  150
  range  2.8, 13.8
  type 0
end

(here: defining the vibration basis for the uncoupled problem: should be larger than in EigenSolver !)
VibrationalBasis
 vmax 50
 enermax 200000.0
end

(here: enermax is for all J and the coupled problem)
EigenSolver
 enermax 200000.0
 nroots 30
end


do_not_shift_pecs

(Specifications of curved and coupling)
(1: index of the potential. Should be less than nstates)
poten 1
name "X1Sigma+ ground state"
symmetry +
lambda 0
mult  1
units cm-1
units angstroms
type grid
Interpolationtype Cubicsplines
values
2.800000 13071.271547
2.825814 12221.936011
2.851628 11434.746517
2.877442 10704.653737
2.903256 10027.058685
2.929070 9397.769035
2.954884 8812.960018
2.980698 8269.139371
3.006512 7763.115891
3.032326 7291.971211
3.058140 6853.034416
3.083953 6443.859220
3.109767 6062.203412
3.135581 5706.010327
3.161395 5373.392147
3.187209 5062.614806
3.213023 4772.084369
3.238837 4500.334707
3.264651 4246.016337
3.290465 4007.886329
3.316279 3784.319553
3.342093 3570.090785
3.367907 3364.980042
3.393721 3168.564523
3.419535 2980.448266
3.445349 2800.268166
3.471163 2627.694001
3.496977 2462.426370
3.522791 2304.194035
3.548605 2152.751132
3.574419 2007.874408
3.600233 1869.360510
3.626047 1737.023375
3.651860 1610.691771
3.677674 1490.207023
3.703488 1375.420956
3.729302 1266.194093
3.755116 1162.394085
3.780930 1063.894382
3.806744 970.573122
3.832558 882.312205
3.858372 798.996538
3.884186 720.513420
3.910000 646.752048
3.935814 577.603112
3.961628 512.958483
3.987442 452.710962
4.013256 396.754089
4.039070 344.982003
4.064884 297.289338
4.090698 253.571161
4.116512 213.722940
4.142326 177.640532
4.168140 145.220201
4.193953 116.358650
4.219767 90.953072
4.245581 68.901206
4.271395 50.101411
4.297209 34.452734
4.323023 21.854995
4.348837 12.208865
4.374651 5.415943
4.400465 1.378837
4.426279 0.001238
4.452093 1.187989
4.477907 4.845156
4.503721 10.880084
4.529535 19.201458
4.555349 29.719349
4.581163 42.345265
4.606977 56.992185
4.632791 73.574602
4.658605 92.008544
4.684419 112.211609
4.710233 134.102981
4.736047 157.603452
4.761860 182.635432
4.787674 209.122965
4.813488 236.991731
4.839302 266.169059
4.865116 296.583922
4.890930 328.166940
4.916744 360.850382
4.942558 394.568154
4.968372 429.255800
4.994186 464.850492
5.020000 501.291019
5.045814 538.517781
5.071628 576.472770
5.097442 615.099567
5.123256 654.343317
5.149070 694.150723
5.174884 734.470025
5.200698 775.250984
5.226512 816.444869
5.252326 858.004434
5.278140 899.883902
5.303953 942.038947
5.329767 984.426677
5.355581 1027.005609
5.381395 1069.735659
5.407209 1112.578115
5.433023 1155.495620
5.458837 1198.452156
5.484651 1241.413021
5.510465 1284.344811
5.536279 1327.215401
5.562093 1369.993927
5.587907 1412.650766
5.613721 1455.157515
5.639535 1497.486978
5.665349 1539.613139
5.691163 1581.511152
5.716977 1623.157315
5.742791 1664.529054
5.768605 1705.604905
5.794419 1746.364494
5.820233 1786.788516
5.846047 1826.858719
5.871860 1866.557883
5.897674 1905.869800
5.923488 1944.779256
5.949302 1983.272007
5.975116 2021.334763
6.000930 2058.955167
6.026744 2096.121771
6.052558 2132.824019
6.078372 2169.052222
6.104186 2204.797539
6.130000 2240.051955
6.155814 2274.808259
6.181628 2309.060019
6.207442 2342.801563
6.233256 2376.027955
6.259070 2408.734972
6.284884 2440.919082
6.310698 2472.577418
6.336512 2503.707759
6.362326 2534.308502
6.388140 2564.378645
6.413953 2593.917755
6.439767 2622.925954
6.465581 2651.403887
6.491395 2679.352708
6.517209 2706.774049
6.543023 2733.670000
6.568837 2760.043088
6.594651 2785.896255
6.620465 2811.232832
6.646279 2836.056520
6.672093 2860.371368
6.697907 2884.181752
6.723721 2907.492357
6.749535 2930.308150
6.775349 2952.634366
6.801163 2974.476487
6.826977 2995.840223
6.852791 3016.731493
6.878605 3037.156408
6.904419 3057.121254
6.930233 3076.632473
6.956047 3095.696650
6.981860 3114.320494
7.007674 3132.510825
7.033488 3150.274561
7.059302 3167.618699
7.085116 3184.550306
7.110930 3201.076505
7.136744 3217.204464
7.162558 3232.941380
7.188372 3248.294474
7.214186 3263.270974
7.240000 3277.878113
7.265814 3292.123111
7.291628 3306.013173
7.317442 3319.555477
7.343256 3332.757166
7.369070 3345.625343
7.394884 3358.167062
7.420698 3370.389323
7.446512 3382.299067
7.472326 3393.903167
7.498140 3405.208426
7.523953 3416.221572
7.549767 3426.949252
7.575581 3437.398030
7.601395 3447.574385
7.627209 3457.484703
7.653023 3467.135279
7.678837 3476.532312
7.704651 3485.681903
7.730465 3494.590057
7.756279 3503.262673
7.782093 3511.705552
7.807907 3519.924390
7.833721 3527.924780
7.859535 3535.712209
7.885349 3543.292059
7.911163 3550.669609
7.936977 3557.850029
7.962791 3564.838387
7.988605 3571.639645
8.014419 3578.258660
8.040233 3584.700185
8.066047 3590.968871
8.091860 3597.069265
8.117674 3603.005813
8.143488 3608.782862
8.169302 3614.404656
8.195116 3619.875344
8.220930 3625.198977
8.246744 3630.379508
8.272558 3635.420798
8.298372 3640.326614
8.324186 3645.100632
8.350000 3649.746435
8.375814 3654.267521
8.401628 3658.667298
8.427442 3662.949089
8.453256 3667.116133
8.479070 3671.171587
8.504884 3675.118526
8.530698 3678.959946
8.556512 3682.698765
8.582326 3686.337825
8.608140 3689.879892
8.633953 3693.327660
8.659767 3696.683752
8.685581 3699.950719
8.711395 3703.131046
8.737209 3706.227150
8.763023 3709.241382
8.788837 3712.176028
8.814651 3715.033315
8.840465 3717.815407
8.866279 3720.524407
8.892093 3723.162362
8.917907 3725.731262
8.943721 3728.233042
8.969535 3730.669581
8.995349 3733.042708
9.021163 3735.354199
9.046977 3737.605780
9.072791 3739.799130
9.098605 3741.935879
9.124419 3744.017611
9.150233 3746.045865
9.176047 3748.022137
9.201860 3749.947878
9.227674 3751.824501
9.253488 3753.653375
9.279302 3755.435832
9.305116 3757.173165
9.330930 3758.866630
9.356744 3760.517447
9.382558 3762.126799
9.408372 3763.695837
9.434186 3765.225678
9.460000 3766.717407
9.485814 3768.172077
9.511628 3769.590710
9.537442 3770.974300
9.563256 3772.323811
9.589070 3773.640180
9.614884 3774.924315
9.640698 3776.177099
9.666512 3777.399390
9.692326 3778.592020
9.718140 3779.755798
9.743953 3780.891509
9.769767 3781.999914
9.795581 3783.081754
9.821395 3784.137749
9.847209 3785.168595
9.873023 3786.174972
9.898837 3787.157537
9.924651 3788.116931
9.950465 3789.053774
9.976279 3789.968670
10.002093 3790.862206
10.027907 3791.734950
10.053721 3792.587455
10.079535 3793.420259
10.105349 3794.233884
10.131163 3795.028837
10.156977 3795.805610
10.182791 3796.564682
10.208605 3797.306518
10.234419 3798.031570
10.260233 3798.740277
10.286047 3799.433065
10.311860 3800.110349
10.337674 3800.772532
10.363488 3801.420004
10.389302 3802.053145
10.415116 3802.672326
10.440930 3803.277904
10.466744 3803.870228
10.492558 3804.449638
10.518372 3805.016462
10.544186 3805.571020
10.570000 3806.113622
10.595814 3806.644570
10.621628 3807.164158
10.647442 3807.672671
10.673256 3808.170384
10.699070 3808.657567
10.724884 3809.134481
10.750698 3809.601380
10.776512 3810.058510
10.802326 3810.506112
10.828140 3810.944418
10.853953 3811.373655
10.879767 3811.794042
10.905581 3812.205795
10.931395 3812.609122
10.957209 3813.004226
10.983023 3813.391304
11.008837 3813.770549
11.034651 3814.142149
11.060465 3814.506287
11.086279 3814.863142
11.112093 3815.212890
11.137907 3815.555702
11.163721 3815.891746
11.189535 3816.221187
11.215349 3816.544187
11.241163 3816.860906
11.266977 3817.171501
11.292791 3817.476129
11.318605 3817.774944
11.344419 3818.068101
11.370233 3818.355751
11.396047 3818.638048
11.421860 3818.915145
11.447674 3819.187196
11.473488 3819.454357
11.499302 3819.716785
11.525116 3819.972653
11.550930 3820.223694
11.576744 3820.470067
11.602558 3820.711874
11.628372 3820.949216
11.654186 3821.182192
11.680000 3821.410898
11.705814 3821.635427
11.731628 3821.855870
11.757442 3822.072316
11.783256 3822.284851
11.809070 3822.493560
11.834884 3822.698525
11.860698 3822.899825
11.886512 3823.097539
11.912326 3823.291744
11.938140 3823.482513
11.963953 3823.669918
11.989767 3823.854032
12.015581 3824.034922
12.041395 3824.212656
12.067209 3824.387299
12.093023 3824.558915
12.118837 3824.727568
12.144651 3824.893317
12.170465 3825.056223
12.196279 3825.216343
12.222093 3825.373735
12.247907 3825.528453
12.273721 3825.680551
12.299535 3825.830083
12.325349 3825.977099
12.351163 3826.121650
12.376977 3826.263786
12.402791 3826.403553
12.428605 3826.541000
12.454419 3826.676171
12.480233 3826.809112
12.506047 3826.939866
12.531860 3827.068476
12.557674 3827.194983
12.583488 3827.319429
12.609302 3827.441852
12.635116 3827.562293
12.660930 3827.680789
12.686744 3827.797377
12.712558 3827.912093
12.738372 3828.024974
12.764186 3828.136054
12.790000 3828.245366
12.815814 3828.352945
12.841628 3828.458823
12.867442 3828.563031
12.893256 3828.665600
12.919070 3828.766562
12.944884 3828.865945
12.970698 3828.963779
12.996512 3829.060093
13.022326 3829.154914
13.048140 3829.248269
13.073953 3829.340185
13.099767 3829.430689
13.125581 3829.519805
13.151395 3829.607560
13.177209 3829.693977
13.203023 3829.779080
13.228837 3829.862893
13.254651 3829.945439
13.280465 3830.026741
13.306279 3830.106819
13.332093 3830.185697
13.357907 3830.263395
13.383721 3830.339934
13.409535 3830.415335
13.435349 3830.489616
13.461163 3830.562798
13.486977 3830.634899
13.512791 3830.705939
13.538605 3830.775935
13.564419 3830.844906
13.590233 3830.912869
13.616047 3830.979842
13.641860 3831.045840
13.667674 3831.110882
13.693488 3831.174983
13.719302 3831.238159
13.745116 3831.300425
13.770930 3831.361797
13.796744 3831.422290
13.822558 3831.481919
13.848372 3831.540698
13.874186 3831.598641
13.900000 3831.655762
end

(<--- End of the input.)

 ____                                        ____  _   _  ___
|  _ \ _ __ ___   __ _ _ __ __ _ _ __ ___   |  _ \| | | |/ _ \
| |_) | '__/ _ \ / _` | '__/ _` | '_ ` _ \  | | | | | | | | | |
|  __/| | | (_) | (_| | | | (_| | | | | | | | |_| | |_| | |_| |
|_|   |_|  \___/ \__, |_|  \__,_|_| |_| |_| |____/ \___/ \___/
                 |___/

Please refer to:
 Sergei N. Yurchenko, Lorenzo Lodi, Jonathan Tennyson and Andrey V. Stolyarov, 
 `DUO: a general program for calculating spectra of diatomic molecules',
  Computer Physics Communication, (to be submitted), 2015.
  Contacts: s.yurchenko@ucl.ac.uk; l.lodi@ucl.ac.uk; j.tennyson@ucl.ac.uk; 
            avstol@phys.chem.msu.ru

Values of physical constants used by DUO:
                    Planck constant h =   6.626069570000E-27    erg*second
                     Speed of light c =     29979245800.0000     cm/second
                       Bohr radius a0 =      0.5291772109200     angstroms
                    Hartree energy Eh =    219474.6313708000         cm^-1
           Unified atomic mass unit u =   1.660538921000E-24         grams
           Unified atomic mass unit u =   1822.8884861185961            me
                    Electron charge e =   1.602176565000E-19      Coulombs
                Boltzmann constant kB =   1.380648800000E-16    erg/Kelvin
                    Avogadro constant =   6.022141290000E+23        mol^-1
      Fine structure constant 1/alpha =   137.03599907466793
                     Electron mass me =   9.109382903261E-28         grams
                  a.u. of dipole e*a0 =       2.541746363812        debyes
                                 1 eV =      8065.5442959967         cm^-1

Reduced mass is      52.5954545454545         atomic mass units (Daltons)
Reduced mass is      95875.6485130831         atomic units (electron masses)

Using a uniformly spaced grid with npoints =             150
rmin, rmax, step (in ang)   =          2.80000000000000        13.80000000000000         0.07382550335570
rmin, rmax, step (in bohrs) =          5.29123314878217        26.07822051899786         0.13950998235044

Generate a grid representation for all Hamiltonian terms
...done!


Potential functions:
     1           X1Sigma+ ground state  type =                 GRID
            r(Ang)                     1
        2.80000000        1.30712715E+04
        2.87382550        1.08037378E+04
        2.94765101        8.97254051E+03
        3.02147651        7.48591755E+03
        3.09530201        6.27279959E+03
        3.16912752        5.27808297E+03
        3.24295302        4.45865281E+03
        3.31677852        3.78009532E+03
        3.39060403        3.19183459E+03
        3.46442953        2.67199313E+03
        3.53825503        2.21267058E+03
        3.61208054        1.80786754E+03
        3.68590604        1.45299000E+03
        3.75973154        1.14439678E+03
        3.83355705        8.78996484E+02
        3.90738255        6.54019244E+02
        3.98120805        4.66863429E+02
        4.05503356        3.15013885E+02
        4.12885906        1.96000928E+02
        4.20268456        1.07383441E+02
        4.27651007        4.67534668E+01
        4.35033557        1.17374516E+01
        4.42416107        1.64131550E-02
        4.49798658        9.33872284E+00
        4.57181208        3.75336412E+01
        4.64563758        8.25221707E+01
        4.71946309        1.42325013E+02
        4.79328859        2.15069441E+02
        4.86711409        2.98987726E+02
        4.94093960        3.92425066E+02
        5.01476510        4.93835669E+02
        5.08859060        6.01782532E+02
        5.16241611        7.14935512E+02
        5.23624161        8.32068766E+02
        5.31006711        9.52059285E+02
        5.38389262        1.07387655E+03
        5.45771812        1.19658992E+03
        5.53154362        1.31935713E+03
        5.60536913        1.44142297E+03
        5.67919463        1.56211551E+03
        5.75302013        1.68084245E+03
        5.82684564        1.79708742E+03
        5.90067114        1.91040830E+03
        5.97449664        2.02042665E+03
        6.04832215        2.12683376E+03
        6.12214765        2.22938033E+03
        6.19597315        2.32787392E+03
        6.26979866        2.42217481E+03
        6.34362416        2.51219167E+03
        6.41744966        2.59787825E+03
        6.49127517        2.67922419E+03
        6.56510067        2.75625809E+03
        6.63892617        2.82903778E+03
        6.71275168        2.89764757E+03
        6.78657718        2.96219408E+03
        6.86040268        3.02280232E+03
        6.93422819        3.07961205E+03
        7.00805369        3.13277518E+03
        7.08187919        3.18244964E+03
        7.15570470        3.22880114E+03
        7.22953020        3.27199772E+03
        7.30335570        3.31220833E+03
        7.37718121        3.34960101E+03
        7.45100671        3.38434135E+03
        7.52483221        3.41659162E+03
        7.59865772        3.44650802E+03
        7.67248322        3.47424255E+03
        7.74630872        3.49994055E+03
        7.82013423        3.52374080E+03
        7.89395973        3.54577520E+03
        7.96778523        3.56616867E+03
        8.04161074        3.58503908E+03
        8.11543624        3.60249757E+03
        8.18926174        3.61864771E+03
        8.26308725        3.63358716E+03
        8.33691275        3.64740690E+03
        8.41073826        3.66019173E+03
        8.48456376        3.67202057E+03
        8.55838926        3.68296674E+03
        8.63221477        3.69309840E+03
        8.70604027        3.70247834E+03
        8.77986577        3.71116502E+03
        8.85369128        3.71921241E+03
        8.92751678        3.72667034E+03
        9.00134228        3.73358480E+03
        9.07516779        3.73999821E+03
        9.14899329        3.74594966E+03
        9.22281879        3.75147523E+03
        9.29664430        3.75660790E+03
        9.37046980        3.76137826E+03
        9.44429530        3.76581435E+03
        9.51812081        3.76994197E+03
        9.59194631        3.77378484E+03
        9.66577181        3.77736476E+03
        9.73959732        3.78070181E+03
        9.81342282        3.78381434E+03
        9.88724832        3.78671934E+03
        9.96107383        3.78943239E+03
       10.03489933        3.79196785E+03
       10.10872483        3.79433889E+03
       10.18255034        3.79655769E+03
       10.25637584        3.79863540E+03
       10.33020134        3.80058237E+03
       10.40402685        3.80240803E+03
       10.47785235        3.80412112E+03
       10.55167785        3.80572971E+03
       10.62550336        3.80724120E+03
       10.69932886        3.80866240E+03
       10.77315436        3.80999959E+03
       10.84697987        3.81125858E+03
       10.92080537        3.81244467E+03
       10.99463087        3.81356280E+03
       11.06845638        3.81461753E+03
       11.14228188        3.81561313E+03
       11.21610738        3.81655358E+03
       11.28993289        3.81744269E+03
       11.36375839        3.81828411E+03
       11.43758389        3.81908146E+03
       11.51140940        3.81983754E+03
       11.58523490        3.82055010E+03
       11.65906040        3.82122570E+03
       11.73288591        3.82186651E+03
       11.80671141        3.82247465E+03
       11.88053691        3.82305209E+03
       11.95436242        3.82360068E+03
       12.02818792        3.82412211E+03
       12.10201342        3.82461799E+03
       12.17583893        3.82508978E+03
       12.24966443        3.82553889E+03
       12.32348993        3.82596659E+03
       12.39731544        3.82637410E+03
       12.47114094        3.82676254E+03
       12.54496644        3.82713297E+03
       12.61879195        3.82748636E+03
       12.69261745        3.82782364E+03
       12.76644295        3.82814568E+03
       12.84026846        3.82845329E+03
       12.91409396        3.82874722E+03
       12.98791946        3.82902820E+03
       13.06174497        3.82929689E+03
       13.13557047        3.82955392E+03
       13.20939597        3.82979989E+03
       13.28322148        3.83003535E+03
       13.35704698        3.83026083E+03
       13.43087248        3.83047681E+03
       13.50469799        3.83068378E+03
       13.57852349        3.83088216E+03
       13.65234899        3.83107238E+03
       13.72617450        3.83125482E+03
       13.80000000        3.83142986E+03

Equilibrium properties
           imin =                     23
   r_imin / ang =           4.4241610738
V(r_imin) / cm-1 =            0.01641315
 Has a single min?                    No
 True r_e  / ang =                  N.A.

Derivatives at true re
der0, cm-1       =                  N.A.
der1, cm-1/ang   =                  N.A.
der2, cm-1/ang^2 =                  N.A.
der3, cm-1/ang^3 =                  N.A.
der4, cm-1/ang^4 =                  N.A.

Harmonic we, cm-1=                  N.A.
  Rotat. B0, cm-1=                  N.A.
Anharm. const. xe=                  N.A.
 Coriol. ae, cm-1=                  N.A.
  Centr. De, cm-1=                  N.A.
        Y00, cm-1=                  N.A.

Approximate J=0 vibrational energy levels (no couplings) 
 given by E(v, J=0) = V(re) + Y00 + we*(v+0.5) - we*xe*(v+0.5)^2
                 v
                 0                  N.A.
                 1                  N.A.
                 2                  N.A.
                 3                  N.A.

            Spin =                   0.0
        |Lambda| =                   0.0
  Physical J_min =                   0.0

Approximate J=J_min vibrational-rotational energy levels (no couplings)
 given by E(v, J) = E(v, J=0) B0*J*(J+1)- ae*(v+0.5)*J*(J+1) - De*[J(J+1)]^2
                 v
                 0                  N.A.
                 1                  N.A.
                 2                  N.A.
                 3                  N.A.


Construct the J=0 matrix
Solving one-dimentional Schrodinger equations using : SINC

Vibrational (contracted) energies: 
    N        Energy/cm    State v

    1          0.000000 [    1   0 ] X1Sigma+ ground state
    2         49.422138 [    1   1 ] X1Sigma+ ground state
    3         98.627556 [    1   2 ] X1Sigma+ ground state
    4        147.615797 [    1   3 ] X1Sigma+ ground state
    5        196.383230 [    1   4 ] X1Sigma+ ground state
    6        244.942143 [    1   5 ] X1Sigma+ ground state
    7        293.264051 [    1   6 ] X1Sigma+ ground state
    8        341.142000 [    1   7 ] X1Sigma+ ground state
    9        390.227529 [    1   8 ] X1Sigma+ ground state
   10        432.902301 [    1   9 ] X1Sigma+ ground state
   11        489.180400 [    1  10 ] X1Sigma+ ground state
   12        524.165483 [    1  11 ] X1Sigma+ ground state
   13        579.023221 [    1  12 ] X1Sigma+ ground state
   14        657.572049 [    1  13 ] X1Sigma+ ground state
   15        674.656803 [    1  14 ] X1Sigma+ ground state
   16        778.248428 [    1  15 ] X1Sigma+ ground state
   17        837.898531 [    1  16 ] X1Sigma+ ground state
   18        889.038732 [    1  17 ] X1Sigma+ ground state
   19       1004.401682 [    1  18 ] X1Sigma+ ground state
   20       1058.696993 [    1  19 ] X1Sigma+ ground state
   21       1123.070438 [    1  20 ] X1Sigma+ ground state
   22       1243.806050 [    1  21 ] X1Sigma+ ground state
   23       1321.466378 [    1  22 ] X1Sigma+ ground state
   24       1365.619372 [    1  23 ] X1Sigma+ ground state
   25       1487.591664 [    1  24 ] X1Sigma+ ground state
   26       1608.937788 [    1  25 ] X1Sigma+ ground state
   27       1628.301445 [    1  26 ] X1Sigma+ ground state
   28       1728.967204 [    1  27 ] X1Sigma+ ground state
   29       1847.054901 [    1  28 ] X1Sigma+ ground state
   30       1962.673575 [    1  29 ] X1Sigma+ ground state
   31       1981.945100 [    1  30 ] X1Sigma+ ground state
   32       2075.370595 [    1  31 ] X1Sigma+ ground state
   33       2184.755745 [    1  32 ] X1Sigma+ ground state
   34       2290.512127 [    1  33 ] X1Sigma+ ground state
   35       2385.867655 [    1  34 ] X1Sigma+ ground state
   36       2392.385560 [    1  35 ] X1Sigma+ ground state
   37       2490.169175 [    1  36 ] X1Sigma+ ground state
   38       2583.724351 [    1  37 ] X1Sigma+ ground state
   39       2672.951458 [    1  38 ] X1Sigma+ ground state
   40       2757.796690 [    1  39 ] X1Sigma+ ground state
   41       2838.246038 [    1  40 ] X1Sigma+ ground state
   42       2844.560376 [    1  41 ] X1Sigma+ ground state
   43       2914.324557 [    1  42 ] X1Sigma+ ground state
   44       2986.080819 [    1  43 ] X1Sigma+ ground state
   45       3053.595086 [    1  44 ] X1Sigma+ ground state
   46       3116.968652 [    1  45 ] X1Sigma+ ground state
   47       3176.321127 [    1  46 ] X1Sigma+ ground state
   48       3231.786585 [    1  47 ] X1Sigma+ ground state
   49       3283.511194 [    1  48 ] X1Sigma+ ground state
   50       3331.648956 [    1  49 ] X1Sigma+ ground state
   51       3363.933093 [    1  50 ] X1Sigma+ ground state
   52       3376.360107 [    1  51 ] X1Sigma+ ground state
   53       3417.806958 [    1  52 ] X1Sigma+ ground state
   54       3456.154118 [    1  53 ] X1Sigma+ ground state
   55       3491.564859 [    1  54 ] X1Sigma+ ground state
   56       3524.200490 [    1  55 ] X1Sigma+ ground state
   57       3554.218888 [    1  56 ] X1Sigma+ ground state
   58       3581.773579 [    1  57 ] X1Sigma+ ground state
   59       3607.013103 [    1  58 ] X1Sigma+ ground state
   60       3630.080353 [    1  59 ] X1Sigma+ ground state
   61       3651.112526 [    1  60 ] X1Sigma+ ground state
   62       3670.240760 [    1  61 ] X1Sigma+ ground state
   63       3687.590301 [    1  62 ] X1Sigma+ ground state
   64       3703.280443 [    1  63 ] X1Sigma+ ground state
   65       3717.424919 [    1  64 ] X1Sigma+ ground state
   66       3730.132033 [    1  65 ] X1Sigma+ ground state
   67       3741.504946 [    1  66 ] X1Sigma+ ground state
   68       3751.641910 [    1  67 ] X1Sigma+ ground state
   69       3760.636672 [    1  68 ] X1Sigma+ ground state
   70       3768.578691 [    1  69 ] X1Sigma+ ground state
   71       3775.553594 [    1  70 ] X1Sigma+ ground state
   72       3781.643583 [    1  71 ] X1Sigma+ ground state
   73       3786.927603 [    1  72 ] X1Sigma+ ground state
   74       3791.481280 [    1  73 ] X1Sigma+ ground state
   75       3795.377154 [    1  74 ] X1Sigma+ ground state
   76       3798.683542 [    1  75 ] X1Sigma+ ground state
   77       3801.462808 [    1  76 ] X1Sigma+ ground state
   78       3803.781671 [    1  77 ] X1Sigma+ ground state
   79       3805.766664 [    1  78 ] X1Sigma+ ground state
   80       3807.757533 [    1  79 ] X1Sigma+ ground state
   81       3810.044341 [    1  80 ] X1Sigma+ ground state
   82       3812.656376 [    1  81 ] X1Sigma+ ground state
   83       3815.557086 [    1  82 ] X1Sigma+ ground state
   84       3818.718741 [    1  83 ] X1Sigma+ ground state
   85       3822.121201 [    1  84 ] X1Sigma+ ground state
   86       3825.751759 [    1  85 ] X1Sigma+ ground state
   87       3829.598760 [    1  86 ] X1Sigma+ ground state
   88       3833.655617 [    1  87 ] X1Sigma+ ground state
   89       3837.914324 [    1  88 ] X1Sigma+ ground state
   90       3842.371406 [    1  89 ] X1Sigma+ ground state
   91       3847.020729 [    1  90 ] X1Sigma+ ground state
   92       3851.860732 [    1  91 ] X1Sigma+ ground state
   93       3856.886345 [    1  92 ] X1Sigma+ ground state
   94       3862.097343 [    1  93 ] X1Sigma+ ground state
   95       3867.489297 [    1  94 ] X1Sigma+ ground state
   96       3873.063034 [    1  95 ] X1Sigma+ ground state
   97       3878.814485 [    1  96 ] X1Sigma+ ground state
   98       3884.745404 [    1  97 ] X1Sigma+ ground state
   99       3890.851868 [    1  98 ] X1Sigma+ ground state
  100       3897.136539 [    1  99 ] X1Sigma+ ground state
  101       3903.595448 [    1 100 ] X1Sigma+ ground state
  102       3910.232214 [    1 101 ] X1Sigma+ ground state
  103       3917.042654 [    1 102 ] X1Sigma+ ground state
  104       3924.031410 [    1 103 ] X1Sigma+ ground state
  105       3931.193976 [    1 104 ] X1Sigma+ ground state
  106       3938.536047 [    1 105 ] X1Sigma+ ground state
  107       3946.052754 [    1 106 ] X1Sigma+ ground state
  108       3952.202210 [    1 107 ] X1Sigma+ ground state
  109       3953.751219 [    1 108 ] X1Sigma+ ground state
  110       3961.625372 [    1 109 ] X1Sigma+ ground state
  111       3969.683803 [    1 110 ] X1Sigma+ ground state
  112       3977.920704 [    1 111 ] X1Sigma+ ground state
  113       3986.345233 [    1 112 ] X1Sigma+ ground state
  114       3994.951186 [    1 113 ] X1Sigma+ ground state
  115       4003.749329 [    1 114 ] X1Sigma+ ground state
  116       4012.732639 [    1 115 ] X1Sigma+ ground state
  117       4021.913873 [    1 116 ] X1Sigma+ ground state
  118       4031.284982 [    1 117 ] X1Sigma+ ground state
  119       4040.861091 [    1 118 ] X1Sigma+ ground state
  120       4050.632987 [    1 119 ] X1Sigma+ ground state
  121       4060.618574 [    1 120 ] X1Sigma+ ground state
  122       4070.807366 [    1 121 ] X1Sigma+ ground state
  123       4081.220642 [    1 122 ] X1Sigma+ ground state
  124       4091.846390 [    1 123 ] X1Sigma+ ground state
  125       4102.710263 [    1 124 ] X1Sigma+ ground state
  126       4113.798230 [    1 125 ] X1Sigma+ ground state
  127       4125.141917 [    1 126 ] X1Sigma+ ground state
  128       4136.724520 [    1 127 ] X1Sigma+ ground state
  129       4148.586025 [    1 128 ] X1Sigma+ ground state
  130       4160.705920 [    1 129 ] X1Sigma+ ground state
  131       4173.136125 [    1 130 ] X1Sigma+ ground state
  132       4185.851311 [    1 131 ] X1Sigma+ ground state
  133       4198.921224 [    1 132 ] X1Sigma+ ground state
  134       4212.314231 [    1 133 ] X1Sigma+ ground state
  135       4226.128830 [    1 134 ] X1Sigma+ ground state
  136       4240.324957 [    1 135 ] X1Sigma+ ground state
  137       4255.053169 [    1 136 ] X1Sigma+ ground state
  138       4270.262289 [    1 137 ] X1Sigma+ ground state
  139       4286.215188 [    1 138 ] X1Sigma+ ground state
  140       4302.851131 [    1 139 ] X1Sigma+ ground state
  141       4320.764384 [    1 140 ] X1Sigma+ ground state
  142       4339.958677 [    1 141 ] X1Sigma+ ground state
  143       4363.434928 [    1 142 ] X1Sigma+ ground state
  144       4631.148006 [    1 143 ] X1Sigma+ ground state
  145       5450.033732 [    1 144 ] X1Sigma+ ground state
  146       6444.232376 [    1 145 ] X1Sigma+ ground state
  147       7656.905929 [    1 146 ] X1Sigma+ ground state
  148       9143.162802 [    1 147 ] X1Sigma+ ground state
  149      10974.143340 [    1 148 ] X1Sigma+ ground state
  150      13246.410965 [    1 149 ] X1Sigma+ ground state

j =       0.0

Define the quanta book-keeping
The total number sigma/lambda states (size of the sigma-lambda submatrix) = 1

Sigma-Lambda basis set:
     i     jrot  state   spin    sigma lambda   omega
     1      0.0    1      0.0     -0.0    0      0.0   X1Sigma+ ground state
...done!

Contracted basis set:
     i     jrot ilevel ivib state v     spin    sigma lambda   omega   Name
     1      0.0    1    1    1    0      0.0     -0.0    0      0.0   X1Sigma+ ground state
     2      0.0    1    2    1    1      0.0     -0.0    0      0.0   X1Sigma+ ground state
     3      0.0    1    3    1    2      0.0     -0.0    0      0.0   X1Sigma+ ground state
     4      0.0    1    4    1    3      0.0     -0.0    0      0.0   X1Sigma+ ground state
     5      0.0    1    5    1    4      0.0     -0.0    0      0.0   X1Sigma+ ground state
     6      0.0    1    6    1    5      0.0     -0.0    0      0.0   X1Sigma+ ground state
     7      0.0    1    7    1    6      0.0     -0.0    0      0.0   X1Sigma+ ground state
     8      0.0    1    8    1    7      0.0     -0.0    0      0.0   X1Sigma+ ground state
     9      0.0    1    9    1    8      0.0     -0.0    0      0.0   X1Sigma+ ground state
    10      0.0    1   10    1    9      0.0     -0.0    0      0.0   X1Sigma+ ground state
    11      0.0    1   11    1   10      0.0     -0.0    0      0.0   X1Sigma+ ground state
    12      0.0    1   12    1   11      0.0     -0.0    0      0.0   X1Sigma+ ground state
    13      0.0    1   13    1   12      0.0     -0.0    0      0.0   X1Sigma+ ground state
    14      0.0    1   14    1   13      0.0     -0.0    0      0.0   X1Sigma+ ground state
    15      0.0    1   15    1   14      0.0     -0.0    0      0.0   X1Sigma+ ground state
    16      0.0    1   16    1   15      0.0     -0.0    0      0.0   X1Sigma+ ground state
    17      0.0    1   17    1   16      0.0     -0.0    0      0.0   X1Sigma+ ground state
    18      0.0    1   18    1   17      0.0     -0.0    0      0.0   X1Sigma+ ground state
    19      0.0    1   19    1   18      0.0     -0.0    0      0.0   X1Sigma+ ground state
    20      0.0    1   20    1   19      0.0     -0.0    0      0.0   X1Sigma+ ground state
    21      0.0    1   21    1   20      0.0     -0.0    0      0.0   X1Sigma+ ground state
    22      0.0    1   22    1   21      0.0     -0.0    0      0.0   X1Sigma+ ground state
    23      0.0    1   23    1   22      0.0     -0.0    0      0.0   X1Sigma+ ground state
    24      0.0    1   24    1   23      0.0     -0.0    0      0.0   X1Sigma+ ground state
    25      0.0    1   25    1   24      0.0     -0.0    0      0.0   X1Sigma+ ground state
    26      0.0    1   26    1   25      0.0     -0.0    0      0.0   X1Sigma+ ground state
    27      0.0    1   27    1   26      0.0     -0.0    0      0.0   X1Sigma+ ground state
    28      0.0    1   28    1   27      0.0     -0.0    0      0.0   X1Sigma+ ground state
    29      0.0    1   29    1   28      0.0     -0.0    0      0.0   X1Sigma+ ground state
    30      0.0    1   30    1   29      0.0     -0.0    0      0.0   X1Sigma+ ground state
    31      0.0    1   31    1   30      0.0     -0.0    0      0.0   X1Sigma+ ground state
    32      0.0    1   32    1   31      0.0     -0.0    0      0.0   X1Sigma+ ground state
    33      0.0    1   33    1   32      0.0     -0.0    0      0.0   X1Sigma+ ground state
    34      0.0    1   34    1   33      0.0     -0.0    0      0.0   X1Sigma+ ground state
    35      0.0    1   35    1   34      0.0     -0.0    0      0.0   X1Sigma+ ground state
    36      0.0    1   36    1   35      0.0     -0.0    0      0.0   X1Sigma+ ground state
    37      0.0    1   37    1   36      0.0     -0.0    0      0.0   X1Sigma+ ground state
    38      0.0    1   38    1   37      0.0     -0.0    0      0.0   X1Sigma+ ground state
    39      0.0    1   39    1   38      0.0     -0.0    0      0.0   X1Sigma+ ground state
    40      0.0    1   40    1   39      0.0     -0.0    0      0.0   X1Sigma+ ground state
    41      0.0    1   41    1   40      0.0     -0.0    0      0.0   X1Sigma+ ground state
    42      0.0    1   42    1   41      0.0     -0.0    0      0.0   X1Sigma+ ground state
    43      0.0    1   43    1   42      0.0     -0.0    0      0.0   X1Sigma+ ground state
    44      0.0    1   44    1   43      0.0     -0.0    0      0.0   X1Sigma+ ground state
    45      0.0    1   45    1   44      0.0     -0.0    0      0.0   X1Sigma+ ground state
    46      0.0    1   46    1   45      0.0     -0.0    0      0.0   X1Sigma+ ground state
    47      0.0    1   47    1   46      0.0     -0.0    0      0.0   X1Sigma+ ground state
    48      0.0    1   48    1   47      0.0     -0.0    0      0.0   X1Sigma+ ground state
    49      0.0    1   49    1   48      0.0     -0.0    0      0.0   X1Sigma+ ground state
    50      0.0    1   50    1   49      0.0     -0.0    0      0.0   X1Sigma+ ground state
    51      0.0    1   51    1   50      0.0     -0.0    0      0.0   X1Sigma+ ground state
    52      0.0    1   52    1   51      0.0     -0.0    0      0.0   X1Sigma+ ground state
    53      0.0    1   53    1   52      0.0     -0.0    0      0.0   X1Sigma+ ground state
    54      0.0    1   54    1   53      0.0     -0.0    0      0.0   X1Sigma+ ground state
    55      0.0    1   55    1   54      0.0     -0.0    0      0.0   X1Sigma+ ground state
    56      0.0    1   56    1   55      0.0     -0.0    0      0.0   X1Sigma+ ground state
    57      0.0    1   57    1   56      0.0     -0.0    0      0.0   X1Sigma+ ground state
    58      0.0    1   58    1   57      0.0     -0.0    0      0.0   X1Sigma+ ground state
    59      0.0    1   59    1   58      0.0     -0.0    0      0.0   X1Sigma+ ground state
    60      0.0    1   60    1   59      0.0     -0.0    0      0.0   X1Sigma+ ground state
    61      0.0    1   61    1   60      0.0     -0.0    0      0.0   X1Sigma+ ground state
    62      0.0    1   62    1   61      0.0     -0.0    0      0.0   X1Sigma+ ground state
    63      0.0    1   63    1   62      0.0     -0.0    0      0.0   X1Sigma+ ground state
    64      0.0    1   64    1   63      0.0     -0.0    0      0.0   X1Sigma+ ground state
    65      0.0    1   65    1   64      0.0     -0.0    0      0.0   X1Sigma+ ground state
    66      0.0    1   66    1   65      0.0     -0.0    0      0.0   X1Sigma+ ground state
    67      0.0    1   67    1   66      0.0     -0.0    0      0.0   X1Sigma+ ground state
    68      0.0    1   68    1   67      0.0     -0.0    0      0.0   X1Sigma+ ground state
    69      0.0    1   69    1   68      0.0     -0.0    0      0.0   X1Sigma+ ground state
    70      0.0    1   70    1   69      0.0     -0.0    0      0.0   X1Sigma+ ground state
    71      0.0    1   71    1   70      0.0     -0.0    0      0.0   X1Sigma+ ground state
    72      0.0    1   72    1   71      0.0     -0.0    0      0.0   X1Sigma+ ground state
    73      0.0    1   73    1   72      0.0     -0.0    0      0.0   X1Sigma+ ground state
    74      0.0    1   74    1   73      0.0     -0.0    0      0.0   X1Sigma+ ground state
    75      0.0    1   75    1   74      0.0     -0.0    0      0.0   X1Sigma+ ground state
    76      0.0    1   76    1   75      0.0     -0.0    0      0.0   X1Sigma+ ground state
    77      0.0    1   77    1   76      0.0     -0.0    0      0.0   X1Sigma+ ground state
    78      0.0    1   78    1   77      0.0     -0.0    0      0.0   X1Sigma+ ground state
    79      0.0    1   79    1   78      0.0     -0.0    0      0.0   X1Sigma+ ground state
    80      0.0    1   80    1   79      0.0     -0.0    0      0.0   X1Sigma+ ground state
    81      0.0    1   81    1   80      0.0     -0.0    0      0.0   X1Sigma+ ground state
    82      0.0    1   82    1   81      0.0     -0.0    0      0.0   X1Sigma+ ground state
    83      0.0    1   83    1   82      0.0     -0.0    0      0.0   X1Sigma+ ground state
    84      0.0    1   84    1   83      0.0     -0.0    0      0.0   X1Sigma+ ground state
    85      0.0    1   85    1   84      0.0     -0.0    0      0.0   X1Sigma+ ground state
    86      0.0    1   86    1   85      0.0     -0.0    0      0.0   X1Sigma+ ground state
    87      0.0    1   87    1   86      0.0     -0.0    0      0.0   X1Sigma+ ground state
    88      0.0    1   88    1   87      0.0     -0.0    0      0.0   X1Sigma+ ground state
    89      0.0    1   89    1   88      0.0     -0.0    0      0.0   X1Sigma+ ground state
    90      0.0    1   90    1   89      0.0     -0.0    0      0.0   X1Sigma+ ground state
    91      0.0    1   91    1   90      0.0     -0.0    0      0.0   X1Sigma+ ground state
    92      0.0    1   92    1   91      0.0     -0.0    0      0.0   X1Sigma+ ground state
    93      0.0    1   93    1   92      0.0     -0.0    0      0.0   X1Sigma+ ground state
    94      0.0    1   94    1   93      0.0     -0.0    0      0.0   X1Sigma+ ground state
    95      0.0    1   95    1   94      0.0     -0.0    0      0.0   X1Sigma+ ground state
    96      0.0    1   96    1   95      0.0     -0.0    0      0.0   X1Sigma+ ground state
    97      0.0    1   97    1   96      0.0     -0.0    0      0.0   X1Sigma+ ground state
    98      0.0    1   98    1   97      0.0     -0.0    0      0.0   X1Sigma+ ground state
    99      0.0    1   99    1   98      0.0     -0.0    0      0.0   X1Sigma+ ground state
   100      0.0    1  100    1   99      0.0     -0.0    0      0.0   X1Sigma+ ground state
   101      0.0    1  101    1  100      0.0     -0.0    0      0.0   X1Sigma+ ground state
   102      0.0    1  102    1  101      0.0     -0.0    0      0.0   X1Sigma+ ground state
   103      0.0    1  103    1  102      0.0     -0.0    0      0.0   X1Sigma+ ground state
   104      0.0    1  104    1  103      0.0     -0.0    0      0.0   X1Sigma+ ground state
   105      0.0    1  105    1  104      0.0     -0.0    0      0.0   X1Sigma+ ground state
   106      0.0    1  106    1  105      0.0     -0.0    0      0.0   X1Sigma+ ground state
   107      0.0    1  107    1  106      0.0     -0.0    0      0.0   X1Sigma+ ground state
   108      0.0    1  108    1  107      0.0     -0.0    0      0.0   X1Sigma+ ground state
   109      0.0    1  109    1  108      0.0     -0.0    0      0.0   X1Sigma+ ground state
   110      0.0    1  110    1  109      0.0     -0.0    0      0.0   X1Sigma+ ground state
   111      0.0    1  111    1  110      0.0     -0.0    0      0.0   X1Sigma+ ground state
   112      0.0    1  112    1  111      0.0     -0.0    0      0.0   X1Sigma+ ground state
   113      0.0    1  113    1  112      0.0     -0.0    0      0.0   X1Sigma+ ground state
   114      0.0    1  114    1  113      0.0     -0.0    0      0.0   X1Sigma+ ground state
   115      0.0    1  115    1  114      0.0     -0.0    0      0.0   X1Sigma+ ground state
   116      0.0    1  116    1  115      0.0     -0.0    0      0.0   X1Sigma+ ground state
   117      0.0    1  117    1  116      0.0     -0.0    0      0.0   X1Sigma+ ground state
   118      0.0    1  118    1  117      0.0     -0.0    0      0.0   X1Sigma+ ground state
   119      0.0    1  119    1  118      0.0     -0.0    0      0.0   X1Sigma+ ground state
   120      0.0    1  120    1  119      0.0     -0.0    0      0.0   X1Sigma+ ground state
   121      0.0    1  121    1  120      0.0     -0.0    0      0.0   X1Sigma+ ground state
   122      0.0    1  122    1  121      0.0     -0.0    0      0.0   X1Sigma+ ground state
   123      0.0    1  123    1  122      0.0     -0.0    0      0.0   X1Sigma+ ground state
   124      0.0    1  124    1  123      0.0     -0.0    0      0.0   X1Sigma+ ground state
   125      0.0    1  125    1  124      0.0     -0.0    0      0.0   X1Sigma+ ground state
   126      0.0    1  126    1  125      0.0     -0.0    0      0.0   X1Sigma+ ground state
   127      0.0    1  127    1  126      0.0     -0.0    0      0.0   X1Sigma+ ground state
   128      0.0    1  128    1  127      0.0     -0.0    0      0.0   X1Sigma+ ground state
   129      0.0    1  129    1  128      0.0     -0.0    0      0.0   X1Sigma+ ground state
   130      0.0    1  130    1  129      0.0     -0.0    0      0.0   X1Sigma+ ground state
   131      0.0    1  131    1  130      0.0     -0.0    0      0.0   X1Sigma+ ground state
   132      0.0    1  132    1  131      0.0     -0.0    0      0.0   X1Sigma+ ground state
   133      0.0    1  133    1  132      0.0     -0.0    0      0.0   X1Sigma+ ground state
   134      0.0    1  134    1  133      0.0     -0.0    0      0.0   X1Sigma+ ground state
   135      0.0    1  135    1  134      0.0     -0.0    0      0.0   X1Sigma+ ground state
   136      0.0    1  136    1  135      0.0     -0.0    0      0.0   X1Sigma+ ground state
   137      0.0    1  137    1  136      0.0     -0.0    0      0.0   X1Sigma+ ground state
   138      0.0    1  138    1  137      0.0     -0.0    0      0.0   X1Sigma+ ground state
   139      0.0    1  139    1  138      0.0     -0.0    0      0.0   X1Sigma+ ground state
   140      0.0    1  140    1  139      0.0     -0.0    0      0.0   X1Sigma+ ground state
   141      0.0    1  141    1  140      0.0     -0.0    0      0.0   X1Sigma+ ground state
   142      0.0    1  142    1  141      0.0     -0.0    0      0.0   X1Sigma+ ground state
   143      0.0    1  143    1  142      0.0     -0.0    0      0.0   X1Sigma+ ground state
   144      0.0    1  144    1  143      0.0     -0.0    0      0.0   X1Sigma+ ground state
   145      0.0    1  145    1  144      0.0     -0.0    0      0.0   X1Sigma+ ground state
   146      0.0    1  146    1  145      0.0     -0.0    0      0.0   X1Sigma+ ground state
   147      0.0    1  147    1  146      0.0     -0.0    0      0.0   X1Sigma+ ground state
   148      0.0    1  148    1  147      0.0     -0.0    0      0.0   X1Sigma+ ground state
   149      0.0    1  149    1  148      0.0     -0.0    0      0.0   X1Sigma+ ground state
   150      0.0    1  150    1  149      0.0     -0.0    0      0.0   X1Sigma+ ground state


 Memory Report:
 Active Arrays                                        size (GiB)
 GRID                    0.000016                                                
 contrfunc               0.000168                                                
 brot                    0.000168                                                
 X1Sigma+ ground state   0.000168                                                
 BROT                    0.000169                                                
 hmat                    0.000168                                                
 Total memory   =                                     0.00086329 GiB
 Maximal memory =                                     0.00086329 GiB (        100000.0)

 (       16 arrays contributing less than 1% are not shown)


Construct the hamiltonian matrix
...done!

Non-zero matrix elements of the coupled Sigma-Lambda matrix:
Threshold for printing is   2.22E-16 cm^-1
RV == Rotational-vibrational
SO == Spin-Orbit interaction
SS == Spin-Spin interaction
JS == J.S interaction (aka S-uncoupling)
LS == L.J interaction (aka L-uncoupling)
LS == L.S interaction (spin-electronic)
RV=      13271.194;
 


Eigenvalues for J =      0.0

       J      N        Energy/cm  State   v  lambda spin   sigma   omega  parity
       0.0    1          0.000000   1     0   0     0.0    -0.0     0.0   +    ||X1Sigma+ ground state
       0.0    2         49.422138   1     1   0     0.0    -0.0     0.0   +    ||X1Sigma+ ground state
       0.0    3         98.627556   1     2   0     0.0    -0.0     0.0   +    ||X1Sigma+ ground state
       0.0    4        147.615797   1     3   0     0.0    -0.0     0.0   +    ||X1Sigma+ ground state
       0.0    5        196.383230   1     4   0     0.0    -0.0     0.0   +    ||X1Sigma+ ground state
       0.0    6        244.942143   1     5   0     0.0    -0.0     0.0   +    ||X1Sigma+ ground state
       0.0    7        293.264051   1     6   0     0.0    -0.0     0.0   +    ||X1Sigma+ ground state
       0.0    8        341.142000   1     7   0     0.0    -0.0     0.0   +    ||X1Sigma+ ground state
       0.0    9        390.227529   1     8   0     0.0    -0.0     0.0   +    ||X1Sigma+ ground state
       0.0   10        432.902301   1     9   0     0.0    -0.0     0.0   +    ||X1Sigma+ ground state
       0.0   11        489.180400   1    10   0     0.0    -0.0     0.0   +    ||X1Sigma+ ground state
       0.0   12        524.165483   1    11   0     0.0    -0.0     0.0   +    ||X1Sigma+ ground state
       0.0   13        579.023221   1    12   0     0.0    -0.0     0.0   +    ||X1Sigma+ ground state
       0.0   14        657.572049   1    13   0     0.0    -0.0     0.0   +    ||X1Sigma+ ground state
       0.0   15        674.656803   1    14   0     0.0    -0.0     0.0   +    ||X1Sigma+ ground state
       0.0   16        778.248428   1    15   0     0.0    -0.0     0.0   +    ||X1Sigma+ ground state
       0.0   17        837.898531   1    16   0     0.0    -0.0     0.0   +    ||X1Sigma+ ground state
       0.0   18        889.038732   1    17   0     0.0    -0.0     0.0   +    ||X1Sigma+ ground state
       0.0   19       1004.401682   1    18   0     0.0    -0.0     0.0   +    ||X1Sigma+ ground state
       0.0   20       1058.696993   1    19   0     0.0    -0.0     0.0   +    ||X1Sigma+ ground state
       0.0   21       1123.070438   1    20   0     0.0    -0.0     0.0   +    ||X1Sigma+ ground state
       0.0   22       1243.806050   1    21   0     0.0    -0.0     0.0   +    ||X1Sigma+ ground state
       0.0   23       1321.466378   1    22   0     0.0    -0.0     0.0   +    ||X1Sigma+ ground state
       0.0   24       1365.619372   1    23   0     0.0    -0.0     0.0   +    ||X1Sigma+ ground state
       0.0   25       1487.591664   1    24   0     0.0    -0.0     0.0   +    ||X1Sigma+ ground state
       0.0   26       1608.937788   1    25   0     0.0    -0.0     0.0   +    ||X1Sigma+ ground state
       0.0   27       1628.301445   1    26   0     0.0    -0.0     0.0   +    ||X1Sigma+ ground state
       0.0   28       1728.967204   1    27   0     0.0    -0.0     0.0   +    ||X1Sigma+ ground state
       0.0   29       1847.054901   1    28   0     0.0    -0.0     0.0   +    ||X1Sigma+ ground state
       0.0   30       1962.673575   1    29   0     0.0    -0.0     0.0   +    ||X1Sigma+ ground state
       0.0   31       1981.945100   1    30   0     0.0    -0.0     0.0   +    ||X1Sigma+ ground state
       0.0   32       2075.370595   1    31   0     0.0    -0.0     0.0   +    ||X1Sigma+ ground state
       0.0   33       2184.755745   1    32   0     0.0    -0.0     0.0   +    ||X1Sigma+ ground state
       0.0   34       2290.512127   1    33   0     0.0    -0.0     0.0   +    ||X1Sigma+ ground state
       0.0   35       2385.867655   1    34   0     0.0    -0.0     0.0   +    ||X1Sigma+ ground state
       0.0   36       2392.385560   1    35   0     0.0    -0.0     0.0   +    ||X1Sigma+ ground state
       0.0   37       2490.169175   1    36   0     0.0    -0.0     0.0   +    ||X1Sigma+ ground state
       0.0   38       2583.724351   1    37   0     0.0    -0.0     0.0   +    ||X1Sigma+ ground state
       0.0   39       2672.951458   1    38   0     0.0    -0.0     0.0   +    ||X1Sigma+ ground state
       0.0   40       2757.796690   1    39   0     0.0    -0.0     0.0   +    ||X1Sigma+ ground state
       0.0   41       2838.246038   1    40   0     0.0    -0.0     0.0   +    ||X1Sigma+ ground state
       0.0   42       2844.560376   1    41   0     0.0    -0.0     0.0   +    ||X1Sigma+ ground state
       0.0   43       2914.324557   1    42   0     0.0    -0.0     0.0   +    ||X1Sigma+ ground state
       0.0   44       2986.080819   1    43   0     0.0    -0.0     0.0   +    ||X1Sigma+ ground state
       0.0   45       3053.595086   1    44   0     0.0    -0.0     0.0   +    ||X1Sigma+ ground state
       0.0   46       3116.968652   1    45   0     0.0    -0.0     0.0   +    ||X1Sigma+ ground state
       0.0   47       3176.321127   1    46   0     0.0    -0.0     0.0   +    ||X1Sigma+ ground state
       0.0   48       3231.786585   1    47   0     0.0    -0.0     0.0   +    ||X1Sigma+ ground state
       0.0   49       3283.511194   1    48   0     0.0    -0.0     0.0   +    ||X1Sigma+ ground state
       0.0   50       3331.648956   1    49   0     0.0    -0.0     0.0   +    ||X1Sigma+ ground state
       0.0   51       3363.933093   1    50   0     0.0    -0.0     0.0   +    ||X1Sigma+ ground state
       0.0   52       3376.360107   1    51   0     0.0    -0.0     0.0   +    ||X1Sigma+ ground state
       0.0   53       3417.806958   1    52   0     0.0    -0.0     0.0   +    ||X1Sigma+ ground state
       0.0   54       3456.154118   1    53   0     0.0    -0.0     0.0   +    ||X1Sigma+ ground state
       0.0   55       3491.564859   1    54   0     0.0    -0.0     0.0   +    ||X1Sigma+ ground state
       0.0   56       3524.200490   1    55   0     0.0    -0.0     0.0   +    ||X1Sigma+ ground state
       0.0   57       3554.218888   1    56   0     0.0    -0.0     0.0   +    ||X1Sigma+ ground state
       0.0   58       3581.773579   1    57   0     0.0    -0.0     0.0   +    ||X1Sigma+ ground state
       0.0   59       3607.013103   1    58   0     0.0    -0.0     0.0   +    ||X1Sigma+ ground state
       0.0   60       3630.080353   1    59   0     0.0    -0.0     0.0   +    ||X1Sigma+ ground state
       0.0   61       3651.112526   1    60   0     0.0    -0.0     0.0   +    ||X1Sigma+ ground state
       0.0   62       3670.240760   1    61   0     0.0    -0.0     0.0   +    ||X1Sigma+ ground state
       0.0   63       3687.590301   1    62   0     0.0    -0.0     0.0   +    ||X1Sigma+ ground state
       0.0   64       3703.280443   1    63   0     0.0    -0.0     0.0   +    ||X1Sigma+ ground state
       0.0   65       3717.424919   1    64   0     0.0    -0.0     0.0   +    ||X1Sigma+ ground state
       0.0   66       3730.132033   1    65   0     0.0    -0.0     0.0   +    ||X1Sigma+ ground state
       0.0   67       3741.504946   1    66   0     0.0    -0.0     0.0   +    ||X1Sigma+ ground state
       0.0   68       3751.641910   1    67   0     0.0    -0.0     0.0   +    ||X1Sigma+ ground state
       0.0   69       3760.636672   1    68   0     0.0    -0.0     0.0   +    ||X1Sigma+ ground state
       0.0   70       3768.578691   1    69   0     0.0    -0.0     0.0   +    ||X1Sigma+ ground state
       0.0   71       3775.553594   1    70   0     0.0    -0.0     0.0   +    ||X1Sigma+ ground state
       0.0   72       3781.643583   1    71   0     0.0    -0.0     0.0   +    ||X1Sigma+ ground state
       0.0   73       3786.927603   1    72   0     0.0    -0.0     0.0   +    ||X1Sigma+ ground state
       0.0   74       3791.481280   1    73   0     0.0    -0.0     0.0   +    ||X1Sigma+ ground state
       0.0   75       3795.377154   1    74   0     0.0    -0.0     0.0   +    ||X1Sigma+ ground state
       0.0   76       3798.683542   1    75   0     0.0    -0.0     0.0   +    ||X1Sigma+ ground state
       0.0   77       3801.462808   1    76   0     0.0    -0.0     0.0   +    ||X1Sigma+ ground state
       0.0   78       3803.781671   1    77   0     0.0    -0.0     0.0   +    ||X1Sigma+ ground state
       0.0   79       3805.766664   1    78   0     0.0    -0.0     0.0   +    ||X1Sigma+ ground state
       0.0   80       3807.757533   1    79   0     0.0    -0.0     0.0   +    ||X1Sigma+ ground state
       0.0   81       3810.044341   1    80   0     0.0    -0.0     0.0   +    ||X1Sigma+ ground state
       0.0   82       3812.656376   1    81   0     0.0    -0.0     0.0   +    ||X1Sigma+ ground state
       0.0   83       3815.557086   1    82   0     0.0    -0.0     0.0   +    ||X1Sigma+ ground state
       0.0   84       3818.718741   1    83   0     0.0    -0.0     0.0   +    ||X1Sigma+ ground state
       0.0   85       3822.121201   1    84   0     0.0    -0.0     0.0   +    ||X1Sigma+ ground state
       0.0   86       3825.751759   1    85   0     0.0    -0.0     0.0   +    ||X1Sigma+ ground state
       0.0   87       3829.598760   1    86   0     0.0    -0.0     0.0   +    ||X1Sigma+ ground state
       0.0   88       3833.655617   1    87   0     0.0    -0.0     0.0   +    ||X1Sigma+ ground state
       0.0   89       3837.914324   1    88   0     0.0    -0.0     0.0   +    ||X1Sigma+ ground state
       0.0   90       3842.371406   1    89   0     0.0    -0.0     0.0   +    ||X1Sigma+ ground state
       0.0   91       3847.020729   1    90   0     0.0    -0.0     0.0   +    ||X1Sigma+ ground state
       0.0   92       3851.860732   1    91   0     0.0    -0.0     0.0   +    ||X1Sigma+ ground state
       0.0   93       3856.886345   1    92   0     0.0    -0.0     0.0   +    ||X1Sigma+ ground state
       0.0   94       3862.097343   1    93   0     0.0    -0.0     0.0   +    ||X1Sigma+ ground state
       0.0   95       3867.489297   1    94   0     0.0    -0.0     0.0   +    ||X1Sigma+ ground state
       0.0   96       3873.063034   1    95   0     0.0    -0.0     0.0   +    ||X1Sigma+ ground state
       0.0   97       3878.814485   1    96   0     0.0    -0.0     0.0   +    ||X1Sigma+ ground state
       0.0   98       3884.745404   1    97   0     0.0    -0.0     0.0   +    ||X1Sigma+ ground state
       0.0   99       3890.851868   1    98   0     0.0    -0.0     0.0   +    ||X1Sigma+ ground state
       0.0  100       3897.136539   1    99   0     0.0    -0.0     0.0   +    ||X1Sigma+ ground state
       0.0  101       3903.595448   1   100   0     0.0    -0.0     0.0   +    ||X1Sigma+ ground state
       0.0  102       3910.232214   1   101   0     0.0    -0.0     0.0   +    ||X1Sigma+ ground state
       0.0  103       3917.042654   1   102   0     0.0    -0.0     0.0   +    ||X1Sigma+ ground state
       0.0  104       3924.031410   1   103   0     0.0    -0.0     0.0   +    ||X1Sigma+ ground state
       0.0  105       3931.193976   1   104   0     0.0    -0.0     0.0   +    ||X1Sigma+ ground state
       0.0  106       3938.536047   1   105   0     0.0    -0.0     0.0   +    ||X1Sigma+ ground state
       0.0  107       3946.052754   1   106   0     0.0    -0.0     0.0   +    ||X1Sigma+ ground state
       0.0  108       3952.202210   1   107   0     0.0    -0.0     0.0   +    ||X1Sigma+ ground state
       0.0  109       3953.751219   1   108   0     0.0    -0.0     0.0   +    ||X1Sigma+ ground state
       0.0  110       3961.625372   1   109   0     0.0    -0.0     0.0   +    ||X1Sigma+ ground state
       0.0  111       3969.683803   1   110   0     0.0    -0.0     0.0   +    ||X1Sigma+ ground state
       0.0  112       3977.920704   1   111   0     0.0    -0.0     0.0   +    ||X1Sigma+ ground state
       0.0  113       3986.345233   1   112   0     0.0    -0.0     0.0   +    ||X1Sigma+ ground state
       0.0  114       3994.951186   1   113   0     0.0    -0.0     0.0   +    ||X1Sigma+ ground state
       0.0  115       4003.749329   1   114   0     0.0    -0.0     0.0   +    ||X1Sigma+ ground state
       0.0  116       4012.732639   1   115   0     0.0    -0.0     0.0   +    ||X1Sigma+ ground state
       0.0  117       4021.913873   1   116   0     0.0    -0.0     0.0   +    ||X1Sigma+ ground state
       0.0  118       4031.284982   1   117   0     0.0    -0.0     0.0   +    ||X1Sigma+ ground state
       0.0  119       4040.861091   1   118   0     0.0    -0.0     0.0   +    ||X1Sigma+ ground state
       0.0  120       4050.632987   1   119   0     0.0    -0.0     0.0   +    ||X1Sigma+ ground state
       0.0  121       4060.618574   1   120   0     0.0    -0.0     0.0   +    ||X1Sigma+ ground state
       0.0  122       4070.807366   1   121   0     0.0    -0.0     0.0   +    ||X1Sigma+ ground state
       0.0  123       4081.220642   1   122   0     0.0    -0.0     0.0   +    ||X1Sigma+ ground state
       0.0  124       4091.846390   1   123   0     0.0    -0.0     0.0   +    ||X1Sigma+ ground state
       0.0  125       4102.710263   1   124   0     0.0    -0.0     0.0   +    ||X1Sigma+ ground state
       0.0  126       4113.798230   1   125   0     0.0    -0.0     0.0   +    ||X1Sigma+ ground state
       0.0  127       4125.141917   1   126   0     0.0    -0.0     0.0   +    ||X1Sigma+ ground state
       0.0  128       4136.724520   1   127   0     0.0    -0.0     0.0   +    ||X1Sigma+ ground state
       0.0  129       4148.586025   1   128   0     0.0    -0.0     0.0   +    ||X1Sigma+ ground state
       0.0  130       4160.705920   1   129   0     0.0    -0.0     0.0   +    ||X1Sigma+ ground state
       0.0  131       4173.136125   1   130   0     0.0    -0.0     0.0   +    ||X1Sigma+ ground state
       0.0  132       4185.851311   1   131   0     0.0    -0.0     0.0   +    ||X1Sigma+ ground state
       0.0  133       4198.921224   1   132   0     0.0    -0.0     0.0   +    ||X1Sigma+ ground state
       0.0  134       4212.314231   1   133   0     0.0    -0.0     0.0   +    ||X1Sigma+ ground state
       0.0  135       4226.128830   1   134   0     0.0    -0.0     0.0   +    ||X1Sigma+ ground state
       0.0  136       4240.324957   1   135   0     0.0    -0.0     0.0   +    ||X1Sigma+ ground state
       0.0  137       4255.053169   1   136   0     0.0    -0.0     0.0   +    ||X1Sigma+ ground state
       0.0  138       4270.262289   1   137   0     0.0    -0.0     0.0   +    ||X1Sigma+ ground state
       0.0  139       4286.215188   1   138   0     0.0    -0.0     0.0   +    ||X1Sigma+ ground state
       0.0  140       4302.851131   1   139   0     0.0    -0.0     0.0   +    ||X1Sigma+ ground state
       0.0  141       4320.764384   1   140   0     0.0    -0.0     0.0   +    ||X1Sigma+ ground state
       0.0  142       4339.958677   1   141   0     0.0    -0.0     0.0   +    ||X1Sigma+ ground state
       0.0  143       4363.434928   1   142   0     0.0    -0.0     0.0   +    ||X1Sigma+ ground state
       0.0  144       4631.148006   1   143   0     0.0    -0.0     0.0   +    ||X1Sigma+ ground state
       0.0  145       5450.033732   1   144   0     0.0    -0.0     0.0   +    ||X1Sigma+ ground state
       0.0  146       6444.232376   1   145   0     0.0    -0.0     0.0   +    ||X1Sigma+ ground state
       0.0  147       7656.905929   1   146   0     0.0    -0.0     0.0   +    ||X1Sigma+ ground state
       0.0  148       9143.162802   1   147   0     0.0    -0.0     0.0   +    ||X1Sigma+ ground state
       0.0  149      10974.143340   1   148   0     0.0    -0.0     0.0   +    ||X1Sigma+ ground state
       0.0  150      13246.410965   1   149   0     0.0    -0.0     0.0   +    ||X1Sigma+ ground state

Zero point energy (ZPE) =          24.783342


 Memory Report:
 Active Arrays                                        size (GiB)
 GRID                    0.000016                                                
 contrfunc               0.000168                                                
 brot                    0.000168                                                
 X1Sigma+ ground state   0.000168                                                
 BROT                    0.000169                                                
 Total memory   =                                     0.00069397 GiB
 Maximal memory =                                     0.00120752 GiB (        100000.0)

 (       23 arrays contributing less than 1% are not shown)


              Timing data at 2025/04/08 17:31:06

                                            Total time (seconds)  Self time (seconds)
 Timer                               Calls  --------------------  -------------------
 -----                               -----       Real       CPU        Real       CPU

 Duo                                    1.        0.0       0.0         0.0       0.0
 Map on grid                            1.        0.0       0.0         0.0       0.0
 Solve vibrational part                 1.        0.0       0.0         0.0       0.0
 Diagonalization                        1.        0.0       0.0         0.0       0.0

 (  6 timers contributing less than 1% are not shown)

